This file contains any messages produced by compilers while
running configure, to aid debugging if configure makes a mistake.

It was created by gdbm configure 1.8.3, which was
generated by GNU Autoconf 2.54.  Invocation command line was

  $ ./configure --prefix=/home/michael_lo/845l/rootfs/lib --host=mipsel-linux --enable-shared --enable-static CC=mipsel-linux-gcc

## --------- ##
## Platform. ##
## --------- ##

hostname = Porsche
uname -m = i686
uname -r = 2.6.35-22-generic
uname -s = Linux
uname -v = #33-Ubuntu SMP Sun Sep 19 20:34:50 UTC 2010

/usr/bin/uname -p = unknown
/bin/uname -X     = unknown

/bin/arch              = unknown
/usr/bin/arch -k       = unknown
/usr/convex/getsysinfo = unknown
hostinfo               = unknown
/bin/machine           = unknown
/usr/bin/oslevel       = unknown
/bin/universe          = unknown

PATH: /opt/mipsel_gcc-4.3.3_uclibc-0.9.30.1/usr/bin
PATH: /usr/local/sbin
PATH: /usr/local/bin
PATH: /usr/sbin
PATH: /usr/bin
PATH: /sbin
PATH: /bin
PATH: /usr/games


## ----------- ##
## Core tests. ##
## ----------- ##

configure:1422: checking for mipsel-linux-gcc
configure:1448: result: mipsel-linux-gcc
configure:1728: checking for C compiler version
configure:1731: mipsel-linux-gcc --version </dev/null >&5
mipsel-linux-gcc (GCC) 4.3.3
Copyright (C) 2008 Free Software Foundation, Inc.
This is free software; see the source for copying conditions.  There is NO
warranty; not even for MERCHANTABILITY or FITNESS FOR A PARTICULAR PURPOSE.

configure:1734: $? = 0
configure:1736: mipsel-linux-gcc -v </dev/null >&5
Using built-in specs.
Target: mipsel-linux-uclibc
Configured with: /spaces/opt/buildroot/mipsel_gcc-4.3.3_uclibc-0.9.30.1.build/buildroot-2009.08/toolchain_build_mipsel/gcc-4.3.3/configure --prefix=/usr --build=i386-pc-linux-gnu --host=i386-pc-linux-gnu --target=mipsel-linux-uclibc --enable-languages=c,c++ --with-sysroot=/opt/mipsel_gcc-4.3.3_uclibc-0.9.30.1 --with-build-time-tools=/opt/mipsel_gcc-4.3.3_uclibc-0.9.30.1/usr/mipsel-linux-uclibc/bin --disable-__cxa_atexit --enable-target-optspace --with-gnu-ld --disable-libssp --disable-tls --enable-shared --with-gmp=/spaces/opt/buildroot/mipsel_gcc-4.3.3_uclibc-0.9.30.1.build/buildroot-2009.08/toolchain_build_mipsel/gmp --with-mpfr=/spaces/opt/buildroot/mipsel_gcc-4.3.3_uclibc-0.9.30.1.build/buildroot-2009.08/toolchain_build_mipsel/mpfr --disable-nls --enable-threads --disable-multilib --disable-decimal-float --with-abi=32 --with-tune=mips32
Thread model: posix
gcc version 4.3.3 (GCC) 
configure:1739: $? = 0
configure:1741: mipsel-linux-gcc -V </dev/null >&5
mipsel-linux-gcc: '-V' option must have argument
configure:1744: $? = 1
configure:1764: checking for C compiler default output
configure:1767: mipsel-linux-gcc -Os -Wall -D__UCLIBC_HAS_MMU__ -D__UCLIBC__ -Os -Wall -D__UCLIBC_HAS_MMU__ -D__UCLIBC__   conftest.c  >&5
configure:1770: $? = 0
configure:1804: result: a.out
configure:1809: checking whether the C compiler works
configure:1815: ./a.out
./configure: line 1816: ./a.out: cannot execute binary file
configure:1818: $? = 126
configure:1833: result: yes
configure:1840: checking whether we are cross compiling
configure:1842: result: yes
configure:1845: checking for suffix of executables
configure:1847: mipsel-linux-gcc -o conftest -Os -Wall -D__UCLIBC_HAS_MMU__ -D__UCLIBC__ -Os -Wall -D__UCLIBC_HAS_MMU__ -D__UCLIBC__   conftest.c  >&5
configure:1850: $? = 0
configure:1873: result: 
configure:1879: checking for suffix of object files
configure:1897: mipsel-linux-gcc -c -Os -Wall -D__UCLIBC_HAS_MMU__ -D__UCLIBC__ -Os -Wall -D__UCLIBC_HAS_MMU__ -D__UCLIBC__  conftest.c >&5
configure:1900: $? = 0
configure:1919: result: o
configure:1923: checking whether we are using the GNU C compiler
configure:1944: mipsel-linux-gcc -c -Os -Wall -D__UCLIBC_HAS_MMU__ -D__UCLIBC__ -Os -Wall -D__UCLIBC_HAS_MMU__ -D__UCLIBC__  conftest.c >&5
configure:1947: $? = 0
configure:1950: test -s conftest.o
configure:1953: $? = 0
configure:1965: result: yes
configure:1971: checking whether mipsel-linux-gcc accepts -g
configure:1989: mipsel-linux-gcc -c -g  conftest.c >&5
configure:1992: $? = 0
configure:1995: test -s conftest.o
configure:1998: $? = 0
configure:2008: result: yes
configure:2025: checking for mipsel-linux-gcc option to accept ANSI C
configure:2082: mipsel-linux-gcc  -c -Os -Wall -D__UCLIBC_HAS_MMU__ -D__UCLIBC__ -Os -Wall -D__UCLIBC_HAS_MMU__ -D__UCLIBC__  conftest.c >&5
configure:2085: $? = 0
configure:2088: test -s conftest.o
configure:2091: $? = 0
configure:2108: result: none needed
configure:2126: mipsel-linux-gcc -c -Os -Wall -D__UCLIBC_HAS_MMU__ -D__UCLIBC__ -Os -Wall -D__UCLIBC_HAS_MMU__ -D__UCLIBC__  conftest.c >&5
conftest.c:2: error: expected '=', ',', ';', 'asm' or '__attribute__' before 'me'
configure:2129: $? = 1
configure: failed program was:
#ifndef __cplusplus
  choke me
#endif
configure:2232: checking how to run the C preprocessor
configure:2258: mipsel-linux-gcc -E  conftest.c
configure:2264: $? = 0
configure:2291: mipsel-linux-gcc -E  conftest.c
configure:2287:28: error: ac_nonexistent.h: No such file or directory
configure:2297: $? = 1
configure: failed program was:
#line 2286 "configure"
#include "confdefs.h"
#include <ac_nonexistent.h>
configure:2334: result: mipsel-linux-gcc -E
configure:2349: mipsel-linux-gcc -E  conftest.c
configure:2355: $? = 0
configure:2382: mipsel-linux-gcc -E  conftest.c
configure:2378:28: error: ac_nonexistent.h: No such file or directory
configure:2388: $? = 1
configure: failed program was:
#line 2377 "configure"
#include "confdefs.h"
#include <ac_nonexistent.h>
configure:2464: checking for a BSD-compatible install
configure:2518: result: /usr/bin/install -c
configure:2601: checking build system type
configure:2619: result: i686-pc-linux-gnu
configure:2627: checking host system type
configure:2641: result: mipsel-unknown-linux-gnu
configure:2671: checking for ld used by GCC
configure:2734: result: mipsel-linux-ld
configure:2743: checking if the linker (mipsel-linux-ld) is GNU ld
GNU ld (GNU Binutils) 2.19.1
configure:2755: result: yes
configure:2760: checking for mipsel-linux-ld option to reload object files
configure:2767: result: -r
configure:2772: checking for BSD-compatible nm
configure:2808: result: /opt/mipsel_gcc-4.3.3_uclibc-0.9.30.1/usr/bin/mipsel-linux-nm -B
configure:2811: checking whether ln -s works
configure:2815: result: yes
configure:2822: checking how to recognise dependant libraries
configure:3000: result: file_magic ELF [0-9][0-9]*-bit [LM]SB (shared object|dynamic lib )
configure:3013: checking command to parse /opt/mipsel_gcc-4.3.3_uclibc-0.9.30.1/usr/bin/mipsel-linux-nm -B output
configure:3094: mipsel-linux-gcc -c -Os -Wall -D__UCLIBC_HAS_MMU__ -D__UCLIBC__ -Os -Wall -D__UCLIBC_HAS_MMU__ -D__UCLIBC__  conftest.c >&5
configure:3097: $? = 0
configure:3101: /opt/mipsel_gcc-4.3.3_uclibc-0.9.30.1/usr/bin/mipsel-linux-nm -B conftest.o \| sed -n -e 's/^.*[ 	]\([ABCDGISTW][ABCDGISTW]*\)[ 	][ 	]*\(\)\([_A-Za-z][_A-Za-z0-9]*\)$/\1 \2\3 \3/p' \> conftest.nm
configure:3104: $? = 0
configure:3156: mipsel-linux-gcc -o conftest -Os -Wall -D__UCLIBC_HAS_MMU__ -D__UCLIBC__ -Os -Wall -D__UCLIBC_HAS_MMU__ -D__UCLIBC__   conftest.c conftstm.o >&5
conftest.c:6: warning: 'main' is usually a function
configure:3159: $? = 0
configure:3203: result: ok
configure:3208: checking for egrep
configure:3218: result: grep -E
configure:3223: checking for ANSI C header files
configure:3237: mipsel-linux-gcc -E  conftest.c
configure:3243: $? = 0
configure:3352: result: yes
configure:3376: checking for sys/types.h
configure:3389: mipsel-linux-gcc -c -Os -Wall -D__UCLIBC_HAS_MMU__ -D__UCLIBC__ -Os -Wall -D__UCLIBC_HAS_MMU__ -D__UCLIBC__  conftest.c >&5
configure:3392: $? = 0
configure:3395: test -s conftest.o
configure:3398: $? = 0
configure:3408: result: yes
configure:3376: checking for sys/stat.h
configure:3389: mipsel-linux-gcc -c -Os -Wall -D__UCLIBC_HAS_MMU__ -D__UCLIBC__ -Os -Wall -D__UCLIBC_HAS_MMU__ -D__UCLIBC__  conftest.c >&5
configure:3392: $? = 0
configure:3395: test -s conftest.o
configure:3398: $? = 0
configure:3408: result: yes
configure:3376: checking for stdlib.h
configure:3389: mipsel-linux-gcc -c -Os -Wall -D__UCLIBC_HAS_MMU__ -D__UCLIBC__ -Os -Wall -D__UCLIBC_HAS_MMU__ -D__UCLIBC__  conftest.c >&5
configure:3392: $? = 0
configure:3395: test -s conftest.o
configure:3398: $? = 0
configure:3408: result: yes
configure:3376: checking for string.h
configure:3389: mipsel-linux-gcc -c -Os -Wall -D__UCLIBC_HAS_MMU__ -D__UCLIBC__ -Os -Wall -D__UCLIBC_HAS_MMU__ -D__UCLIBC__  conftest.c >&5
configure:3392: $? = 0
configure:3395: test -s conftest.o
configure:3398: $? = 0
configure:3408: result: yes
configure:3376: checking for memory.h
configure:3389: mipsel-linux-gcc -c -Os -Wall -D__UCLIBC_HAS_MMU__ -D__UCLIBC__ -Os -Wall -D__UCLIBC_HAS_MMU__ -D__UCLIBC__  conftest.c >&5
configure:3392: $? = 0
configure:3395: test -s conftest.o
configure:3398: $? = 0
configure:3408: result: yes
configure:3376: checking for strings.h
configure:3389: mipsel-linux-gcc -c -Os -Wall -D__UCLIBC_HAS_MMU__ -D__UCLIBC__ -Os -Wall -D__UCLIBC_HAS_MMU__ -D__UCLIBC__  conftest.c >&5
configure:3392: $? = 0
configure:3395: test -s conftest.o
configure:3398: $? = 0
configure:3408: result: yes
configure:3376: checking for inttypes.h
configure:3389: mipsel-linux-gcc -c -Os -Wall -D__UCLIBC_HAS_MMU__ -D__UCLIBC__ -Os -Wall -D__UCLIBC_HAS_MMU__ -D__UCLIBC__  conftest.c >&5
configure:3392: $? = 0
configure:3395: test -s conftest.o
configure:3398: $? = 0
configure:3408: result: yes
configure:3376: checking for stdint.h
configure:3389: mipsel-linux-gcc -c -Os -Wall -D__UCLIBC_HAS_MMU__ -D__UCLIBC__ -Os -Wall -D__UCLIBC_HAS_MMU__ -D__UCLIBC__  conftest.c >&5
configure:3392: $? = 0
configure:3395: test -s conftest.o
configure:3398: $? = 0
configure:3408: result: yes
configure:3376: checking for unistd.h
configure:3389: mipsel-linux-gcc -c -Os -Wall -D__UCLIBC_HAS_MMU__ -D__UCLIBC__ -Os -Wall -D__UCLIBC_HAS_MMU__ -D__UCLIBC__  conftest.c >&5
configure:3392: $? = 0
configure:3395: test -s conftest.o
configure:3398: $? = 0
configure:3408: result: yes
configure:3434: checking dlfcn.h usability
configure:3443: mipsel-linux-gcc -c -Os -Wall -D__UCLIBC_HAS_MMU__ -D__UCLIBC__ -Os -Wall -D__UCLIBC_HAS_MMU__ -D__UCLIBC__  conftest.c >&5
configure:3446: $? = 0
configure:3449: test -s conftest.o
configure:3452: $? = 0
configure:3461: result: yes
configure:3465: checking dlfcn.h presence
configure:3472: mipsel-linux-gcc -E  conftest.c
configure:3478: $? = 0
configure:3496: result: yes
configure:3514: checking for dlfcn.h
configure:3521: result: yes
configure:3542: checking for mipsel-linux-file
configure:3600: result: no
configure:3606: checking for file
configure:3661: result: /usr/bin/file
configure:3680: checking for mipsel-linux-ranlib
configure:3706: result: mipsel-linux-ranlib
configure:3760: checking for mipsel-linux-strip
configure:3786: result: mipsel-linux-strip
configure:4032: checking for objdir
configure:4043: result: .libs
configure:4064: checking for mipsel-linux-gcc option to produce PIC
configure:4214: result: -fPIC
configure:4218: checking if mipsel-linux-gcc PIC flag -fPIC works
configure:4238: mipsel-linux-gcc -c -Os -Wall -D__UCLIBC_HAS_MMU__ -D__UCLIBC__ -Os -Wall -D__UCLIBC_HAS_MMU__ -D__UCLIBC__ -fPIC -DPIC  conftest.c >&5
configure:4241: $? = 0
configure:4244: test -s conftest.o
configure:4247: $? = 0
configure:4284: result: yes
configure:4304: checking if mipsel-linux-gcc static flag -static works
configure:4325: mipsel-linux-gcc -o conftest -Os -Wall -D__UCLIBC_HAS_MMU__ -D__UCLIBC__ -Os -Wall -D__UCLIBC_HAS_MMU__ -D__UCLIBC__   -static conftest.c  >&5
configure:4328: $? = 0
configure:4331: test -s conftest
configure:4334: $? = 0
configure:4349: result: yes
configure:4365: checking if mipsel-linux-gcc supports -c -o file.o
configure:4385: mipsel-linux-gcc -c -Os -Wall -D__UCLIBC_HAS_MMU__ -D__UCLIBC__ -Os -Wall -D__UCLIBC_HAS_MMU__ -D__UCLIBC__ -o out/conftest2.o  conftest.c >&5
configure:4409: result: yes
configure:4414: checking if mipsel-linux-gcc supports -c -o file.lo
configure:4438: mipsel-linux-gcc -c -Os -Wall -D__UCLIBC_HAS_MMU__ -D__UCLIBC__ -Os -Wall -D__UCLIBC_HAS_MMU__ -D__UCLIBC__ -c -o conftest.lo  conftest.c >&5
configure: In function 'main':
configure:4430: warning: unused variable 'some_variable'
configure:4441: $? = 0
configure:4444: test -s conftest.lo
configure:4447: $? = 0
configure:4468: result: yes
configure:4507: checking if mipsel-linux-gcc supports -fno-rtti -fno-exceptions
configure:4526: mipsel-linux-gcc -c -Os -Wall -D__UCLIBC_HAS_MMU__ -D__UCLIBC__ -Os -Wall -D__UCLIBC_HAS_MMU__ -D__UCLIBC__ -fno-rtti -fno-exceptions -c conftest.c  conftest.c >&5
cc1: warning: command line option "-fno-rtti" is valid for C++/ObjC++ but not for C
configure: In function 'main':
configure:4518: warning: unused variable 'some_variable'
cc1: warning: command line option "-fno-rtti" is valid for C++/ObjC++ but not for C
configure: In function 'main':
configure:4518: warning: unused variable 'some_variable'
configure:4529: $? = 0
configure:4532: test -s conftest.o
configure:4535: $? = 0
configure:4551: result: yes
configure:4566: checking whether the linker (mipsel-linux-ld) supports shared libraries
configure:5246: result: yes
configure:5255: checking how to hardcode library paths into programs
configure:5279: result: immediate
configure:5288: checking whether stripping libraries is possible
configure:5293: result: yes
configure:5308: checking dynamic linker characteristics
configure:5701: result: GNU/Linux ld.so
configure:5710: checking if libtool supports shared libraries
configure:5712: result: yes
configure:5719: checking whether to build shared libraries
configure:5740: result: yes
configure:5747: checking whether to build static libraries
configure:5751: result: yes
configure:6381: checking whether -lc should be explicitly linked in
configure:6389: mipsel-linux-gcc -c -Os -Wall -D__UCLIBC_HAS_MMU__ -D__UCLIBC__ -Os -Wall -D__UCLIBC_HAS_MMU__ -D__UCLIBC__  conftest.c >&5
conftest.c:1: warning: 'dummy' defined but not used
configure:6392: $? = 0
configure:6406: mipsel-linux-gcc -shared conftest.o  -v -Wl,-soname -Wl,conftest -o conftest 2\>\&1 \| grep  -lc  \>/dev/null 2\>\&1
configure:6409: $? = 0
configure:6422: result: no
configure:6998: checking for an ANSI C-conforming const
configure:7062: mipsel-linux-gcc -c -Os -Wall -D__UCLIBC_HAS_MMU__ -D__UCLIBC__ -Os -Wall -D__UCLIBC_HAS_MMU__ -D__UCLIBC__  conftest.c >&5
configure: In function 'main':
configure:7031: warning: unused variable 's'
configure:7051: warning: unused variable 'foo'
configure:7018: warning: unused variable 'zero'
configure:7012: warning: unused variable 'x'
configure:7033: warning: 't' is used uninitialized in this function
configure:7048: warning: 'b' is used uninitialized in this function
configure:7065: $? = 0
configure:7068: test -s conftest.o
configure:7071: $? = 0
configure:7081: result: yes
configure:7102: checking for stdlib.h
configure:7107: result: yes
configure:7102: checking for string.h
configure:7107: result: yes
configure:7111: checking sys/file.h usability
configure:7120: mipsel-linux-gcc -c -Os -Wall -D__UCLIBC_HAS_MMU__ -D__UCLIBC__ -Os -Wall -D__UCLIBC_HAS_MMU__ -D__UCLIBC__  conftest.c >&5
configure:7123: $? = 0
configure:7126: test -s conftest.o
configure:7129: $? = 0
configure:7138: result: yes
configure:7142: checking sys/file.h presence
configure:7149: mipsel-linux-gcc -E  conftest.c
configure:7155: $? = 0
configure:7173: result: yes
configure:7191: checking for sys/file.h
configure:7198: result: yes
configure:7102: checking for unistd.h
configure:7107: result: yes
configure:7111: checking fcntl.h usability
configure:7120: mipsel-linux-gcc -c -Os -Wall -D__UCLIBC_HAS_MMU__ -D__UCLIBC__ -Os -Wall -D__UCLIBC_HAS_MMU__ -D__UCLIBC__  conftest.c >&5
configure:7123: $? = 0
configure:7126: test -s conftest.o
configure:7129: $? = 0
configure:7138: result: yes
configure:7142: checking fcntl.h presence
configure:7149: mipsel-linux-gcc -E  conftest.c
configure:7155: $? = 0
configure:7173: result: yes
configure:7191: checking for fcntl.h
configure:7198: result: yes
configure:7102: checking for sys/types.h
configure:7107: result: yes
configure:7111: checking memory.y usability
configure:7120: mipsel-linux-gcc -c -Os -Wall -D__UCLIBC_HAS_MMU__ -D__UCLIBC__ -Os -Wall -D__UCLIBC_HAS_MMU__ -D__UCLIBC__  conftest.c >&5
configure:7148:20: error: memory.y: No such file or directory
configure:7123: $? = 1
configure: failed program was:
#line 7113 "configure"
#include "confdefs.h"
#include <stdio.h>
#if HAVE_SYS_TYPES_H
# include <sys/types.h>
#endif
#if HAVE_SYS_STAT_H
# include <sys/stat.h>
#endif
#if STDC_HEADERS
# include <stdlib.h>
# include <stddef.h>
#else
# if HAVE_STDLIB_H
#  include <stdlib.h>
# endif
#endif
#if HAVE_STRING_H
# if !STDC_HEADERS && HAVE_MEMORY_H
#  include <memory.h>
# endif
# include <string.h>
#endif
#if HAVE_STRINGS_H
# include <strings.h>
#endif
#if HAVE_INTTYPES_H
# include <inttypes.h>
#else
# if HAVE_STDINT_H
#  include <stdint.h>
# endif
#endif
#if HAVE_UNISTD_H
# include <unistd.h>
#endif
#include <memory.y>
configure:7138: result: no
configure:7142: checking memory.y presence
configure:7149: mipsel-linux-gcc -E  conftest.c
configure:7145:20: error: memory.y: No such file or directory
configure:7155: $? = 1
configure: failed program was:
#line 7144 "configure"
#include "confdefs.h"
#include <memory.y>
configure:7173: result: no
configure:7191: checking for memory.y
configure:7198: result: no
configure:7212: checking for main in -ldbm
configure:7233: mipsel-linux-gcc -o conftest -Os -Wall -D__UCLIBC_HAS_MMU__ -D__UCLIBC__ -Os -Wall -D__UCLIBC_HAS_MMU__ -D__UCLIBC__   conftest.c -ldbm   >&5
/spaces/opt/mipsel_gcc-4.3.3_uclibc-0.9.30.1/usr/bin/../lib/gcc/mipsel-linux-uclibc/4.3.3/../../../../mipsel-linux-uclibc/bin/ld: cannot find -ldbm
collect2: ld returned 1 exit status
configure:7236: $? = 1
configure: failed program was:
#line 7219 "configure"
#include "confdefs.h"


int
main ()
{
main ();
  ;
  return 0;
}
configure:7253: result: no
configure:7265: checking for main in -lndbm
configure:7286: mipsel-linux-gcc -o conftest -Os -Wall -D__UCLIBC_HAS_MMU__ -D__UCLIBC__ -Os -Wall -D__UCLIBC_HAS_MMU__ -D__UCLIBC__   conftest.c -lndbm   >&5
/spaces/opt/mipsel_gcc-4.3.3_uclibc-0.9.30.1/usr/bin/../lib/gcc/mipsel-linux-uclibc/4.3.3/../../../../mipsel-linux-uclibc/bin/ld: cannot find -lndbm
collect2: ld returned 1 exit status
configure:7289: $? = 1
configure: failed program was:
#line 7272 "configure"
#include "confdefs.h"


int
main ()
{
main ();
  ;
  return 0;
}
configure:7306: result: no
configure:7325: checking for rename
configure:7362: mipsel-linux-gcc -o conftest -Os -Wall -D__UCLIBC_HAS_MMU__ -D__UCLIBC__ -Os -Wall -D__UCLIBC_HAS_MMU__ -D__UCLIBC__   conftest.c  >&5
configure:7365: $? = 0
configure:7368: test -s conftest
configure:7371: $? = 0
configure:7381: result: yes
configure:7325: checking for ftruncate
configure:7362: mipsel-linux-gcc -o conftest -Os -Wall -D__UCLIBC_HAS_MMU__ -D__UCLIBC__ -Os -Wall -D__UCLIBC_HAS_MMU__ -D__UCLIBC__   conftest.c  >&5
configure:7365: $? = 0
configure:7368: test -s conftest
configure:7371: $? = 0
configure:7381: result: yes
configure:7325: checking for flock
configure:7362: mipsel-linux-gcc -o conftest -Os -Wall -D__UCLIBC_HAS_MMU__ -D__UCLIBC__ -Os -Wall -D__UCLIBC_HAS_MMU__ -D__UCLIBC__   conftest.c  >&5
configure:7365: $? = 0
configure:7368: test -s conftest
configure:7371: $? = 0
configure:7381: result: yes
configure:7325: checking for bcopy
configure:7362: mipsel-linux-gcc -o conftest -Os -Wall -D__UCLIBC_HAS_MMU__ -D__UCLIBC__ -Os -Wall -D__UCLIBC_HAS_MMU__ -D__UCLIBC__   conftest.c  >&5
configure:7340: warning: conflicting types for built-in function 'bcopy'
configure:7365: $? = 0
configure:7368: test -s conftest
configure:7371: $? = 0
configure:7381: result: yes
configure:7325: checking for fsync
configure:7362: mipsel-linux-gcc -o conftest -Os -Wall -D__UCLIBC_HAS_MMU__ -D__UCLIBC__ -Os -Wall -D__UCLIBC_HAS_MMU__ -D__UCLIBC__   conftest.c  >&5
configure:7365: $? = 0
configure:7368: test -s conftest
configure:7371: $? = 0
configure:7381: result: yes
configure:7395: checking for getopt
configure:7432: mipsel-linux-gcc -o conftest -Os -Wall -D__UCLIBC_HAS_MMU__ -D__UCLIBC__ -Os -Wall -D__UCLIBC_HAS_MMU__ -D__UCLIBC__   conftest.c  >&5
configure:7435: $? = 0
configure:7438: test -s conftest
configure:7441: $? = 0
configure:7451: result: yes
configure:7464: checking for off_t
configure:7485: mipsel-linux-gcc -c -Os -Wall -D__UCLIBC_HAS_MMU__ -D__UCLIBC__ -Os -Wall -D__UCLIBC_HAS_MMU__ -D__UCLIBC__  conftest.c >&5
configure:7488: $? = 0
configure:7491: test -s conftest.o
configure:7494: $? = 0
configure:7504: result: yes
configure:7516: checking for struct stat.st_blksize
configure:7536: mipsel-linux-gcc -c -Os -Wall -D__UCLIBC_HAS_MMU__ -D__UCLIBC__ -Os -Wall -D__UCLIBC_HAS_MMU__ -D__UCLIBC__  conftest.c >&5
configure:7539: $? = 0
configure:7542: test -s conftest.o
configure:7545: $? = 0
configure:7587: result: yes
configure:7695: creating ./config.status

## ---------------------- ##
## Running config.status. ##
## ---------------------- ##

This file was extended by gdbm config.status 1.8.3, which was
generated by GNU Autoconf 2.54.  Invocation command line was

  CONFIG_FILES    = 
  CONFIG_HEADERS  = 
  CONFIG_LINKS    = 
  CONFIG_COMMANDS = 
  $ ./config.status 

on Porsche

config.status:607: creating Makefile
config.status:711: creating autoconf.h
config.status:840: autoconf.h is unchanged

## ---------------- ##
## Cache variables. ##
## ---------------- ##

ac_cv_build=i686-pc-linux-gnu
ac_cv_build_alias=i686-pc-linux-gnu
ac_cv_c_compiler_gnu=yes
ac_cv_c_const=yes
ac_cv_env_CC_set=set
ac_cv_env_CC_value=mipsel-linux-gcc
ac_cv_env_CFLAGS_set=set
ac_cv_env_CFLAGS_value='-Os -Wall -D__UCLIBC_HAS_MMU__ -D__UCLIBC__ -Os -Wall -D__UCLIBC_HAS_MMU__ -D__UCLIBC__'
ac_cv_env_CPPFLAGS_set=
ac_cv_env_CPPFLAGS_value=
ac_cv_env_CPP_set=
ac_cv_env_CPP_value=
ac_cv_env_LDFLAGS_set=set
ac_cv_env_LDFLAGS_value=
ac_cv_env_build_alias_set=
ac_cv_env_build_alias_value=
ac_cv_env_host_alias_set=set
ac_cv_env_host_alias_value=mipsel-linux
ac_cv_env_target_alias_set=
ac_cv_env_target_alias_value=
ac_cv_exeext=
ac_cv_func_bcopy=yes
ac_cv_func_flock=yes
ac_cv_func_fsync=yes
ac_cv_func_ftruncate=yes
ac_cv_func_getopt=yes
ac_cv_func_rename=yes
ac_cv_header_dlfcn_h=yes
ac_cv_header_fcntl_h=yes
ac_cv_header_inttypes_h=yes
ac_cv_header_memory_h=yes
ac_cv_header_memory_y=no
ac_cv_header_stdc=yes
ac_cv_header_stdint_h=yes
ac_cv_header_stdlib_h=yes
ac_cv_header_string_h=yes
ac_cv_header_strings_h=yes
ac_cv_header_sys_file_h=yes
ac_cv_header_sys_stat_h=yes
ac_cv_header_sys_types_h=yes
ac_cv_header_unistd_h=yes
ac_cv_host=mipsel-unknown-linux-gnu
ac_cv_host_alias=mipsel-linux
ac_cv_lib_dbm_main=no
ac_cv_lib_ndbm_main=no
ac_cv_member_struct_stat_st_blksize=yes
ac_cv_objext=o
ac_cv_path_install='/usr/bin/install -c'
ac_cv_prog_CC=mipsel-linux-gcc
ac_cv_prog_CPP='mipsel-linux-gcc -E'
ac_cv_prog_RANLIB=mipsel-linux-ranlib
ac_cv_prog_STRIP=mipsel-linux-strip
ac_cv_prog_cc_g=yes
ac_cv_prog_cc_stdc=
ac_cv_prog_egrep='grep -E'
ac_cv_type_off_t=yes
lt_cv_archive_cmds_need_lc=no
lt_cv_compiler_c_o=yes
lt_cv_compiler_o_lo=yes
lt_cv_deplibs_check_method='file_magic ELF [0-9][0-9]*-bit [LM]SB (shared object|dynamic lib )'
lt_cv_file_magic_cmd='$MAGIC_CMD'
lt_cv_file_magic_test_file='/lib/libc.so.6 /lib/libc-2.12.1.so'
lt_cv_global_symbol_to_c_name_address='sed -n -e '\''s/^: \([^ ]*\) $/  {\"\1\", (lt_ptr) 0},/p'\'' -e '\''s/^[BCDEGRST] \([^ ]*\) \([^ ]*\)$/  {"\2", (lt_ptr) \&\2},/p'\'''
lt_cv_global_symbol_to_cdecl='sed -n -e '\''s/^. .* \(.*\)$/extern char \1;/p'\'''
lt_cv_ld_reload_flag=-r
lt_cv_path_LD=mipsel-linux-ld
lt_cv_path_MAGIC_CMD=/usr/bin/file
lt_cv_path_NM='/opt/mipsel_gcc-4.3.3_uclibc-0.9.30.1/usr/bin/mipsel-linux-nm -B'
lt_cv_prog_cc_can_build_shared=yes
lt_cv_prog_cc_no_builtin=
lt_cv_prog_cc_pic=' -fPIC'
lt_cv_prog_cc_pic_works=yes
lt_cv_prog_cc_shlib=
lt_cv_prog_cc_static=-static
lt_cv_prog_cc_static_works=yes
lt_cv_prog_cc_wl=-Wl,
lt_cv_prog_gnu_ld=yes
lt_cv_sys_global_symbol_pipe='sed -n -e '\''s/^.*[ 	]\([ABCDGISTW][ABCDGISTW]*\)[ 	][ 	]*\(\)\([_A-Za-z][_A-Za-z0-9]*\)$/\1 \2\3 \3/p'\'''

## ----------------- ##
## Output variables. ##
## ----------------- ##

CC='mipsel-linux-gcc'
CFLAGS='-Os -Wall -D__UCLIBC_HAS_MMU__ -D__UCLIBC__ -Os -Wall -D__UCLIBC_HAS_MMU__ -D__UCLIBC__'
CPP='mipsel-linux-gcc -E'
CPPFLAGS=''
DEFS='-DHAVE_CONFIG_H'
ECHO='echo'
ECHO_C=''
ECHO_N='-n'
ECHO_T=''
EGREP='grep -E'
EXEEXT=''
INSTALL_DATA='${INSTALL} -m 644'
INSTALL_PROGRAM='${INSTALL}'
INSTALL_SCRIPT='${INSTALL}'
LDFLAGS=''
LIBOBJS=''
LIBS=''
LIBTOOL='$(SHELL) $(top_builddir)/libtool'
LN_S='ln -s'
LTLIBOBJS=''
OBJEXT='o'
PACKAGE_BUGREPORT=''
PACKAGE_NAME='gdbm'
PACKAGE_STRING='gdbm 1.8.3'
PACKAGE_TARNAME='gdbm'
PACKAGE_VERSION='1.8.3'
PATH_SEPARATOR=':'
RANLIB='mipsel-linux-ranlib'
SHELL='/bin/sh'
STRIP='mipsel-linux-strip'
ac_ct_CC=''
ac_ct_RANLIB=''
ac_ct_STRIP=''
bindir='${exec_prefix}/bin'
build='i686-pc-linux-gnu'
build_alias=''
build_cpu='i686'
build_os='linux-gnu'
build_vendor='pc'
datadir='${prefix}/share'
exec_prefix='${prefix}'
host='mipsel-unknown-linux-gnu'
host_alias='mipsel-linux'
host_cpu='mipsel'
host_os='linux-gnu'
host_vendor='unknown'
includedir='${prefix}/include'
infodir='${prefix}/info'
libdir='${exec_prefix}/lib'
libexecdir='${exec_prefix}/libexec'
localstatedir='${prefix}/var'
mandir='${prefix}/man'
oldincludedir='/usr/include'
prefix='/home/michael_lo/845l/rootfs/lib'
program_transform_name='s,x,x,'
sbindir='${exec_prefix}/sbin'
sharedstatedir='${prefix}/com'
sysconfdir='${prefix}/etc'
target_alias=''

## ----------- ##
## confdefs.h. ##
## ----------- ##

#define HAVE_BCOPY 1
#define HAVE_DLFCN_H 1
#define HAVE_FCNTL_H 1
#define HAVE_FLOCK 1
#define HAVE_FSYNC 1
#define HAVE_FTRUNCATE 1
#define HAVE_GETOPT 1
#define HAVE_INTTYPES_H 1
#define HAVE_MEMORY_H 1
#define HAVE_RENAME 1
#define HAVE_STDINT_H 1
#define HAVE_STDLIB_H 1
#define HAVE_STDLIB_H 1
#define HAVE_STRINGS_H 1
#define HAVE_STRING_H 1
#define HAVE_STRING_H 1
#define HAVE_STRUCT_STAT_ST_BLKSIZE 1
#define HAVE_SYS_FILE_H 1
#define HAVE_SYS_STAT_H 1
#define HAVE_SYS_TYPES_H 1
#define HAVE_SYS_TYPES_H 1
#define HAVE_UNISTD_H 1
#define HAVE_UNISTD_H 1
#define PACKAGE_BUGREPORT ""
#define PACKAGE_NAME "gdbm"
#define PACKAGE_STRING "gdbm 1.8.3"
#define PACKAGE_TARNAME "gdbm"
#define PACKAGE_VERSION "1.8.3"
#define STDC_HEADERS 1

configure: exit 0
