This file contains any messages produced by compilers while
running configure, to aid debugging if configure makes a mistake.

It was created by dlib configure 1.0, which was
generated by GNU Autoconf 2.61.  Invocation command line was

  $ ./configure 

## --------- ##
## Platform. ##
## --------- ##

hostname = F230
uname -m = i686
uname -r = 2.6.21-2-686
uname -s = Linux
uname -v = #1 SMP Fri Jul 13 15:05:54 UTC 2007

/usr/bin/uname -p = unknown
/bin/uname -X     = unknown

/bin/arch              = i686
/usr/bin/arch -k       = unknown
/usr/convex/getsysinfo = unknown
/usr/bin/hostinfo      = unknown
/bin/machine           = unknown
/usr/bin/oslevel       = unknown
/bin/universe          = unknown

PATH: /opt/mips-ap83-gcc-3.4.4-2.16.1/bin
PATH: /opt/mips-ap83-gcc-3.4.4-2.16.1/bin
PATH: /usr/local/bin
PATH: /usr/bin
PATH: /bin
PATH: /usr/games


## ----------- ##
## Core tests. ##
## ----------- ##

configure:1752: checking for gcc
configure:1768: found /usr/bin/gcc
configure:1779: result: gcc
configure:2017: checking for C compiler version
configure:2024: gcc --version >&5
gcc (Debian 4.3.2-1.1) 4.3.2
Copyright (C) 2008 Free Software Foundation, Inc.
This is free software; see the source for copying conditions.  There is NO
warranty; not even for MERCHANTABILITY or FITNESS FOR A PARTICULAR PURPOSE.

configure:2027: $? = 0
configure:2034: gcc -v >&5
Using built-in specs.
Target: i486-linux-gnu
Configured with: ../src/configure -v --with-pkgversion='Debian 4.3.2-1.1' --with-bugurl=file:///usr/share/doc/gcc-4.3/README.Bugs --enable-languages=c,c++,fortran,objc,obj-c++ --prefix=/usr --enable-shared --with-system-zlib --libexecdir=/usr/lib --without-included-gettext --enable-threads=posix --enable-nls --with-gxx-include-dir=/usr/include/c++/4.3 --program-suffix=-4.3 --enable-clocale=gnu --enable-libstdcxx-debug --enable-objc-gc --enable-mpfr --enable-targets=all --enable-cld --enable-checking=release --build=i486-linux-gnu --host=i486-linux-gnu --target=i486-linux-gnu
Thread model: posix
gcc version 4.3.2 (Debian 4.3.2-1.1) 
configure:2037: $? = 0
configure:2044: gcc -V >&5
gcc: '-V' option must have argument
configure:2047: $? = 1
configure:2070: checking for C compiler default output file name
configure:2097: gcc    conftest.c  >&5
configure:2100: $? = 0
configure:2138: result: a.out
configure:2155: checking whether the C compiler works
configure:2165: ./a.out
configure:2168: $? = 0
configure:2185: result: yes
configure:2192: checking whether we are cross compiling
configure:2194: result: no
configure:2197: checking for suffix of executables
configure:2204: gcc -o conftest    conftest.c  >&5
configure:2207: $? = 0
configure:2231: result: 
configure:2237: checking for suffix of object files
configure:2263: gcc -c   conftest.c >&5
configure:2266: $? = 0
configure:2289: result: o
configure:2293: checking whether we are using the GNU C compiler
configure:2322: gcc -c   conftest.c >&5
configure:2328: $? = 0
configure:2345: result: yes
configure:2350: checking whether gcc accepts -g
configure:2380: gcc -c -g  conftest.c >&5
configure:2386: $? = 0
configure:2485: result: yes
configure:2502: checking for gcc option to accept ISO C89
configure:2576: gcc  -c -g -O2  conftest.c >&5
configure:2582: $? = 0
configure:2605: result: none needed
configure:2623: checking whether make sets $(MAKE)
configure:2644: result: yes
configure:2668: checking for special C compiler options needed for large files
configure:2761: result: no
configure:2767: checking for _FILE_OFFSET_BITS value needed for large files
configure:2802: gcc -c -g -O2  conftest.c >&5
conftest.c:14: warning: left shift count >= width of type
conftest.c:14: warning: left shift count >= width of type
conftest.c:16: error: size of array 'off_t_is_large' is negative
configure:2808: $? = 1
configure: failed program was:
| /* confdefs.h.  */
| #define PACKAGE_NAME "dlib"
| #define PACKAGE_TARNAME "dlib"
| #define PACKAGE_VERSION "1.0"
| #define PACKAGE_STRING "dlib 1.0"
| #define PACKAGE_BUGREPORT "<deanjones@cleancode.org>"
| /* end confdefs.h.  */
| #include <sys/types.h>
|  /* Check that off_t can represent 2**63 - 1 correctly.
|     We can't simply define LARGE_OFF_T to be 9223372036854775807,
|     since some C++ compilers masquerading as C compilers
|     incorrectly reject 9223372036854775807.  */
| #define LARGE_OFF_T (((off_t) 1 << 62) - 1 + ((off_t) 1 << 62))
|   int off_t_is_large[(LARGE_OFF_T % 2147483629 == 721
| 		       && LARGE_OFF_T % 2147483647 == 1)
| 		      ? 1 : -1];
| int
| main ()
| {
| 
|   ;
|   return 0;
| }
configure:2852: gcc -c -g -O2  conftest.c >&5
configure:2858: $? = 0
configure:2876: result: 64
configure:3018: checking for socket in -lsocket
configure:3053: gcc -o conftest -g -O2 -Wall -W   conftest.c -lsocket   >&5
/usr/bin/ld: cannot find -lsocket
collect2: ld returned 1 exit status
configure:3059: $? = 1
configure: failed program was:
| /* confdefs.h.  */
| #define PACKAGE_NAME "dlib"
| #define PACKAGE_TARNAME "dlib"
| #define PACKAGE_VERSION "1.0"
| #define PACKAGE_STRING "dlib 1.0"
| #define PACKAGE_BUGREPORT "<deanjones@cleancode.org>"
| #define _FILE_OFFSET_BITS 64
| /* end confdefs.h.  */
| 
| /* Override any GCC internal prototype to avoid an error.
|    Use char because int might match the return type of a GCC
|    builtin and then its argument prototype would still apply.  */
| #ifdef __cplusplus
| extern "C"
| #endif
| char socket ();
| int
| main ()
| {
| return socket ();
|   ;
|   return 0;
| }
configure:3077: result: no
configure:3089: checking for sqrt in -lm
configure:3124: gcc -o conftest -g -O2 -Wall -W   conftest.c -lm   >&5
conftest.c:16: warning: conflicting types for built-in function 'sqrt'
configure:3130: $? = 0
configure:3148: result: yes
configure:3160: checking for gethostbyname in -lnsl
configure:3195: gcc -o conftest -g -O2 -Wall -W   conftest.c -lnsl  -lm  >&5
configure:3201: $? = 0
configure:3219: result: yes
configure:3232: checking for SSL_library_init in -lssl
configure:3267: gcc -o conftest -g -O2 -Wall -W   conftest.c -lssl  -lnsl -lm  >&5
configure:3273: $? = 0
configure:3291: result: yes
configure:3303: checking for X509_free in -lcrypto
configure:3338: gcc -o conftest -g -O2 -Wall -W   conftest.c -lcrypto  -lssl -lnsl -lm  >&5
configure:3344: $? = 0
configure:3362: result: yes
configure:3374: checking for RAND_seed in -lcrypto
configure:3409: gcc -o conftest -g -O2 -Wall -W   conftest.c -lcrypto  -lcrypto -lssl -lnsl -lm  >&5
configure:3415: $? = 0
configure:3433: result: yes
configure:3454: checking how to run the C preprocessor
configure:3494: gcc -E  conftest.c
configure:3500: $? = 0
configure:3531: gcc -E  conftest.c
conftest.c:14:28: error: ac_nonexistent.h: No such file or directory
configure:3537: $? = 1
configure: failed program was:
| /* confdefs.h.  */
| #define PACKAGE_NAME "dlib"
| #define PACKAGE_TARNAME "dlib"
| #define PACKAGE_VERSION "1.0"
| #define PACKAGE_STRING "dlib 1.0"
| #define PACKAGE_BUGREPORT "<deanjones@cleancode.org>"
| #define _FILE_OFFSET_BITS 64
| #define HAVE_LIBM 1
| #define HAVE_LIBNSL 1
| #define HAVE_LIBSSL 1
| #define HAVE_LIBCRYPTO 1
| #define HAVE_LIBCRYPTO 1
| /* end confdefs.h.  */
| #include <ac_nonexistent.h>
configure:3570: result: gcc -E
configure:3599: gcc -E  conftest.c
configure:3605: $? = 0
configure:3636: gcc -E  conftest.c
conftest.c:14:28: error: ac_nonexistent.h: No such file or directory
configure:3642: $? = 1
configure: failed program was:
| /* confdefs.h.  */
| #define PACKAGE_NAME "dlib"
| #define PACKAGE_TARNAME "dlib"
| #define PACKAGE_VERSION "1.0"
| #define PACKAGE_STRING "dlib 1.0"
| #define PACKAGE_BUGREPORT "<deanjones@cleancode.org>"
| #define _FILE_OFFSET_BITS 64
| #define HAVE_LIBM 1
| #define HAVE_LIBNSL 1
| #define HAVE_LIBSSL 1
| #define HAVE_LIBCRYPTO 1
| #define HAVE_LIBCRYPTO 1
| /* end confdefs.h.  */
| #include <ac_nonexistent.h>
configure:3680: checking for grep that handles long lines and -e
configure:3754: result: /bin/grep
configure:3759: checking for egrep
configure:3837: result: /bin/grep -E
configure:3842: checking for ANSI C header files
configure:3872: gcc -c -g -O2 -Wall -W  conftest.c >&5
configure:3878: $? = 0
configure:3977: gcc -o conftest -g -O2 -Wall -W   conftest.c -lcrypto -lcrypto -lssl -lnsl -lm  >&5
configure:3980: $? = 0
configure:3986: ./conftest
configure:3989: $? = 0
configure:4006: result: yes
configure:4016: checking for sys/wait.h that is POSIX.1 compatible
configure:4052: gcc -c -g -O2 -Wall -W  conftest.c >&5
configure:4058: $? = 0
configure:4073: result: yes
configure:4097: checking for sys/types.h
configure:4118: gcc -c -g -O2 -Wall -W  conftest.c >&5
configure:4124: $? = 0
configure:4140: result: yes
configure:4097: checking for sys/stat.h
configure:4118: gcc -c -g -O2 -Wall -W  conftest.c >&5
configure:4124: $? = 0
configure:4140: result: yes
configure:4097: checking for stdlib.h
configure:4118: gcc -c -g -O2 -Wall -W  conftest.c >&5
configure:4124: $? = 0
configure:4140: result: yes
configure:4097: checking for string.h
configure:4118: gcc -c -g -O2 -Wall -W  conftest.c >&5
configure:4124: $? = 0
configure:4140: result: yes
configure:4097: checking for memory.h
configure:4118: gcc -c -g -O2 -Wall -W  conftest.c >&5
configure:4124: $? = 0
configure:4140: result: yes
configure:4097: checking for strings.h
configure:4118: gcc -c -g -O2 -Wall -W  conftest.c >&5
configure:4124: $? = 0
configure:4140: result: yes
configure:4097: checking for inttypes.h
configure:4118: gcc -c -g -O2 -Wall -W  conftest.c >&5
configure:4124: $? = 0
configure:4140: result: yes
configure:4097: checking for stdint.h
configure:4118: gcc -c -g -O2 -Wall -W  conftest.c >&5
configure:4124: $? = 0
configure:4140: result: yes
configure:4097: checking for unistd.h
configure:4118: gcc -c -g -O2 -Wall -W  conftest.c >&5
configure:4124: $? = 0
configure:4140: result: yes
configure:4179: checking arpa/inet.h usability
configure:4196: gcc -c -g -O2 -Wall -W  conftest.c >&5
configure:4202: $? = 0
configure:4216: result: yes
configure:4220: checking arpa/inet.h presence
configure:4235: gcc -E  conftest.c
configure:4241: $? = 0
configure:4255: result: yes
configure:4288: checking for arpa/inet.h
configure:4296: result: yes
configure:4179: checking fcntl.h usability
configure:4196: gcc -c -g -O2 -Wall -W  conftest.c >&5
configure:4202: $? = 0
configure:4216: result: yes
configure:4220: checking fcntl.h presence
configure:4235: gcc -E  conftest.c
configure:4241: $? = 0
configure:4255: result: yes
configure:4288: checking for fcntl.h
configure:4296: result: yes
configure:4179: checking libintl.h usability
configure:4196: gcc -c -g -O2 -Wall -W  conftest.c >&5
configure:4202: $? = 0
configure:4216: result: yes
configure:4220: checking libintl.h presence
configure:4235: gcc -E  conftest.c
configure:4241: $? = 0
configure:4255: result: yes
configure:4288: checking for libintl.h
configure:4296: result: yes
configure:4179: checking netdb.h usability
configure:4196: gcc -c -g -O2 -Wall -W  conftest.c >&5
configure:4202: $? = 0
configure:4216: result: yes
configure:4220: checking netdb.h presence
configure:4235: gcc -E  conftest.c
configure:4241: $? = 0
configure:4255: result: yes
configure:4288: checking for netdb.h
configure:4296: result: yes
configure:4179: checking netinet/in.h usability
configure:4196: gcc -c -g -O2 -Wall -W  conftest.c >&5
configure:4202: $? = 0
configure:4216: result: yes
configure:4220: checking netinet/in.h presence
configure:4235: gcc -E  conftest.c
configure:4241: $? = 0
configure:4255: result: yes
configure:4288: checking for netinet/in.h
configure:4296: result: yes
configure:4169: checking for stdlib.h
configure:4175: result: yes
configure:4169: checking for string.h
configure:4175: result: yes
configure:4169: checking for strings.h
configure:4175: result: yes
configure:4179: checking sys/ioctl.h usability
configure:4196: gcc -c -g -O2 -Wall -W  conftest.c >&5
configure:4202: $? = 0
configure:4216: result: yes
configure:4220: checking sys/ioctl.h presence
configure:4235: gcc -E  conftest.c
configure:4241: $? = 0
configure:4255: result: yes
configure:4288: checking for sys/ioctl.h
configure:4296: result: yes
configure:4179: checking sys/socket.h usability
configure:4196: gcc -c -g -O2 -Wall -W  conftest.c >&5
configure:4202: $? = 0
configure:4216: result: yes
configure:4220: checking sys/socket.h presence
configure:4235: gcc -E  conftest.c
configure:4241: $? = 0
configure:4255: result: yes
configure:4288: checking for sys/socket.h
configure:4296: result: yes
configure:4179: checking sys/time.h usability
configure:4196: gcc -c -g -O2 -Wall -W  conftest.c >&5
configure:4202: $? = 0
configure:4216: result: yes
configure:4220: checking sys/time.h presence
configure:4235: gcc -E  conftest.c
configure:4241: $? = 0
configure:4255: result: yes
configure:4288: checking for sys/time.h
configure:4296: result: yes
configure:4179: checking termios.h usability
configure:4196: gcc -c -g -O2 -Wall -W  conftest.c >&5
configure:4202: $? = 0
configure:4216: result: yes
configure:4220: checking termios.h presence
configure:4235: gcc -E  conftest.c
configure:4241: $? = 0
configure:4255: result: yes
configure:4288: checking for termios.h
configure:4296: result: yes
configure:4169: checking for unistd.h
configure:4175: result: yes
configure:4311: checking whether time.h and sys/time.h may both be included
configure:4341: gcc -c -g -O2 -Wall -W  conftest.c >&5
configure:4347: $? = 0
configure:4362: result: yes
configure:4372: checking whether struct tm is in sys/time.h or time.h
configure:4402: gcc -c -g -O2 -Wall -W  conftest.c >&5
configure:4408: $? = 0
configure:4423: result: time.h
configure:4435: checking for pid_t
configure:4465: gcc -c -g -O2 -Wall -W  conftest.c >&5
configure:4471: $? = 0
configure:4486: result: yes
configure:4513: checking vfork.h usability
configure:4530: gcc -c -g -O2 -Wall -W  conftest.c >&5
conftest.c:72:19: error: vfork.h: No such file or directory
configure:4536: $? = 1
configure: failed program was:
| /* confdefs.h.  */
| #define PACKAGE_NAME "dlib"
| #define PACKAGE_TARNAME "dlib"
| #define PACKAGE_VERSION "1.0"
| #define PACKAGE_STRING "dlib 1.0"
| #define PACKAGE_BUGREPORT "<deanjones@cleancode.org>"
| #define _FILE_OFFSET_BITS 64
| #define HAVE_LIBM 1
| #define HAVE_LIBNSL 1
| #define HAVE_LIBSSL 1
| #define HAVE_LIBCRYPTO 1
| #define HAVE_LIBCRYPTO 1
| #define STDC_HEADERS 1
| #define HAVE_SYS_WAIT_H 1
| #define HAVE_SYS_TYPES_H 1
| #define HAVE_SYS_STAT_H 1
| #define HAVE_STDLIB_H 1
| #define HAVE_STRING_H 1
| #define HAVE_MEMORY_H 1
| #define HAVE_STRINGS_H 1
| #define HAVE_INTTYPES_H 1
| #define HAVE_STDINT_H 1
| #define HAVE_UNISTD_H 1
| #define HAVE_ARPA_INET_H 1
| #define HAVE_FCNTL_H 1
| #define HAVE_LIBINTL_H 1
| #define HAVE_NETDB_H 1
| #define HAVE_NETINET_IN_H 1
| #define HAVE_STDLIB_H 1
| #define HAVE_STRING_H 1
| #define HAVE_STRINGS_H 1
| #define HAVE_SYS_IOCTL_H 1
| #define HAVE_SYS_SOCKET_H 1
| #define HAVE_SYS_TIME_H 1
| #define HAVE_TERMIOS_H 1
| #define HAVE_UNISTD_H 1
| #define TIME_WITH_SYS_TIME 1
| /* end confdefs.h.  */
| #include <stdio.h>
| #ifdef HAVE_SYS_TYPES_H
| # include <sys/types.h>
| #endif
| #ifdef HAVE_SYS_STAT_H
| # include <sys/stat.h>
| #endif
| #ifdef STDC_HEADERS
| # include <stdlib.h>
| # include <stddef.h>
| #else
| # ifdef HAVE_STDLIB_H
| #  include <stdlib.h>
| # endif
| #endif
| #ifdef HAVE_STRING_H
| # if !defined STDC_HEADERS && defined HAVE_MEMORY_H
| #  include <memory.h>
| # endif
| # include <string.h>
| #endif
| #ifdef HAVE_STRINGS_H
| # include <strings.h>
| #endif
| #ifdef HAVE_INTTYPES_H
| # include <inttypes.h>
| #endif
| #ifdef HAVE_STDINT_H
| # include <stdint.h>
| #endif
| #ifdef HAVE_UNISTD_H
| # include <unistd.h>
| #endif
| #include <vfork.h>
configure:4550: result: no
configure:4554: checking vfork.h presence
configure:4569: gcc -E  conftest.c
conftest.c:39:19: error: vfork.h: No such file or directory
configure:4575: $? = 1
configure: failed program was:
| /* confdefs.h.  */
| #define PACKAGE_NAME "dlib"
| #define PACKAGE_TARNAME "dlib"
| #define PACKAGE_VERSION "1.0"
| #define PACKAGE_STRING "dlib 1.0"
| #define PACKAGE_BUGREPORT "<deanjones@cleancode.org>"
| #define _FILE_OFFSET_BITS 64
| #define HAVE_LIBM 1
| #define HAVE_LIBNSL 1
| #define HAVE_LIBSSL 1
| #define HAVE_LIBCRYPTO 1
| #define HAVE_LIBCRYPTO 1
| #define STDC_HEADERS 1
| #define HAVE_SYS_WAIT_H 1
| #define HAVE_SYS_TYPES_H 1
| #define HAVE_SYS_STAT_H 1
| #define HAVE_STDLIB_H 1
| #define HAVE_STRING_H 1
| #define HAVE_MEMORY_H 1
| #define HAVE_STRINGS_H 1
| #define HAVE_INTTYPES_H 1
| #define HAVE_STDINT_H 1
| #define HAVE_UNISTD_H 1
| #define HAVE_ARPA_INET_H 1
| #define HAVE_FCNTL_H 1
| #define HAVE_LIBINTL_H 1
| #define HAVE_NETDB_H 1
| #define HAVE_NETINET_IN_H 1
| #define HAVE_STDLIB_H 1
| #define HAVE_STRING_H 1
| #define HAVE_STRINGS_H 1
| #define HAVE_SYS_IOCTL_H 1
| #define HAVE_SYS_SOCKET_H 1
| #define HAVE_SYS_TIME_H 1
| #define HAVE_TERMIOS_H 1
| #define HAVE_UNISTD_H 1
| #define TIME_WITH_SYS_TIME 1
| /* end confdefs.h.  */
| #include <vfork.h>
configure:4589: result: no
configure:4622: checking for vfork.h
configure:4630: result: no
configure:4648: checking for fork
configure:4704: gcc -o conftest -g -O2 -Wall -W   conftest.c -lcrypto -lcrypto -lssl -lnsl -lm  >&5
conftest.c:62: warning: conflicting types for built-in function 'fork'
configure:4710: $? = 0
configure:4728: result: yes
configure:4648: checking for vfork
configure:4704: gcc -o conftest -g -O2 -Wall -W   conftest.c -lcrypto -lcrypto -lssl -lnsl -lm  >&5
configure:4710: $? = 0
configure:4728: result: yes
configure:4739: checking for working fork
configure:4771: gcc -o conftest -g -O2 -Wall -W   conftest.c -lcrypto -lcrypto -lssl -lnsl -lm  >&5
configure:4774: $? = 0
configure:4780: ./conftest
configure:4783: $? = 0
configure:4799: result: yes
configure:4820: checking for working vfork
configure:4958: result: yes
configure:4990: checking whether gcc needs -traditional
configure:5032: result: no
configure:5044: checking for stdlib.h
configure:5050: result: yes
configure:5184: checking for GNU libc compatible malloc
configure:5218: gcc -o conftest -g -O2 -Wall -W   conftest.c -lcrypto -lcrypto -lssl -lnsl -lm  >&5
configure:5221: $? = 0
configure:5227: ./conftest
configure:5230: $? = 0
configure:5246: result: yes
configure:5279: checking for stdlib.h
configure:5285: result: yes
configure:5419: checking for GNU libc compatible realloc
configure:5453: gcc -o conftest -g -O2 -Wall -W   conftest.c -lcrypto -lcrypto -lssl -lnsl -lm  >&5
configure:5456: $? = 0
configure:5462: ./conftest
configure:5465: $? = 0
configure:5481: result: yes
configure:5509: checking return type of signal handlers
configure:5537: gcc -c -g -O2 -Wall -W  conftest.c >&5
conftest.c: In function 'main':
conftest.c:53: error: void value not ignored as it ought to be
configure:5543: $? = 1
configure: failed program was:
| /* confdefs.h.  */
| #define PACKAGE_NAME "dlib"
| #define PACKAGE_TARNAME "dlib"
| #define PACKAGE_VERSION "1.0"
| #define PACKAGE_STRING "dlib 1.0"
| #define PACKAGE_BUGREPORT "<deanjones@cleancode.org>"
| #define _FILE_OFFSET_BITS 64
| #define HAVE_LIBM 1
| #define HAVE_LIBNSL 1
| #define HAVE_LIBSSL 1
| #define HAVE_LIBCRYPTO 1
| #define HAVE_LIBCRYPTO 1
| #define STDC_HEADERS 1
| #define HAVE_SYS_WAIT_H 1
| #define HAVE_SYS_TYPES_H 1
| #define HAVE_SYS_STAT_H 1
| #define HAVE_STDLIB_H 1
| #define HAVE_STRING_H 1
| #define HAVE_MEMORY_H 1
| #define HAVE_STRINGS_H 1
| #define HAVE_INTTYPES_H 1
| #define HAVE_STDINT_H 1
| #define HAVE_UNISTD_H 1
| #define HAVE_ARPA_INET_H 1
| #define HAVE_FCNTL_H 1
| #define HAVE_LIBINTL_H 1
| #define HAVE_NETDB_H 1
| #define HAVE_NETINET_IN_H 1
| #define HAVE_STDLIB_H 1
| #define HAVE_STRING_H 1
| #define HAVE_STRINGS_H 1
| #define HAVE_SYS_IOCTL_H 1
| #define HAVE_SYS_SOCKET_H 1
| #define HAVE_SYS_TIME_H 1
| #define HAVE_TERMIOS_H 1
| #define HAVE_UNISTD_H 1
| #define TIME_WITH_SYS_TIME 1
| #define HAVE_FORK 1
| #define HAVE_VFORK 1
| #define HAVE_WORKING_VFORK 1
| #define HAVE_WORKING_FORK 1
| #define HAVE_STDLIB_H 1
| #define HAVE_MALLOC 1
| #define HAVE_STDLIB_H 1
| #define HAVE_REALLOC 1
| /* end confdefs.h.  */
| #include <sys/types.h>
| #include <signal.h>
| 
| int
| main ()
| {
| return *(signal (0, 0)) (0) == 1;
|   ;
|   return 0;
| }
configure:5558: result: void
configure:5566: checking whether lstat dereferences a symlink specified with a trailing slash
configure:5602: gcc -o conftest -g -O2 -Wall -W   conftest.c -lcrypto -lcrypto -lssl -lnsl -lm  >&5
configure:5605: $? = 0
configure:5611: ./conftest
configure:5614: $? = 0
configure:5637: result: yes
configure:5656: checking whether stat accepts an empty string
configure:5686: gcc -o conftest -g -O2 -Wall -W   conftest.c -lcrypto -lcrypto -lssl -lnsl -lm  >&5
configure:5689: $? = 0
configure:5695: ./conftest
configure:5698: $? = 0
configure:5714: result: no
configure:5734: checking for strftime
configure:5790: gcc -o conftest -g -O2 -Wall -W   conftest.c -lcrypto -lcrypto -lssl -lnsl -lm  >&5
conftest.c:72: warning: conflicting types for built-in function 'strftime'
configure:5796: $? = 0
configure:5814: result: yes
configure:5899: checking for vprintf
configure:5955: gcc -o conftest -g -O2 -Wall -W   conftest.c -lcrypto -lcrypto -lssl -lnsl -lm  >&5
conftest.c:73: warning: conflicting types for built-in function 'vprintf'
configure:5961: $? = 0
configure:5979: result: yes
configure:5986: checking for _doprnt
configure:6042: gcc -o conftest -g -O2 -Wall -W   conftest.c -lcrypto -lcrypto -lssl -lnsl -lm  >&5
/tmp/ccaFS75e.o: In function `main':
/project/yuda/email2553/progs.gpl/email/dlib/conftest.c:85: undefined reference to `_doprnt'
collect2: ld returned 1 exit status
configure:6048: $? = 1
configure: failed program was:
| /* confdefs.h.  */
| #define PACKAGE_NAME "dlib"
| #define PACKAGE_TARNAME "dlib"
| #define PACKAGE_VERSION "1.0"
| #define PACKAGE_STRING "dlib 1.0"
| #define PACKAGE_BUGREPORT "<deanjones@cleancode.org>"
| #define _FILE_OFFSET_BITS 64
| #define HAVE_LIBM 1
| #define HAVE_LIBNSL 1
| #define HAVE_LIBSSL 1
| #define HAVE_LIBCRYPTO 1
| #define HAVE_LIBCRYPTO 1
| #define STDC_HEADERS 1
| #define HAVE_SYS_WAIT_H 1
| #define HAVE_SYS_TYPES_H 1
| #define HAVE_SYS_STAT_H 1
| #define HAVE_STDLIB_H 1
| #define HAVE_STRING_H 1
| #define HAVE_MEMORY_H 1
| #define HAVE_STRINGS_H 1
| #define HAVE_INTTYPES_H 1
| #define HAVE_STDINT_H 1
| #define HAVE_UNISTD_H 1
| #define HAVE_ARPA_INET_H 1
| #define HAVE_FCNTL_H 1
| #define HAVE_LIBINTL_H 1
| #define HAVE_NETDB_H 1
| #define HAVE_NETINET_IN_H 1
| #define HAVE_STDLIB_H 1
| #define HAVE_STRING_H 1
| #define HAVE_STRINGS_H 1
| #define HAVE_SYS_IOCTL_H 1
| #define HAVE_SYS_SOCKET_H 1
| #define HAVE_SYS_TIME_H 1
| #define HAVE_TERMIOS_H 1
| #define HAVE_UNISTD_H 1
| #define TIME_WITH_SYS_TIME 1
| #define HAVE_FORK 1
| #define HAVE_VFORK 1
| #define HAVE_WORKING_VFORK 1
| #define HAVE_WORKING_FORK 1
| #define HAVE_STDLIB_H 1
| #define HAVE_MALLOC 1
| #define HAVE_STDLIB_H 1
| #define HAVE_REALLOC 1
| #define RETSIGTYPE void
| #define LSTAT_FOLLOWS_SLASHED_SYMLINK 1
| #define HAVE_STRFTIME 1
| #define HAVE_VPRINTF 1
| /* end confdefs.h.  */
| /* Define _doprnt to an innocuous variant, in case <limits.h> declares _doprnt.
|    For example, HP-UX 11i <limits.h> declares gettimeofday.  */
| #define _doprnt innocuous__doprnt
| 
| /* System header to define __stub macros and hopefully few prototypes,
|     which can conflict with char _doprnt (); below.
|     Prefer <limits.h> to <assert.h> if __STDC__ is defined, since
|     <limits.h> exists even on freestanding compilers.  */
| 
| #ifdef __STDC__
| # include <limits.h>
| #else
| # include <assert.h>
| #endif
| 
| #undef _doprnt
| 
| /* Override any GCC internal prototype to avoid an error.
|    Use char because int might match the return type of a GCC
|    builtin and then its argument prototype would still apply.  */
| #ifdef __cplusplus
| extern "C"
| #endif
| char _doprnt ();
| /* The GNU C library defines this for functions which it implements
|     to always fail with ENOSYS.  Some functions are actually named
|     something starting with __ and the normal name is an alias.  */
| #if defined __stub__doprnt || defined __stub____doprnt
| choke me
| #endif
| 
| int
| main ()
| {
| return _doprnt ();
|   ;
|   return 0;
| }
configure:6065: result: no
configure:6095: checking for gethostbyname
configure:6151: gcc -o conftest -g -O2 -Wall -W   conftest.c -lcrypto -lcrypto -lssl -lnsl -lm  >&5
configure:6157: $? = 0
configure:6175: result: yes
configure:6095: checking for gethostname
configure:6151: gcc -o conftest -g -O2 -Wall -W   conftest.c -lcrypto -lcrypto -lssl -lnsl -lm  >&5
configure:6157: $? = 0
configure:6175: result: yes
configure:6095: checking for getpass
configure:6151: gcc -o conftest -g -O2 -Wall -W   conftest.c -lcrypto -lcrypto -lssl -lnsl -lm  >&5
configure:6157: $? = 0
configure:6175: result: yes
configure:6095: checking for gettimeofday
configure:6151: gcc -o conftest -g -O2 -Wall -W   conftest.c -lcrypto -lcrypto -lssl -lnsl -lm  >&5
configure:6157: $? = 0
configure:6175: result: yes
configure:6095: checking for memset
configure:6151: gcc -o conftest -g -O2 -Wall -W   conftest.c -lcrypto -lcrypto -lssl -lnsl -lm  >&5
conftest.c:78: warning: conflicting types for built-in function 'memset'
configure:6157: $? = 0
configure:6175: result: yes
configure:6095: checking for putenv
configure:6151: gcc -o conftest -g -O2 -Wall -W   conftest.c -lcrypto -lcrypto -lssl -lnsl -lm  >&5
configure:6157: $? = 0
configure:6175: result: yes
configure:6095: checking for socket
configure:6151: gcc -o conftest -g -O2 -Wall -W   conftest.c -lcrypto -lcrypto -lssl -lnsl -lm  >&5
configure:6157: $? = 0
configure:6175: result: yes
configure:6095: checking for sqrt
configure:6151: gcc -o conftest -g -O2 -Wall -W   conftest.c -lcrypto -lcrypto -lssl -lnsl -lm  >&5
conftest.c:81: warning: conflicting types for built-in function 'sqrt'
configure:6157: $? = 0
configure:6175: result: yes
configure:6095: checking for strcasecmp
configure:6151: gcc -o conftest -g -O2 -Wall -W   conftest.c -lcrypto -lcrypto -lssl -lnsl -lm  >&5
conftest.c:82: warning: conflicting types for built-in function 'strcasecmp'
configure:6157: $? = 0
configure:6175: result: yes
configure:6095: checking for strchr
configure:6151: gcc -o conftest -g -O2 -Wall -W   conftest.c -lcrypto -lcrypto -lssl -lnsl -lm  >&5
conftest.c:83: warning: conflicting types for built-in function 'strchr'
configure:6157: $? = 0
configure:6175: result: yes
configure:6095: checking for strerror
configure:6151: gcc -o conftest -g -O2 -Wall -W   conftest.c -lcrypto -lcrypto -lssl -lnsl -lm  >&5
configure:6157: $? = 0
configure:6175: result: yes
configure:6095: checking for strrchr
configure:6151: gcc -o conftest -g -O2 -Wall -W   conftest.c -lcrypto -lcrypto -lssl -lnsl -lm  >&5
conftest.c:85: warning: conflicting types for built-in function 'strrchr'
configure:6157: $? = 0
configure:6175: result: yes
configure:6095: checking for uname
configure:6151: gcc -o conftest -g -O2 -Wall -W   conftest.c -lcrypto -lcrypto -lssl -lnsl -lm  >&5
configure:6157: $? = 0
configure:6175: result: yes
configure:6290: creating ./config.status

## ---------------------- ##
## Running config.status. ##
## ---------------------- ##

This file was extended by dlib config.status 1.0, which was
generated by GNU Autoconf 2.61.  Invocation command line was

  CONFIG_FILES    = 
  CONFIG_HEADERS  = 
  CONFIG_LINKS    = 
  CONFIG_COMMANDS = 
  $ ./config.status 

on F230

config.status:592: creating Makefile
config.status:592: creating include/config.h
config.status:858: include/config.h is unchanged

## ---------------- ##
## Cache variables. ##
## ---------------- ##

ac_cv_c_compiler_gnu=yes
ac_cv_env_CC_set=
ac_cv_env_CC_value=
ac_cv_env_CFLAGS_set=
ac_cv_env_CFLAGS_value=
ac_cv_env_CPPFLAGS_set=
ac_cv_env_CPPFLAGS_value=
ac_cv_env_CPP_set=
ac_cv_env_CPP_value=
ac_cv_env_LDFLAGS_set=
ac_cv_env_LDFLAGS_value=
ac_cv_env_LIBS_set=
ac_cv_env_LIBS_value=
ac_cv_env_build_alias_set=
ac_cv_env_build_alias_value=
ac_cv_env_host_alias_set=
ac_cv_env_host_alias_value=
ac_cv_env_target_alias_set=
ac_cv_env_target_alias_value=
ac_cv_func__doprnt=no
ac_cv_func_fork=yes
ac_cv_func_fork_works=yes
ac_cv_func_gethostbyname=yes
ac_cv_func_gethostname=yes
ac_cv_func_getpass=yes
ac_cv_func_gettimeofday=yes
ac_cv_func_lstat_dereferences_slashed_symlink=yes
ac_cv_func_malloc_0_nonnull=yes
ac_cv_func_memset=yes
ac_cv_func_putenv=yes
ac_cv_func_realloc_0_nonnull=yes
ac_cv_func_socket=yes
ac_cv_func_sqrt=yes
ac_cv_func_stat_empty_string_bug=no
ac_cv_func_strcasecmp=yes
ac_cv_func_strchr=yes
ac_cv_func_strerror=yes
ac_cv_func_strftime=yes
ac_cv_func_strrchr=yes
ac_cv_func_uname=yes
ac_cv_func_vfork=yes
ac_cv_func_vfork_works=yes
ac_cv_func_vprintf=yes
ac_cv_header_arpa_inet_h=yes
ac_cv_header_fcntl_h=yes
ac_cv_header_inttypes_h=yes
ac_cv_header_libintl_h=yes
ac_cv_header_memory_h=yes
ac_cv_header_netdb_h=yes
ac_cv_header_netinet_in_h=yes
ac_cv_header_stdc=yes
ac_cv_header_stdint_h=yes
ac_cv_header_stdlib_h=yes
ac_cv_header_string_h=yes
ac_cv_header_strings_h=yes
ac_cv_header_sys_ioctl_h=yes
ac_cv_header_sys_socket_h=yes
ac_cv_header_sys_stat_h=yes
ac_cv_header_sys_time_h=yes
ac_cv_header_sys_types_h=yes
ac_cv_header_sys_wait_h=yes
ac_cv_header_termios_h=yes
ac_cv_header_time=yes
ac_cv_header_unistd_h=yes
ac_cv_header_vfork_h=no
ac_cv_lib_crypto_RAND_seed=yes
ac_cv_lib_crypto_X509_free=yes
ac_cv_lib_m_sqrt=yes
ac_cv_lib_nsl_gethostbyname=yes
ac_cv_lib_socket_socket=no
ac_cv_lib_ssl_SSL_library_init=yes
ac_cv_objext=o
ac_cv_path_EGREP='/bin/grep -E'
ac_cv_path_GREP=/bin/grep
ac_cv_prog_CPP='gcc -E'
ac_cv_prog_ac_ct_CC=gcc
ac_cv_prog_cc_c89=
ac_cv_prog_cc_g=yes
ac_cv_prog_gcc_traditional=no
ac_cv_prog_make_make_set=yes
ac_cv_struct_tm=time.h
ac_cv_sys_file_offset_bits=64
ac_cv_sys_largefile_CC=no
ac_cv_type_pid_t=yes
ac_cv_type_signal=void

## ----------------- ##
## Output variables. ##
## ----------------- ##

CC='gcc'
CFLAGS='-g -O2 -Wall -W -I/project/yuda/email2553/progs.gpl/email/dlib -I/project/yuda/email2553/progs.gpl/email/dlib/src -I/project/yuda/email2553/progs.gpl/email/dlib/include -I../include '
CPP='gcc -E'
CPPFLAGS=''
DEFS='-DHAVE_CONFIG_H'
ECHO_C=''
ECHO_N='-n'
ECHO_T=''
EGREP='/bin/grep -E'
EXEEXT=''
GREP='/bin/grep'
LDFLAGS=''
LIBOBJS=''
LIBS='-lcrypto -lcrypto -lssl -lnsl -lm '
LTLIBOBJS=''
OBJEXT='o'
PACKAGE_BUGREPORT='<deanjones@cleancode.org>'
PACKAGE_NAME='dlib'
PACKAGE_STRING='dlib 1.0'
PACKAGE_TARNAME='dlib'
PACKAGE_VERSION='1.0'
PATH_SEPARATOR=':'
SET_MAKE=''
SHELL='/bin/sh'
ac_ct_CC='gcc'
bindir='${exec_prefix}/bin'
build_alias=''
datadir='${datarootdir}'
datarootdir='${prefix}/share'
docdir='${datarootdir}/doc/${PACKAGE_TARNAME}'
dvidir='${docdir}'
exec_prefix='${prefix}'
host_alias=''
htmldir='${docdir}'
includedir='${prefix}/include'
infodir='${datarootdir}/info'
libdir='${exec_prefix}/lib'
libexecdir='${exec_prefix}/libexec'
localedir='${datarootdir}/locale'
localstatedir='${prefix}/var'
mandir='${datarootdir}/man'
oldincludedir='/usr/include'
pdfdir='${docdir}'
prefix='/usr/local'
program_transform_name='s,x,x,'
psdir='${docdir}'
sbindir='${exec_prefix}/sbin'
sharedstatedir='${prefix}/com'
sysconfdir='${prefix}/etc'
target_alias=''

## ----------- ##
## confdefs.h. ##
## ----------- ##

#define PACKAGE_NAME "dlib"
#define PACKAGE_TARNAME "dlib"
#define PACKAGE_VERSION "1.0"
#define PACKAGE_STRING "dlib 1.0"
#define PACKAGE_BUGREPORT "<deanjones@cleancode.org>"
#define _FILE_OFFSET_BITS 64
#define HAVE_LIBM 1
#define HAVE_LIBNSL 1
#define HAVE_LIBSSL 1
#define HAVE_LIBCRYPTO 1
#define HAVE_LIBCRYPTO 1
#define STDC_HEADERS 1
#define HAVE_SYS_WAIT_H 1
#define HAVE_SYS_TYPES_H 1
#define HAVE_SYS_STAT_H 1
#define HAVE_STDLIB_H 1
#define HAVE_STRING_H 1
#define HAVE_MEMORY_H 1
#define HAVE_STRINGS_H 1
#define HAVE_INTTYPES_H 1
#define HAVE_STDINT_H 1
#define HAVE_UNISTD_H 1
#define HAVE_ARPA_INET_H 1
#define HAVE_FCNTL_H 1
#define HAVE_LIBINTL_H 1
#define HAVE_NETDB_H 1
#define HAVE_NETINET_IN_H 1
#define HAVE_STDLIB_H 1
#define HAVE_STRING_H 1
#define HAVE_STRINGS_H 1
#define HAVE_SYS_IOCTL_H 1
#define HAVE_SYS_SOCKET_H 1
#define HAVE_SYS_TIME_H 1
#define HAVE_TERMIOS_H 1
#define HAVE_UNISTD_H 1
#define TIME_WITH_SYS_TIME 1
#define HAVE_FORK 1
#define HAVE_VFORK 1
#define HAVE_WORKING_VFORK 1
#define HAVE_WORKING_FORK 1
#define HAVE_STDLIB_H 1
#define HAVE_MALLOC 1
#define HAVE_STDLIB_H 1
#define HAVE_REALLOC 1
#define RETSIGTYPE void
#define LSTAT_FOLLOWS_SLASHED_SYMLINK 1
#define HAVE_STRFTIME 1
#define HAVE_VPRINTF 1
#define HAVE_GETHOSTBYNAME 1
#define HAVE_GETHOSTNAME 1
#define HAVE_GETPASS 1
#define HAVE_GETTIMEOFDAY 1
#define HAVE_MEMSET 1
#define HAVE_PUTENV 1
#define HAVE_SOCKET 1
#define HAVE_SQRT 1
#define HAVE_STRCASECMP 1
#define HAVE_STRCHR 1
#define HAVE_STRERROR 1
#define HAVE_STRRCHR 1
#define HAVE_UNAME 1

configure: exit 0
