This file contains any messages produced by compilers while
running configure, to aid debugging if configure makes a mistake.

It was created by configure, which was
generated by GNU Autoconf 2.59.  Invocation command line was

  $ ./configure --host=mips-linux-uclibc --prefix=

## --------- ##
## Platform. ##
## --------- ##

hostname = F250
uname -m = i686
uname -r = 2.6.24-21-generic
uname -s = Linux
uname -v = #1 SMP Tue Oct 21 23:43:45 UTC 2008

/usr/bin/uname -p = unknown
/bin/uname -X     = unknown

/bin/arch              = unknown
/usr/bin/arch -k       = unknown
/usr/convex/getsysinfo = unknown
hostinfo               = unknown
/bin/machine           = unknown
/usr/bin/oslevel       = unknown
/bin/universe          = unknown

PATH: /opt/mipseb_gcc-4.2.4_uclibc-0.9.30_kernel-2.6.12/bin
PATH: /usr/local/bin
PATH: /usr/bin
PATH: /bin
PATH: /usr/games
PATH: /project/leo/scripts


## ----------- ##
## Core tests. ##
## ----------- ##

configure:1338: checking for a BSD-compatible install
configure:1393: result: /usr/bin/install -c
configure:1404: checking whether make sets $(MAKE)
configure:1424: result: yes
configure:1441: checking for mips-linux-uclibc-gcc
configure:1457: found /opt/mipseb_gcc-4.2.4_uclibc-0.9.30_kernel-2.6.12/bin/mips-linux-uclibc-gcc
configure:1467: result: mips-linux-uclibc-gcc
configure:1749: checking for C compiler version
configure:1752: mips-linux-uclibc-gcc --version </dev/null >&5
mips-linux-uclibc-gcc (GCC) 4.2.4
Copyright (C) 2007 Free Software Foundation, Inc.
This is free software; see the source for copying conditions.  There is NO
warranty; not even for MERCHANTABILITY or FITNESS FOR A PARTICULAR PURPOSE.

configure:1755: $? = 0
configure:1757: mips-linux-uclibc-gcc -v </dev/null >&5
Using built-in specs.
Target: mips-linux-uclibc
Configured with: /project/leo/workroom/buildroot-rev24224/toolchain_build_mips/gcc-4.2.4/configure --prefix=/opt/mipseb_gcc-4.2.4_uclibc-0.9.30_kernel-2.6.12 --build=i386-pc-linux-gnu --host=i386-pc-linux-gnu --target=mips-linux-uclibc --enable-languages=c,c++ --disable-__cxa_atexit --enable-target-optspace --with-gnu-ld --with-gmp=/project/leo/workroom/buildroot-rev24224/toolchain_build_mips/gmp --with-mpfr=/project/leo/workroom/buildroot-rev24224/toolchain_build_mips/mpfr --enable-shared --disable-nls --enable-threads --enable-multilib --with-float=soft --with-abi=32 --with-tune=mips32 --enable-sjlj-exceptions
Thread model: posix
gcc version 4.2.4
configure:1760: $? = 0
configure:1762: mips-linux-uclibc-gcc -V </dev/null >&5
mips-linux-uclibc-gcc: '-V' option must have argument
configure:1765: $? = 1
configure:1788: checking for C compiler default output file name
configure:1791: mips-linux-uclibc-gcc    conftest.c  >&5
configure:1794: $? = 0
configure:1840: result: a.out
configure:1845: checking whether the C compiler works
configure:1851: ./a.out
./configure: line 1852: ./a.out: cannot execute binary file
configure:1854: $? = 126
configure:1871: result: yes
configure:1878: checking whether we are cross compiling
configure:1880: result: yes
configure:1883: checking for suffix of executables
configure:1885: mips-linux-uclibc-gcc -o conftest    conftest.c  >&5
configure:1888: $? = 0
configure:1913: result: 
configure:1919: checking for suffix of object files
configure:1940: mips-linux-uclibc-gcc -c   conftest.c >&5
configure:1943: $? = 0
configure:1965: result: o
configure:1969: checking whether we are using the GNU C compiler
configure:1993: mips-linux-uclibc-gcc -c   conftest.c >&5
configure:1999: $? = 0
configure:2003: test -z 
			 || test ! -s conftest.err
configure:2006: $? = 0
configure:2009: test -s conftest.o
configure:2012: $? = 0
configure:2025: result: yes
configure:2031: checking whether mips-linux-uclibc-gcc accepts -g
configure:2052: mips-linux-uclibc-gcc -c -g  conftest.c >&5
configure:2058: $? = 0
configure:2062: test -z 
			 || test ! -s conftest.err
configure:2065: $? = 0
configure:2068: test -s conftest.o
configure:2071: $? = 0
configure:2082: result: yes
configure:2099: checking for mips-linux-uclibc-gcc option to accept ANSI C
configure:2169: mips-linux-uclibc-gcc  -c -g -O2  conftest.c >&5
configure:2175: $? = 0
configure:2179: test -z 
			 || test ! -s conftest.err
configure:2182: $? = 0
configure:2185: test -s conftest.o
configure:2188: $? = 0
configure:2206: result: none needed
configure:2224: mips-linux-uclibc-gcc -c -g -O2  conftest.c >&5
conftest.c:2: error: expected '=', ',', ';', 'asm' or '__attribute__' before 'me'
configure:2230: $? = 1
configure: failed program was:
| #ifndef __cplusplus
|   choke me
| #endif
configure:2368: checking how to run the C preprocessor
configure:2403: mips-linux-uclibc-gcc -E  conftest.c
configure:2409: $? = 0
configure:2441: mips-linux-uclibc-gcc -E  conftest.c
conftest.c:9:28: error: ac_nonexistent.h: No such file or directory
configure:2447: $? = 1
configure: failed program was:
| /* confdefs.h.  */
| 
| #define PACKAGE_NAME ""
| #define PACKAGE_TARNAME ""
| #define PACKAGE_VERSION ""
| #define PACKAGE_STRING ""
| #define PACKAGE_BUGREPORT ""
| /* end confdefs.h.  */
| #include <ac_nonexistent.h>
configure:2486: result: mips-linux-uclibc-gcc -E
configure:2510: mips-linux-uclibc-gcc -E  conftest.c
configure:2516: $? = 0
configure:2548: mips-linux-uclibc-gcc -E  conftest.c
conftest.c:9:28: error: ac_nonexistent.h: No such file or directory
configure:2554: $? = 1
configure: failed program was:
| /* confdefs.h.  */
| 
| #define PACKAGE_NAME ""
| #define PACKAGE_TARNAME ""
| #define PACKAGE_VERSION ""
| #define PACKAGE_STRING ""
| #define PACKAGE_BUGREPORT ""
| /* end confdefs.h.  */
| #include <ac_nonexistent.h>
configure:2601: checking for bison
configure:2617: found /usr/bin/bison
configure:2627: result: bison -y
configure:2643: checking for flex
configure:2659: found /usr/bin/flex
configure:2669: result: flex
configure:2682: checking for yywrap in -lfl
configure:2712: mips-linux-uclibc-gcc -o conftest -g -O2   conftest.c -lfl   >&5
configure:2718: $? = 0
configure:2722: test -z 
			 || test ! -s conftest.err
configure:2725: $? = 0
configure:2728: test -s conftest
configure:2731: $? = 0
configure:2744: result: yes
configure:2822: checking lex output file root
configure:2833: flex conftest.l
configure:2836: $? = 0
configure:2848: result: lex.yy
configure:2853: checking whether yytext is a pointer
configure:2869: mips-linux-uclibc-gcc -o conftest -g -O2   conftest.c  -lfl >&5
configure:2875: $? = 0
configure:2879: test -z 
			 || test ! -s conftest.err
configure:2882: $? = 0
configure:2885: test -s conftest
configure:2888: $? = 0
configure:2902: result: yes
configure:2923: checking for sys/queue.h
configure:2941: mips-linux-uclibc-gcc -c -g -O2 -I$(srcdir)  conftest.c >&5
configure:2947: $? = 0
configure:2951: test -z 
			 || test ! -s conftest.err
configure:2954: $? = 0
configure:2957: test -s conftest.o
configure:2960: $? = 0
configure:2962: result: yes
configure:2975: checking for egrep
configure:2985: result: grep -E
configure:3009: checking for getaddrinfo/getnameinfo library
configure:3011: result: regular
configure:3104: checking for getaddrinfo
configure:3161: mips-linux-uclibc-gcc -o conftest -g -O2 -I$(srcdir)   conftest.c  >&5
configure:3167: $? = 0
configure:3171: test -z 
			 || test ! -s conftest.err
configure:3174: $? = 0
configure:3177: test -s conftest
configure:3180: $? = 0
configure:3192: result: yes
configure:3216: checking for getnameinfo
configure:3273: mips-linux-uclibc-gcc -o conftest -g -O2 -I$(srcdir)   conftest.c  >&5
configure:3279: $? = 0
configure:3283: test -z 
			 || test ! -s conftest.err
configure:3286: $? = 0
configure:3289: test -s conftest
configure:3292: $? = 0
configure:3304: result: yes
configure:3328: checking for getifaddrs
configure:3385: mips-linux-uclibc-gcc -o conftest -g -O2 -I$(srcdir)   conftest.c  >&5
configure:3391: $? = 0
configure:3395: test -z 
			 || test ! -s conftest.err
configure:3398: $? = 0
configure:3401: test -s conftest
configure:3404: $? = 0
configure:3416: result: yes
configure:3440: checking for if_nametoindex
configure:3497: mips-linux-uclibc-gcc -o conftest -g -O2 -I$(srcdir)   conftest.c  >&5
configure:3503: $? = 0
configure:3507: test -z 
			 || test ! -s conftest.err
configure:3510: $? = 0
configure:3513: test -s conftest
configure:3516: $? = 0
configure:3528: result: yes
configure:3543: checking for strlcpy
configure:3600: mips-linux-uclibc-gcc -o conftest -g -O2 -I$(srcdir)   conftest.c  >&5
configure:3606: $? = 0
configure:3610: test -z 
			 || test ! -s conftest.err
configure:3613: $? = 0
configure:3616: test -s conftest
configure:3619: $? = 0
configure:3631: result: yes
configure:3543: checking for strlcat
configure:3600: mips-linux-uclibc-gcc -o conftest -g -O2 -I$(srcdir)   conftest.c  >&5
configure:3606: $? = 0
configure:3610: test -z 
			 || test ! -s conftest.err
configure:3613: $? = 0
configure:3616: test -s conftest
configure:3619: $? = 0
configure:3631: result: yes
configure:3655: checking for daemon
configure:3712: mips-linux-uclibc-gcc -o conftest -g -O2 -I$(srcdir)   conftest.c  >&5
configure:3718: $? = 0
configure:3722: test -z 
			 || test ! -s conftest.err
configure:3725: $? = 0
configure:3728: test -s conftest
configure:3731: $? = 0
configure:3743: result: yes
configure:3767: checking for warnx
configure:3824: mips-linux-uclibc-gcc -o conftest -g -O2 -I$(srcdir)   conftest.c  >&5
configure:3830: $? = 0
configure:3834: test -z 
			 || test ! -s conftest.err
configure:3837: $? = 0
configure:3840: test -s conftest
configure:3843: $? = 0
configure:3855: result: yes
configure:3876: checking for ANSI C header files
configure:3901: mips-linux-uclibc-gcc -c -g -O2 -I$(srcdir)  conftest.c >&5
configure:3907: $? = 0
configure:3911: test -z 
			 || test ! -s conftest.err
configure:3914: $? = 0
configure:3917: test -s conftest.o
configure:3920: $? = 0
configure:4032: result: yes
configure:4056: checking for sys/types.h
configure:4072: mips-linux-uclibc-gcc -c -g -O2 -I$(srcdir)  conftest.c >&5
configure:4078: $? = 0
configure:4082: test -z 
			 || test ! -s conftest.err
configure:4085: $? = 0
configure:4088: test -s conftest.o
configure:4091: $? = 0
configure:4102: result: yes
configure:4056: checking for sys/stat.h
configure:4072: mips-linux-uclibc-gcc -c -g -O2 -I$(srcdir)  conftest.c >&5
configure:4078: $? = 0
configure:4082: test -z 
			 || test ! -s conftest.err
configure:4085: $? = 0
configure:4088: test -s conftest.o
configure:4091: $? = 0
configure:4102: result: yes
configure:4056: checking for stdlib.h
configure:4072: mips-linux-uclibc-gcc -c -g -O2 -I$(srcdir)  conftest.c >&5
configure:4078: $? = 0
configure:4082: test -z 
			 || test ! -s conftest.err
configure:4085: $? = 0
configure:4088: test -s conftest.o
configure:4091: $? = 0
configure:4102: result: yes
configure:4056: checking for string.h
configure:4072: mips-linux-uclibc-gcc -c -g -O2 -I$(srcdir)  conftest.c >&5
configure:4078: $? = 0
configure:4082: test -z 
			 || test ! -s conftest.err
configure:4085: $? = 0
configure:4088: test -s conftest.o
configure:4091: $? = 0
configure:4102: result: yes
configure:4056: checking for memory.h
configure:4072: mips-linux-uclibc-gcc -c -g -O2 -I$(srcdir)  conftest.c >&5
configure:4078: $? = 0
configure:4082: test -z 
			 || test ! -s conftest.err
configure:4085: $? = 0
configure:4088: test -s conftest.o
configure:4091: $? = 0
configure:4102: result: yes
configure:4056: checking for strings.h
configure:4072: mips-linux-uclibc-gcc -c -g -O2 -I$(srcdir)  conftest.c >&5
configure:4078: $? = 0
configure:4082: test -z 
			 || test ! -s conftest.err
configure:4085: $? = 0
configure:4088: test -s conftest.o
configure:4091: $? = 0
configure:4102: result: yes
configure:4056: checking for inttypes.h
configure:4072: mips-linux-uclibc-gcc -c -g -O2 -I$(srcdir)  conftest.c >&5
configure:4078: $? = 0
configure:4082: test -z 
			 || test ! -s conftest.err
configure:4085: $? = 0
configure:4088: test -s conftest.o
configure:4091: $? = 0
configure:4102: result: yes
configure:4056: checking for stdint.h
configure:4072: mips-linux-uclibc-gcc -c -g -O2 -I$(srcdir)  conftest.c >&5
configure:4078: $? = 0
configure:4082: test -z 
			 || test ! -s conftest.err
configure:4085: $? = 0
configure:4088: test -s conftest.o
configure:4091: $? = 0
configure:4102: result: yes
configure:4056: checking for unistd.h
configure:4072: mips-linux-uclibc-gcc -c -g -O2 -I$(srcdir)  conftest.c >&5
configure:4078: $? = 0
configure:4082: test -z 
			 || test ! -s conftest.err
configure:4085: $? = 0
configure:4088: test -s conftest.o
configure:4091: $? = 0
configure:4102: result: yes
configure:4133: checking fcntl.h usability
configure:4145: mips-linux-uclibc-gcc -c -g -O2 -I$(srcdir)  conftest.c >&5
configure:4151: $? = 0
configure:4155: test -z 
			 || test ! -s conftest.err
configure:4158: $? = 0
configure:4161: test -s conftest.o
configure:4164: $? = 0
configure:4174: result: yes
configure:4178: checking fcntl.h presence
configure:4188: mips-linux-uclibc-gcc -E  conftest.c
configure:4194: $? = 0
configure:4214: result: yes
configure:4249: checking for fcntl.h
configure:4256: result: yes
configure:4133: checking sys/ioctl.h usability
configure:4145: mips-linux-uclibc-gcc -c -g -O2 -I$(srcdir)  conftest.c >&5
configure:4151: $? = 0
configure:4155: test -z 
			 || test ! -s conftest.err
configure:4158: $? = 0
configure:4161: test -s conftest.o
configure:4164: $? = 0
configure:4174: result: yes
configure:4178: checking sys/ioctl.h presence
configure:4188: mips-linux-uclibc-gcc -E  conftest.c
configure:4194: $? = 0
configure:4214: result: yes
configure:4249: checking for sys/ioctl.h
configure:4256: result: yes
configure:4133: checking sys/time.h usability
configure:4145: mips-linux-uclibc-gcc -c -g -O2 -I$(srcdir)  conftest.c >&5
configure:4151: $? = 0
configure:4155: test -z 
			 || test ! -s conftest.err
configure:4158: $? = 0
configure:4161: test -s conftest.o
configure:4164: $? = 0
configure:4174: result: yes
configure:4178: checking sys/time.h presence
configure:4188: mips-linux-uclibc-gcc -E  conftest.c
configure:4194: $? = 0
configure:4214: result: yes
configure:4249: checking for sys/time.h
configure:4256: result: yes
configure:4133: checking syslog.h usability
configure:4145: mips-linux-uclibc-gcc -c -g -O2 -I$(srcdir)  conftest.c >&5
configure:4151: $? = 0
configure:4155: test -z 
			 || test ! -s conftest.err
configure:4158: $? = 0
configure:4161: test -s conftest.o
configure:4164: $? = 0
configure:4174: result: yes
configure:4178: checking syslog.h presence
configure:4188: mips-linux-uclibc-gcc -E  conftest.c
configure:4194: $? = 0
configure:4214: result: yes
configure:4249: checking for syslog.h
configure:4256: result: yes
configure:4124: checking for unistd.h
configure:4129: result: yes
configure:4133: checking ifaddrs.h usability
configure:4145: mips-linux-uclibc-gcc -c -g -O2 -I$(srcdir)  conftest.c >&5
configure:4151: $? = 0
configure:4155: test -z 
			 || test ! -s conftest.err
configure:4158: $? = 0
configure:4161: test -s conftest.o
configure:4164: $? = 0
configure:4174: result: yes
configure:4178: checking ifaddrs.h presence
configure:4188: mips-linux-uclibc-gcc -E  conftest.c
configure:4194: $? = 0
configure:4214: result: yes
configure:4249: checking for ifaddrs.h
configure:4256: result: yes
configure:4269: checking for socklen_t
configure:4288: mips-linux-uclibc-gcc -c -g -O2 -I$(srcdir)  conftest.c >&5
configure:4294: $? = 0
configure:4298: test -z 
			 || test ! -s conftest.err
configure:4301: $? = 0
configure:4304: test -s conftest.o
configure:4307: $? = 0
configure:4309: result: yes
configure:4386: checking for an ANSI C-conforming const
configure:4453: mips-linux-uclibc-gcc -c -g -O2 -I$(srcdir)  conftest.c >&5
configure:4459: $? = 0
configure:4463: test -z 
			 || test ! -s conftest.err
configure:4466: $? = 0
configure:4469: test -s conftest.o
configure:4472: $? = 0
configure:4483: result: yes
configure:4493: checking for size_t
configure:4517: mips-linux-uclibc-gcc -c -g -O2 -I$(srcdir)  conftest.c >&5
configure:4523: $? = 0
configure:4527: test -z 
			 || test ! -s conftest.err
configure:4530: $? = 0
configure:4533: test -s conftest.o
configure:4536: $? = 0
configure:4547: result: yes
configure:4559: checking whether time.h and sys/time.h may both be included
configure:4584: mips-linux-uclibc-gcc -c -g -O2 -I$(srcdir)  conftest.c >&5
configure:4590: $? = 0
configure:4594: test -z 
			 || test ! -s conftest.err
configure:4597: $? = 0
configure:4600: test -s conftest.o
configure:4603: $? = 0
configure:4614: result: yes
configure:4624: checking whether struct tm is in sys/time.h or time.h
configure:4647: mips-linux-uclibc-gcc -c -g -O2 -I$(srcdir)  conftest.c >&5
configure:4653: $? = 0
configure:4657: test -z 
			 || test ! -s conftest.err
configure:4660: $? = 0
configure:4663: test -s conftest.o
configure:4666: $? = 0
configure:4677: result: time.h
configure:4687: checking for struct tm.tm_zone
configure:4713: mips-linux-uclibc-gcc -c -g -O2 -I$(srcdir)  conftest.c >&5
configure:4719: $? = 0
configure:4723: test -z 
			 || test ! -s conftest.err
configure:4726: $? = 0
configure:4729: test -s conftest.o
configure:4732: $? = 0
configure:4792: result: yes
configure:4877: checking for sig_atomic_t
configure:4903: mips-linux-uclibc-gcc -c -g -O2 -I$(srcdir)  conftest.c >&5
configure:4909: $? = 0
configure:4913: test -z 
			 || test ! -s conftest.err
configure:4916: $? = 0
configure:4919: test -s conftest.o
configure:4922: $? = 0
configure:4933: result: yes
configure:4951: checking whether getpgrp requires zero arguments
configure:4973: mips-linux-uclibc-gcc -c -g -O2 -I$(srcdir)  conftest.c >&5
conftest.c: In function 'main':
conftest.c:75: error: too many arguments to function 'getpgrp'
configure:4979: $? = 1
configure: failed program was:
| /* confdefs.h.  */
| 
| #define PACKAGE_NAME ""
| #define PACKAGE_TARNAME ""
| #define PACKAGE_VERSION ""
| #define PACKAGE_STRING ""
| #define PACKAGE_BUGREPORT ""
| #define YYTEXT_POINTER 1
| #define HAVE_GETADDRINFO 1
| #define HAVE_GETNAMEINFO 1
| #define HAVE_GETIFADDRS 1
| #define HAVE_IF_NAMETOINDEX 1
| #define HAVE_STRLCPY 1
| #define HAVE_STRLCAT 1
| #define HAVE_DAEMON 1
| #define HAVE_WARNX 1
| #define STDC_HEADERS 1
| #define HAVE_SYS_TYPES_H 1
| #define HAVE_SYS_STAT_H 1
| #define HAVE_STDLIB_H 1
| #define HAVE_STRING_H 1
| #define HAVE_MEMORY_H 1
| #define HAVE_STRINGS_H 1
| #define HAVE_INTTYPES_H 1
| #define HAVE_STDINT_H 1
| #define HAVE_UNISTD_H 1
| #define HAVE_FCNTL_H 1
| #define HAVE_SYS_IOCTL_H 1
| #define HAVE_SYS_TIME_H 1
| #define HAVE_SYSLOG_H 1
| #define HAVE_UNISTD_H 1
| #define HAVE_IFADDRS_H 1
| #define TIME_WITH_SYS_TIME 1
| #define HAVE_STRUCT_TM_TM_ZONE 1
| #define HAVE_TM_ZONE 1
| #define HAVE_SIG_ATOMIC_T 1
| /* end confdefs.h.  */
| #include <stdio.h>
| #if HAVE_SYS_TYPES_H
| # include <sys/types.h>
| #endif
| #if HAVE_SYS_STAT_H
| # include <sys/stat.h>
| #endif
| #if STDC_HEADERS
| # include <stdlib.h>
| # include <stddef.h>
| #else
| # if HAVE_STDLIB_H
| #  include <stdlib.h>
| # endif
| #endif
| #if HAVE_STRING_H
| # if !STDC_HEADERS && HAVE_MEMORY_H
| #  include <memory.h>
| # endif
| # include <string.h>
| #endif
| #if HAVE_STRINGS_H
| # include <strings.h>
| #endif
| #if HAVE_INTTYPES_H
| # include <inttypes.h>
| #else
| # if HAVE_STDINT_H
| #  include <stdint.h>
| # endif
| #endif
| #if HAVE_UNISTD_H
| # include <unistd.h>
| #endif
| int
| main ()
| {
| getpgrp (0);
|   ;
|   return 0;
| }
configure:5004: result: yes
configure:5015: checking whether mips-linux-uclibc-gcc needs -traditional
configure:5057: result: no
configure:5064: checking whether setpgrp takes no argument
configure:5070: error: cannot check setpgrp when cross compiling
configure:5118: result: 
configure:5128: checking return type of signal handlers
configure:5159: mips-linux-uclibc-gcc -c -g -O2 -I$(srcdir)  conftest.c >&5
configure:5165: $? = 0
configure:5169: test -z 
			 || test ! -s conftest.err
configure:5172: $? = 0
configure:5175: test -s conftest.o
configure:5178: $? = 0
configure:5189: result: void
configure:5203: checking for mktime
configure:5260: mips-linux-uclibc-gcc -o conftest -g -O2 -I$(srcdir)   conftest.c  >&5
configure:5266: $? = 0
configure:5270: test -z 
			 || test ! -s conftest.err
configure:5273: $? = 0
configure:5276: test -s conftest
configure:5279: $? = 0
configure:5291: result: yes
configure:5203: checking for select
configure:5260: mips-linux-uclibc-gcc -o conftest -g -O2 -I$(srcdir)   conftest.c  >&5
configure:5266: $? = 0
configure:5270: test -z 
			 || test ! -s conftest.err
configure:5273: $? = 0
configure:5276: test -s conftest
configure:5279: $? = 0
configure:5291: result: yes
configure:5203: checking for socket
configure:5260: mips-linux-uclibc-gcc -o conftest -g -O2 -I$(srcdir)   conftest.c  >&5
configure:5266: $? = 0
configure:5270: test -z 
			 || test ! -s conftest.err
configure:5273: $? = 0
configure:5276: test -s conftest
configure:5279: $? = 0
configure:5291: result: yes
configure:5305: checking for clock_gettime
configure:5362: mips-linux-uclibc-gcc -o conftest -g -O2 -I$(srcdir)   conftest.c  >&5
configure:5368: $? = 0
configure:5372: test -z 
			 || test ! -s conftest.err
configure:5375: $? = 0
configure:5378: test -s conftest
configure:5381: $? = 0
configure:5393: result: yes
configure:5404: checking for local DB directory
configure:5414: result: /var/db
configure:5422: checking for arc4random
configure:5479: mips-linux-uclibc-gcc -o conftest -g -O2 -I$(srcdir)   conftest.c  >&5
configure:5485: $? = 0
configure:5489: test -z 
			 || test ! -s conftest.err
configure:5492: $? = 0
configure:5495: test -s conftest
configure:5498: $? = 0
configure:5510: result: yes
configure:5531: checking if --enable-pedant option is specified
configure:5542: result: no
configure:5545: checking ANSI predeclared __func__
configure:5563: mips-linux-uclibc-gcc -c -g -O2 -I$(srcdir)  conftest.c >&5
conftest.c: In function 'func':
conftest.c:49: warning: incompatible implicit declaration of built-in function 'printf'
configure:5569: $? = 0
configure:5573: test -z 
			 || test ! -s conftest.err
configure:5576: $? = 0
configure:5579: test -s conftest.o
configure:5582: $? = 0
configure:5584: result: yes
configure:5665: checking checking the existence TAILQ_FOREACH_REVERSE
configure:5686: result: yes
configure:5696: checking argument order of TAILQ_FOREACH_REVERSE
configure:5728: mips-linux-uclibc-gcc -c -g -O2 -I$(srcdir)  conftest.c >&5
configure:5734: $? = 0
configure:5738: test -z 
			 || test ! -s conftest.err
configure:5741: $? = 0
configure:5744: test -s conftest.o
configure:5747: $? = 0
configure:5749: result: new
configure:5769: checking if you have a length field in struct sockaddr*
configure:5796: mips-linux-uclibc-gcc -c -g -O2 -I$(srcdir)  conftest.c >&5
conftest.c: In function 'main':
conftest.c:56: error: 'struct sockaddr' has no member named 'sa_len'
configure:5802: $? = 1
configure: failed program was:
| /* confdefs.h.  */
| 
| #define PACKAGE_NAME ""
| #define PACKAGE_TARNAME ""
| #define PACKAGE_VERSION ""
| #define PACKAGE_STRING ""
| #define PACKAGE_BUGREPORT ""
| #define YYTEXT_POINTER 1
| #define HAVE_GETADDRINFO 1
| #define HAVE_GETNAMEINFO 1
| #define HAVE_GETIFADDRS 1
| #define HAVE_IF_NAMETOINDEX 1
| #define HAVE_STRLCPY 1
| #define HAVE_STRLCAT 1
| #define HAVE_DAEMON 1
| #define HAVE_WARNX 1
| #define STDC_HEADERS 1
| #define HAVE_SYS_TYPES_H 1
| #define HAVE_SYS_STAT_H 1
| #define HAVE_STDLIB_H 1
| #define HAVE_STRING_H 1
| #define HAVE_MEMORY_H 1
| #define HAVE_STRINGS_H 1
| #define HAVE_INTTYPES_H 1
| #define HAVE_STDINT_H 1
| #define HAVE_UNISTD_H 1
| #define HAVE_FCNTL_H 1
| #define HAVE_SYS_IOCTL_H 1
| #define HAVE_SYS_TIME_H 1
| #define HAVE_SYSLOG_H 1
| #define HAVE_UNISTD_H 1
| #define HAVE_IFADDRS_H 1
| #define TIME_WITH_SYS_TIME 1
| #define HAVE_STRUCT_TM_TM_ZONE 1
| #define HAVE_TM_ZONE 1
| #define HAVE_SIG_ATOMIC_T 1
| #define GETPGRP_VOID 1
| #define RETSIGTYPE void
| #define HAVE_MKTIME 1
| #define HAVE_SELECT 1
| #define HAVE_SOCKET 1
| #define HAVE_CLOCK_GETTIME 1
| #define HAVE_ARC4RANDOM 1
| #define HAVE_ANSI_FUNC 1
| #define HAVE_TAILQ_FOREACH_REVERSE 1
| /* end confdefs.h.  */
| 
|  #include <sys/types.h>
|  #include <sys/socket.h>
| 
| int
| main ()
| {
| 
|  struct sockaddr a;
|  a.sa_len = 1;
| 
|   ;
|   return 0;
| }
configure:5827: result: no
configure:5837: checking the owner of the programs
configure:5847: result: bin
configure:5851: checking the group owner of the programs
configure:5861: result: bin
configure:5879: checking stdarg.h usability
configure:5891: mips-linux-uclibc-gcc -c -g -O2 -I$(srcdir)  conftest.c >&5
configure:5897: $? = 0
configure:5901: test -z 
			 || test ! -s conftest.err
configure:5904: $? = 0
configure:5907: test -s conftest.o
configure:5910: $? = 0
configure:5920: result: yes
configure:5924: checking stdarg.h presence
configure:5934: mips-linux-uclibc-gcc -E  conftest.c
configure:5940: $? = 0
configure:5960: result: yes
configure:5995: checking for stdarg.h
configure:6002: result: yes
configure:6143: creating ./config.status

## ---------------------- ##
## Running config.status. ##
## ---------------------- ##

This file was extended by config.status, which was
generated by GNU Autoconf 2.59.  Invocation command line was

  CONFIG_FILES    = 
  CONFIG_HEADERS  = 
  CONFIG_LINKS    = 
  CONFIG_COMMANDS = 
  $ ./config.status 

on F250

config.status:649: creating Makefile

## ---------------- ##
## Cache variables. ##
## ---------------- ##

ac_cv_c_compiler_gnu=yes
ac_cv_c_const=yes
ac_cv_env_CC_set=
ac_cv_env_CC_value=
ac_cv_env_CFLAGS_set=
ac_cv_env_CFLAGS_value=
ac_cv_env_CPPFLAGS_set=
ac_cv_env_CPPFLAGS_value=
ac_cv_env_CPP_set=
ac_cv_env_CPP_value=
ac_cv_env_LDFLAGS_set=
ac_cv_env_LDFLAGS_value=
ac_cv_env_build_alias_set=
ac_cv_env_build_alias_value=
ac_cv_env_host_alias_set=set
ac_cv_env_host_alias_value=mips-linux-uclibc
ac_cv_env_target_alias_set=
ac_cv_env_target_alias_value=
ac_cv_exeext=
ac_cv_func_arc4random=yes
ac_cv_func_clock_gettime=yes
ac_cv_func_daemon=yes
ac_cv_func_getaddrinfo=yes
ac_cv_func_getifaddrs=yes
ac_cv_func_getnameinfo=yes
ac_cv_func_getpgrp_void=yes
ac_cv_func_if_nametoindex=yes
ac_cv_func_mktime=yes
ac_cv_func_select=yes
ac_cv_func_socket=yes
ac_cv_func_strlcat=yes
ac_cv_func_strlcpy=yes
ac_cv_func_warnx=yes
ac_cv_header_fcntl_h=yes
ac_cv_header_ifaddrs_h=yes
ac_cv_header_inttypes_h=yes
ac_cv_header_memory_h=yes
ac_cv_header_stdarg_h=yes
ac_cv_header_stdc=yes
ac_cv_header_stdint_h=yes
ac_cv_header_stdlib_h=yes
ac_cv_header_string_h=yes
ac_cv_header_strings_h=yes
ac_cv_header_sys_ioctl_h=yes
ac_cv_header_sys_stat_h=yes
ac_cv_header_sys_time_h=yes
ac_cv_header_sys_types_h=yes
ac_cv_header_syslog_h=yes
ac_cv_header_time=yes
ac_cv_header_unistd_h=yes
ac_cv_lib_fl_yywrap=yes
ac_cv_member_struct_tm_tm_zone=yes
ac_cv_objext=o
ac_cv_path_install='/usr/bin/install -c'
ac_cv_prog_CC=mips-linux-uclibc-gcc
ac_cv_prog_CPP='mips-linux-uclibc-gcc -E'
ac_cv_prog_LEX=flex
ac_cv_prog_YACC='bison -y'
ac_cv_prog_cc_g=yes
ac_cv_prog_cc_stdc=
ac_cv_prog_egrep='grep -E'
ac_cv_prog_gcc_traditional=no
ac_cv_prog_lex_root=lex.yy
ac_cv_prog_lex_yytext_pointer=yes
ac_cv_prog_make_make_set=yes
ac_cv_struct_tm=time.h
ac_cv_type_sig_atomic_t=yes
ac_cv_type_signal=void
ac_cv_type_size_t=yes
ts_cv_sa_len=no

## ----------------- ##
## Output variables. ##
## ----------------- ##

CC='mips-linux-uclibc-gcc'
CFLAGS='-g -O2 -I$(srcdir)'
CPP='mips-linux-uclibc-gcc -E'
CPPFLAGS=''
DEFS='-DPACKAGE_NAME=\"\" -DPACKAGE_TARNAME=\"\" -DPACKAGE_VERSION=\"\" -DPACKAGE_STRING=\"\" -DPACKAGE_BUGREPORT=\"\" -DYYTEXT_POINTER=1 -DHAVE_GETADDRINFO=1 -DHAVE_GETNAMEINFO=1 -DHAVE_GETIFADDRS=1 -DHAVE_IF_NAMETOINDEX=1 -DHAVE_STRLCPY=1 -DHAVE_STRLCAT=1 -DHAVE_DAEMON=1 -DHAVE_WARNX=1 -DSTDC_HEADERS=1 -DHAVE_SYS_TYPES_H=1 -DHAVE_SYS_STAT_H=1 -DHAVE_STDLIB_H=1 -DHAVE_STRING_H=1 -DHAVE_MEMORY_H=1 -DHAVE_STRINGS_H=1 -DHAVE_INTTYPES_H=1 -DHAVE_STDINT_H=1 -DHAVE_UNISTD_H=1 -DHAVE_FCNTL_H=1 -DHAVE_SYS_IOCTL_H=1 -DHAVE_SYS_TIME_H=1 -DHAVE_SYSLOG_H=1 -DHAVE_UNISTD_H=1 -DHAVE_IFADDRS_H=1 -DTIME_WITH_SYS_TIME=1 -DHAVE_STRUCT_TM_TM_ZONE=1 -DHAVE_TM_ZONE=1 -DHAVE_SIG_ATOMIC_T=1 -DGETPGRP_VOID=1 -DRETSIGTYPE=void -DHAVE_MKTIME=1 -DHAVE_SELECT=1 -DHAVE_SOCKET=1 -DHAVE_CLOCK_GETTIME=1 -DHAVE_ARC4RANDOM=1 -DHAVE_ANSI_FUNC=1 -DHAVE_TAILQ_FOREACH_REVERSE=1 -DHAVE_STDARG_H=1 '
ECHO_C=''
ECHO_N='-n'
ECHO_T=''
EGREP='grep -E'
EXEEXT=''
INSTALL_DATA='${INSTALL} -m 644'
INSTALL_PROGRAM='${INSTALL}'
INSTALL_SCRIPT='${INSTALL}'
LDFLAGS=''
LEX='flex'
LEXLIB='-lfl'
LEX_OUTPUT_ROOT='lex.yy'
LIBOBJS=''
LIBS=''
LTLIBOBJS=''
OBJEXT='o'
PACKAGE_BUGREPORT=''
PACKAGE_NAME=''
PACKAGE_STRING=''
PACKAGE_TARNAME=''
PACKAGE_VERSION=''
PATH_SEPARATOR=':'
SET_MAKE=''
SHELL='/bin/sh'
YACC='bison -y'
ac_ct_CC=''
bindir='${exec_prefix}/bin'
build_alias=''
datadir='${prefix}/share'
exec_prefix='${prefix}'
group='bin'
host_alias='mips-linux-uclibc'
includedir='${prefix}/include'
infodir='${prefix}/info'
libdir='${exec_prefix}/lib'
libexecdir='${exec_prefix}/libexec'
localdbdir='/var/db'
localstatedir='${prefix}/var'
mandir='${prefix}/man'
oldincludedir='/usr/include'
prefix=''
program_transform_name='s,x,x,'
sbindir='${exec_prefix}/sbin'
sharedstatedir='${prefix}/com'
sysconfdir='${prefix}/etc'
target_alias=''
user='bin'

## ----------- ##
## confdefs.h. ##
## ----------- ##

#define GETPGRP_VOID 1
#define HAVE_ANSI_FUNC 1
#define HAVE_ARC4RANDOM 1
#define HAVE_CLOCK_GETTIME 1
#define HAVE_DAEMON 1
#define HAVE_FCNTL_H 1
#define HAVE_GETADDRINFO 1
#define HAVE_GETIFADDRS 1
#define HAVE_GETNAMEINFO 1
#define HAVE_IFADDRS_H 1
#define HAVE_IF_NAMETOINDEX 1
#define HAVE_INTTYPES_H 1
#define HAVE_MEMORY_H 1
#define HAVE_MKTIME 1
#define HAVE_SELECT 1
#define HAVE_SIG_ATOMIC_T 1
#define HAVE_SOCKET 1
#define HAVE_STDARG_H 1
#define HAVE_STDINT_H 1
#define HAVE_STDLIB_H 1
#define HAVE_STRINGS_H 1
#define HAVE_STRING_H 1
#define HAVE_STRLCAT 1
#define HAVE_STRLCPY 1
#define HAVE_STRUCT_TM_TM_ZONE 1
#define HAVE_SYSLOG_H 1
#define HAVE_SYS_IOCTL_H 1
#define HAVE_SYS_STAT_H 1
#define HAVE_SYS_TIME_H 1
#define HAVE_SYS_TYPES_H 1
#define HAVE_TAILQ_FOREACH_REVERSE 1
#define HAVE_TM_ZONE 1
#define HAVE_UNISTD_H 1
#define HAVE_UNISTD_H 1
#define HAVE_WARNX 1
#define PACKAGE_BUGREPORT ""
#define PACKAGE_NAME ""
#define PACKAGE_STRING ""
#define PACKAGE_TARNAME ""
#define PACKAGE_VERSION ""
#define RETSIGTYPE void
#define STDC_HEADERS 1
#define TIME_WITH_SYS_TIME 1
#define YYTEXT_POINTER 1

configure: exit 0
