This file contains any messages produced by compilers while
running configure, to aid debugging if configure makes a mistake.

It was created by email configure 3.1.2, which was
generated by GNU Autoconf 2.61.  Invocation command line was

  $ ./configure --with-ssl

## --------- ##
## Platform. ##
## --------- ##

hostname = F230
uname -m = i686
uname -r = 2.6.21-2-686
uname -s = Linux
uname -v = #1 SMP Fri Jul 13 15:05:54 UTC 2007

/usr/bin/uname -p = unknown
/bin/uname -X     = unknown

/bin/arch              = i686
/usr/bin/arch -k       = unknown
/usr/convex/getsysinfo = unknown
/usr/bin/hostinfo      = unknown
/bin/machine           = unknown
/usr/bin/oslevel       = unknown
/bin/universe          = unknown

PATH: /opt/mips-ap83-gcc-3.4.4-2.16.1/bin
PATH: /opt/mips-ap83-gcc-3.4.4-2.16.1/bin
PATH: /usr/local/bin
PATH: /usr/bin
PATH: /bin
PATH: /usr/games


## ----------- ##
## Core tests. ##
## ----------- ##

configure:1761: checking for gcc
configure:1777: found /usr/bin/gcc
configure:1788: result: gcc
configure:2026: checking for C compiler version
configure:2033: gcc --version >&5
gcc (Debian 4.3.2-1.1) 4.3.2
Copyright (C) 2008 Free Software Foundation, Inc.
This is free software; see the source for copying conditions.  There is NO
warranty; not even for MERCHANTABILITY or FITNESS FOR A PARTICULAR PURPOSE.

configure:2036: $? = 0
configure:2043: gcc -v >&5
Using built-in specs.
Target: i486-linux-gnu
Configured with: ../src/configure -v --with-pkgversion='Debian 4.3.2-1.1' --with-bugurl=file:///usr/share/doc/gcc-4.3/README.Bugs --enable-languages=c,c++,fortran,objc,obj-c++ --prefix=/usr --enable-shared --with-system-zlib --libexecdir=/usr/lib --without-included-gettext --enable-threads=posix --enable-nls --with-gxx-include-dir=/usr/include/c++/4.3 --program-suffix=-4.3 --enable-clocale=gnu --enable-libstdcxx-debug --enable-objc-gc --enable-mpfr --enable-targets=all --enable-cld --enable-checking=release --build=i486-linux-gnu --host=i486-linux-gnu --target=i486-linux-gnu
Thread model: posix
gcc version 4.3.2 (Debian 4.3.2-1.1) 
configure:2046: $? = 0
configure:2053: gcc -V >&5
gcc: '-V' option must have argument
configure:2056: $? = 1
configure:2079: checking for C compiler default output file name
configure:2106: gcc    conftest.c  >&5
configure:2109: $? = 0
configure:2147: result: a.out
configure:2164: checking whether the C compiler works
configure:2174: ./a.out
configure:2177: $? = 0
configure:2194: result: yes
configure:2201: checking whether we are cross compiling
configure:2203: result: no
configure:2206: checking for suffix of executables
configure:2213: gcc -o conftest    conftest.c  >&5
configure:2216: $? = 0
configure:2240: result: 
configure:2246: checking for suffix of object files
configure:2272: gcc -c   conftest.c >&5
configure:2275: $? = 0
configure:2298: result: o
configure:2302: checking whether we are using the GNU C compiler
configure:2331: gcc -c   conftest.c >&5
configure:2337: $? = 0
configure:2354: result: yes
configure:2359: checking whether gcc accepts -g
configure:2389: gcc -c -g  conftest.c >&5
configure:2395: $? = 0
configure:2494: result: yes
configure:2511: checking for gcc option to accept ISO C89
configure:2585: gcc  -c -g -O2  conftest.c >&5
configure:2591: $? = 0
configure:2614: result: none needed
configure:2632: checking whether make sets $(MAKE)
configure:2653: result: yes
configure:2687: checking for special C compiler options needed for large files
configure:2780: result: no
configure:2786: checking for _FILE_OFFSET_BITS value needed for large files
configure:2821: gcc -c -g -O2  conftest.c >&5
conftest.c:15: warning: left shift count >= width of type
conftest.c:15: warning: left shift count >= width of type
conftest.c:17: error: size of array 'off_t_is_large' is negative
configure:2827: $? = 1
configure: failed program was:
| /* confdefs.h.  */
| #define PACKAGE_NAME "email"
| #define PACKAGE_TARNAME "email"
| #define PACKAGE_VERSION "3.1.2"
| #define PACKAGE_STRING "email 3.1.2"
| #define PACKAGE_BUGREPORT "<deanjones@cleancode.org>"
| #define _GNU_SOURCE 1
| /* end confdefs.h.  */
| #include <sys/types.h>
|  /* Check that off_t can represent 2**63 - 1 correctly.
|     We can't simply define LARGE_OFF_T to be 9223372036854775807,
|     since some C++ compilers masquerading as C compilers
|     incorrectly reject 9223372036854775807.  */
| #define LARGE_OFF_T (((off_t) 1 << 62) - 1 + ((off_t) 1 << 62))
|   int off_t_is_large[(LARGE_OFF_T % 2147483629 == 721
| 		       && LARGE_OFF_T % 2147483647 == 1)
| 		      ? 1 : -1];
| int
| main ()
| {
| 
|   ;
|   return 0;
| }
configure:2871: gcc -c -g -O2  conftest.c >&5
configure:2877: $? = 0
configure:2895: result: 64
configure:3036: checking for library containing socket
configure:3077: gcc -o conftest -g -O2 -Wall -W   conftest.c  >&5
configure:3083: $? = 0
configure:3111: result: none required
configure:3119: checking for library containing sqrt
configure:3160: gcc -o conftest -g -O2 -Wall -W   conftest.c  >&5
conftest.c:17: warning: conflicting types for built-in function 'sqrt'
/tmp/ccGsm4aa.o: In function `main':
/project/yuda/email2553/progs.gpl/email/conftest.c:21: undefined reference to `sqrt'
collect2: ld returned 1 exit status
configure:3166: $? = 1
configure: failed program was:
| /* confdefs.h.  */
| #define PACKAGE_NAME "email"
| #define PACKAGE_TARNAME "email"
| #define PACKAGE_VERSION "3.1.2"
| #define PACKAGE_STRING "email 3.1.2"
| #define PACKAGE_BUGREPORT "<deanjones@cleancode.org>"
| #define _GNU_SOURCE 1
| #define _FILE_OFFSET_BITS 64
| /* end confdefs.h.  */
| 
| /* Override any GCC internal prototype to avoid an error.
|    Use char because int might match the return type of a GCC
|    builtin and then its argument prototype would still apply.  */
| #ifdef __cplusplus
| extern "C"
| #endif
| char sqrt ();
| int
| main ()
| {
| return sqrt ();
|   ;
|   return 0;
| }
configure:3160: gcc -o conftest -g -O2 -Wall -W   conftest.c -lm   >&5
conftest.c:17: warning: conflicting types for built-in function 'sqrt'
configure:3166: $? = 0
configure:3194: result: -lm
configure:3202: checking for library containing gethostbyname
configure:3243: gcc -o conftest -g -O2 -Wall -W   conftest.c -lm  >&5
configure:3249: $? = 0
configure:3277: result: none required
configure:3287: checking for SSL_library_init in -lssl
configure:3322: gcc -o conftest -g -O2 -Wall -W   conftest.c -lssl  -lm  >&5
configure:3328: $? = 0
configure:3346: result: yes
configure:3357: checking for library containing X509_free
configure:3398: gcc -o conftest -g -O2 -Wall -W   conftest.c -lssl -lm  >&5
configure:3404: $? = 0
configure:3432: result: none required
configure:3440: checking for library containing RAND_seed
configure:3481: gcc -o conftest -g -O2 -Wall -W   conftest.c -lssl -lm  >&5
configure:3487: $? = 0
configure:3515: result: none required
configure:3533: checking how to run the C preprocessor
configure:3573: gcc -E  conftest.c
configure:3579: $? = 0
configure:3610: gcc -E  conftest.c
conftest.c:11:28: error: ac_nonexistent.h: No such file or directory
configure:3616: $? = 1
configure: failed program was:
| /* confdefs.h.  */
| #define PACKAGE_NAME "email"
| #define PACKAGE_TARNAME "email"
| #define PACKAGE_VERSION "3.1.2"
| #define PACKAGE_STRING "email 3.1.2"
| #define PACKAGE_BUGREPORT "<deanjones@cleancode.org>"
| #define _GNU_SOURCE 1
| #define _FILE_OFFSET_BITS 64
| #define HAVE_LIBSSL 1
| /* end confdefs.h.  */
| #include <ac_nonexistent.h>
configure:3649: result: gcc -E
configure:3678: gcc -E  conftest.c
configure:3684: $? = 0
configure:3715: gcc -E  conftest.c
conftest.c:11:28: error: ac_nonexistent.h: No such file or directory
configure:3721: $? = 1
configure: failed program was:
| /* confdefs.h.  */
| #define PACKAGE_NAME "email"
| #define PACKAGE_TARNAME "email"
| #define PACKAGE_VERSION "3.1.2"
| #define PACKAGE_STRING "email 3.1.2"
| #define PACKAGE_BUGREPORT "<deanjones@cleancode.org>"
| #define _GNU_SOURCE 1
| #define _FILE_OFFSET_BITS 64
| #define HAVE_LIBSSL 1
| /* end confdefs.h.  */
| #include <ac_nonexistent.h>
configure:3759: checking for grep that handles long lines and -e
configure:3833: result: /bin/grep
configure:3838: checking for egrep
configure:3916: result: /bin/grep -E
configure:3921: checking for ANSI C header files
configure:3951: gcc -c -g -O2 -Wall -W  conftest.c >&5
configure:3957: $? = 0
configure:4056: gcc -o conftest -g -O2 -Wall -W   conftest.c -lssl -lm  >&5
configure:4059: $? = 0
configure:4065: ./conftest
configure:4068: $? = 0
configure:4085: result: yes
configure:4095: checking for sys/wait.h that is POSIX.1 compatible
configure:4131: gcc -c -g -O2 -Wall -W  conftest.c >&5
configure:4137: $? = 0
configure:4152: result: yes
configure:4176: checking for sys/types.h
configure:4197: gcc -c -g -O2 -Wall -W  conftest.c >&5
configure:4203: $? = 0
configure:4219: result: yes
configure:4176: checking for sys/stat.h
configure:4197: gcc -c -g -O2 -Wall -W  conftest.c >&5
configure:4203: $? = 0
configure:4219: result: yes
configure:4176: checking for stdlib.h
configure:4197: gcc -c -g -O2 -Wall -W  conftest.c >&5
configure:4203: $? = 0
configure:4219: result: yes
configure:4176: checking for string.h
configure:4197: gcc -c -g -O2 -Wall -W  conftest.c >&5
configure:4203: $? = 0
configure:4219: result: yes
configure:4176: checking for memory.h
configure:4197: gcc -c -g -O2 -Wall -W  conftest.c >&5
configure:4203: $? = 0
configure:4219: result: yes
configure:4176: checking for strings.h
configure:4197: gcc -c -g -O2 -Wall -W  conftest.c >&5
configure:4203: $? = 0
configure:4219: result: yes
configure:4176: checking for inttypes.h
configure:4197: gcc -c -g -O2 -Wall -W  conftest.c >&5
configure:4203: $? = 0
configure:4219: result: yes
configure:4176: checking for stdint.h
configure:4197: gcc -c -g -O2 -Wall -W  conftest.c >&5
configure:4203: $? = 0
configure:4219: result: yes
configure:4176: checking for unistd.h
configure:4197: gcc -c -g -O2 -Wall -W  conftest.c >&5
configure:4203: $? = 0
configure:4219: result: yes
configure:4258: checking arpa/inet.h usability
configure:4275: gcc -c -g -O2 -Wall -W  conftest.c >&5
configure:4281: $? = 0
configure:4295: result: yes
configure:4299: checking arpa/inet.h presence
configure:4314: gcc -E  conftest.c
configure:4320: $? = 0
configure:4334: result: yes
configure:4367: checking for arpa/inet.h
configure:4375: result: yes
configure:4258: checking fcntl.h usability
configure:4275: gcc -c -g -O2 -Wall -W  conftest.c >&5
configure:4281: $? = 0
configure:4295: result: yes
configure:4299: checking fcntl.h presence
configure:4314: gcc -E  conftest.c
configure:4320: $? = 0
configure:4334: result: yes
configure:4367: checking for fcntl.h
configure:4375: result: yes
configure:4258: checking libintl.h usability
configure:4275: gcc -c -g -O2 -Wall -W  conftest.c >&5
configure:4281: $? = 0
configure:4295: result: yes
configure:4299: checking libintl.h presence
configure:4314: gcc -E  conftest.c
configure:4320: $? = 0
configure:4334: result: yes
configure:4367: checking for libintl.h
configure:4375: result: yes
configure:4258: checking netdb.h usability
configure:4275: gcc -c -g -O2 -Wall -W  conftest.c >&5
configure:4281: $? = 0
configure:4295: result: yes
configure:4299: checking netdb.h presence
configure:4314: gcc -E  conftest.c
configure:4320: $? = 0
configure:4334: result: yes
configure:4367: checking for netdb.h
configure:4375: result: yes
configure:4258: checking netinet/in.h usability
configure:4275: gcc -c -g -O2 -Wall -W  conftest.c >&5
configure:4281: $? = 0
configure:4295: result: yes
configure:4299: checking netinet/in.h presence
configure:4314: gcc -E  conftest.c
configure:4320: $? = 0
configure:4334: result: yes
configure:4367: checking for netinet/in.h
configure:4375: result: yes
configure:4248: checking for stdlib.h
configure:4254: result: yes
configure:4248: checking for string.h
configure:4254: result: yes
configure:4248: checking for strings.h
configure:4254: result: yes
configure:4258: checking sys/ioctl.h usability
configure:4275: gcc -c -g -O2 -Wall -W  conftest.c >&5
configure:4281: $? = 0
configure:4295: result: yes
configure:4299: checking sys/ioctl.h presence
configure:4314: gcc -E  conftest.c
configure:4320: $? = 0
configure:4334: result: yes
configure:4367: checking for sys/ioctl.h
configure:4375: result: yes
configure:4258: checking sys/socket.h usability
configure:4275: gcc -c -g -O2 -Wall -W  conftest.c >&5
configure:4281: $? = 0
configure:4295: result: yes
configure:4299: checking sys/socket.h presence
configure:4314: gcc -E  conftest.c
configure:4320: $? = 0
configure:4334: result: yes
configure:4367: checking for sys/socket.h
configure:4375: result: yes
configure:4258: checking sys/time.h usability
configure:4275: gcc -c -g -O2 -Wall -W  conftest.c >&5
configure:4281: $? = 0
configure:4295: result: yes
configure:4299: checking sys/time.h presence
configure:4314: gcc -E  conftest.c
configure:4320: $? = 0
configure:4334: result: yes
configure:4367: checking for sys/time.h
configure:4375: result: yes
configure:4258: checking termios.h usability
configure:4275: gcc -c -g -O2 -Wall -W  conftest.c >&5
configure:4281: $? = 0
configure:4295: result: yes
configure:4299: checking termios.h presence
configure:4314: gcc -E  conftest.c
configure:4320: $? = 0
configure:4334: result: yes
configure:4367: checking for termios.h
configure:4375: result: yes
configure:4248: checking for unistd.h
configure:4254: result: yes
configure:4390: checking whether time.h and sys/time.h may both be included
configure:4420: gcc -c -g -O2 -Wall -W  conftest.c >&5
configure:4426: $? = 0
configure:4441: result: yes
configure:4451: checking whether struct tm is in sys/time.h or time.h
configure:4481: gcc -c -g -O2 -Wall -W  conftest.c >&5
configure:4487: $? = 0
configure:4502: result: time.h
configure:4514: checking for pid_t
configure:4544: gcc -c -g -O2 -Wall -W  conftest.c >&5
configure:4550: $? = 0
configure:4565: result: yes
configure:4592: checking vfork.h usability
configure:4609: gcc -c -g -O2 -Wall -W  conftest.c >&5
conftest.c:69:19: error: vfork.h: No such file or directory
configure:4615: $? = 1
configure: failed program was:
| /* confdefs.h.  */
| #define PACKAGE_NAME "email"
| #define PACKAGE_TARNAME "email"
| #define PACKAGE_VERSION "3.1.2"
| #define PACKAGE_STRING "email 3.1.2"
| #define PACKAGE_BUGREPORT "<deanjones@cleancode.org>"
| #define _GNU_SOURCE 1
| #define _FILE_OFFSET_BITS 64
| #define HAVE_LIBSSL 1
| #define STDC_HEADERS 1
| #define HAVE_SYS_WAIT_H 1
| #define HAVE_SYS_TYPES_H 1
| #define HAVE_SYS_STAT_H 1
| #define HAVE_STDLIB_H 1
| #define HAVE_STRING_H 1
| #define HAVE_MEMORY_H 1
| #define HAVE_STRINGS_H 1
| #define HAVE_INTTYPES_H 1
| #define HAVE_STDINT_H 1
| #define HAVE_UNISTD_H 1
| #define HAVE_ARPA_INET_H 1
| #define HAVE_FCNTL_H 1
| #define HAVE_LIBINTL_H 1
| #define HAVE_NETDB_H 1
| #define HAVE_NETINET_IN_H 1
| #define HAVE_STDLIB_H 1
| #define HAVE_STRING_H 1
| #define HAVE_STRINGS_H 1
| #define HAVE_SYS_IOCTL_H 1
| #define HAVE_SYS_SOCKET_H 1
| #define HAVE_SYS_TIME_H 1
| #define HAVE_TERMIOS_H 1
| #define HAVE_UNISTD_H 1
| #define TIME_WITH_SYS_TIME 1
| /* end confdefs.h.  */
| #include <stdio.h>
| #ifdef HAVE_SYS_TYPES_H
| # include <sys/types.h>
| #endif
| #ifdef HAVE_SYS_STAT_H
| # include <sys/stat.h>
| #endif
| #ifdef STDC_HEADERS
| # include <stdlib.h>
| # include <stddef.h>
| #else
| # ifdef HAVE_STDLIB_H
| #  include <stdlib.h>
| # endif
| #endif
| #ifdef HAVE_STRING_H
| # if !defined STDC_HEADERS && defined HAVE_MEMORY_H
| #  include <memory.h>
| # endif
| # include <string.h>
| #endif
| #ifdef HAVE_STRINGS_H
| # include <strings.h>
| #endif
| #ifdef HAVE_INTTYPES_H
| # include <inttypes.h>
| #endif
| #ifdef HAVE_STDINT_H
| # include <stdint.h>
| #endif
| #ifdef HAVE_UNISTD_H
| # include <unistd.h>
| #endif
| #include <vfork.h>
configure:4629: result: no
configure:4633: checking vfork.h presence
configure:4648: gcc -E  conftest.c
conftest.c:36:19: error: vfork.h: No such file or directory
configure:4654: $? = 1
configure: failed program was:
| /* confdefs.h.  */
| #define PACKAGE_NAME "email"
| #define PACKAGE_TARNAME "email"
| #define PACKAGE_VERSION "3.1.2"
| #define PACKAGE_STRING "email 3.1.2"
| #define PACKAGE_BUGREPORT "<deanjones@cleancode.org>"
| #define _GNU_SOURCE 1
| #define _FILE_OFFSET_BITS 64
| #define HAVE_LIBSSL 1
| #define STDC_HEADERS 1
| #define HAVE_SYS_WAIT_H 1
| #define HAVE_SYS_TYPES_H 1
| #define HAVE_SYS_STAT_H 1
| #define HAVE_STDLIB_H 1
| #define HAVE_STRING_H 1
| #define HAVE_MEMORY_H 1
| #define HAVE_STRINGS_H 1
| #define HAVE_INTTYPES_H 1
| #define HAVE_STDINT_H 1
| #define HAVE_UNISTD_H 1
| #define HAVE_ARPA_INET_H 1
| #define HAVE_FCNTL_H 1
| #define HAVE_LIBINTL_H 1
| #define HAVE_NETDB_H 1
| #define HAVE_NETINET_IN_H 1
| #define HAVE_STDLIB_H 1
| #define HAVE_STRING_H 1
| #define HAVE_STRINGS_H 1
| #define HAVE_SYS_IOCTL_H 1
| #define HAVE_SYS_SOCKET_H 1
| #define HAVE_SYS_TIME_H 1
| #define HAVE_TERMIOS_H 1
| #define HAVE_UNISTD_H 1
| #define TIME_WITH_SYS_TIME 1
| /* end confdefs.h.  */
| #include <vfork.h>
configure:4668: result: no
configure:4701: checking for vfork.h
configure:4709: result: no
configure:4727: checking for fork
configure:4783: gcc -o conftest -g -O2 -Wall -W   conftest.c -lssl -lm  >&5
conftest.c:59: warning: conflicting types for built-in function 'fork'
configure:4789: $? = 0
configure:4807: result: yes
configure:4727: checking for vfork
configure:4783: gcc -o conftest -g -O2 -Wall -W   conftest.c -lssl -lm  >&5
configure:4789: $? = 0
configure:4807: result: yes
configure:4818: checking for working fork
configure:4850: gcc -o conftest -g -O2 -Wall -W   conftest.c -lssl -lm  >&5
configure:4853: $? = 0
configure:4859: ./conftest
configure:4862: $? = 0
configure:4878: result: yes
configure:4899: checking for working vfork
configure:5037: result: yes
configure:5069: checking whether gcc needs -traditional
configure:5111: result: no
configure:5123: checking for stdlib.h
configure:5129: result: yes
configure:5263: checking for GNU libc compatible malloc
configure:5297: gcc -o conftest -g -O2 -Wall -W   conftest.c -lssl -lm  >&5
configure:5300: $? = 0
configure:5306: ./conftest
configure:5309: $? = 0
configure:5325: result: yes
configure:5358: checking for stdlib.h
configure:5364: result: yes
configure:5498: checking for GNU libc compatible realloc
configure:5532: gcc -o conftest -g -O2 -Wall -W   conftest.c -lssl -lm  >&5
configure:5535: $? = 0
configure:5541: ./conftest
configure:5544: $? = 0
configure:5560: result: yes
configure:5588: checking return type of signal handlers
configure:5616: gcc -c -g -O2 -Wall -W  conftest.c >&5
conftest.c: In function 'main':
conftest.c:50: error: void value not ignored as it ought to be
configure:5622: $? = 1
configure: failed program was:
| /* confdefs.h.  */
| #define PACKAGE_NAME "email"
| #define PACKAGE_TARNAME "email"
| #define PACKAGE_VERSION "3.1.2"
| #define PACKAGE_STRING "email 3.1.2"
| #define PACKAGE_BUGREPORT "<deanjones@cleancode.org>"
| #define _GNU_SOURCE 1
| #define _FILE_OFFSET_BITS 64
| #define HAVE_LIBSSL 1
| #define STDC_HEADERS 1
| #define HAVE_SYS_WAIT_H 1
| #define HAVE_SYS_TYPES_H 1
| #define HAVE_SYS_STAT_H 1
| #define HAVE_STDLIB_H 1
| #define HAVE_STRING_H 1
| #define HAVE_MEMORY_H 1
| #define HAVE_STRINGS_H 1
| #define HAVE_INTTYPES_H 1
| #define HAVE_STDINT_H 1
| #define HAVE_UNISTD_H 1
| #define HAVE_ARPA_INET_H 1
| #define HAVE_FCNTL_H 1
| #define HAVE_LIBINTL_H 1
| #define HAVE_NETDB_H 1
| #define HAVE_NETINET_IN_H 1
| #define HAVE_STDLIB_H 1
| #define HAVE_STRING_H 1
| #define HAVE_STRINGS_H 1
| #define HAVE_SYS_IOCTL_H 1
| #define HAVE_SYS_SOCKET_H 1
| #define HAVE_SYS_TIME_H 1
| #define HAVE_TERMIOS_H 1
| #define HAVE_UNISTD_H 1
| #define TIME_WITH_SYS_TIME 1
| #define HAVE_FORK 1
| #define HAVE_VFORK 1
| #define HAVE_WORKING_VFORK 1
| #define HAVE_WORKING_FORK 1
| #define HAVE_STDLIB_H 1
| #define HAVE_MALLOC 1
| #define HAVE_STDLIB_H 1
| #define HAVE_REALLOC 1
| /* end confdefs.h.  */
| #include <sys/types.h>
| #include <signal.h>
| 
| int
| main ()
| {
| return *(signal (0, 0)) (0) == 1;
|   ;
|   return 0;
| }
configure:5637: result: void
configure:5645: checking whether lstat dereferences a symlink specified with a trailing slash
configure:5681: gcc -o conftest -g -O2 -Wall -W   conftest.c -lssl -lm  >&5
configure:5684: $? = 0
configure:5690: ./conftest
configure:5693: $? = 0
configure:5716: result: yes
configure:5735: checking whether stat accepts an empty string
configure:5765: gcc -o conftest -g -O2 -Wall -W   conftest.c -lssl -lm  >&5
configure:5768: $? = 0
configure:5774: ./conftest
configure:5777: $? = 0
configure:5793: result: no
configure:5813: checking for strftime
configure:5869: gcc -o conftest -g -O2 -Wall -W   conftest.c -lssl -lm  >&5
conftest.c:69: warning: conflicting types for built-in function 'strftime'
configure:5875: $? = 0
configure:5893: result: yes
configure:5978: checking for vprintf
configure:6034: gcc -o conftest -g -O2 -Wall -W   conftest.c -lssl -lm  >&5
conftest.c:70: warning: conflicting types for built-in function 'vprintf'
configure:6040: $? = 0
configure:6058: result: yes
configure:6065: checking for _doprnt
configure:6121: gcc -o conftest -g -O2 -Wall -W   conftest.c -lssl -lm  >&5
/tmp/ccCdVRdK.o: In function `main':
/project/yuda/email2553/progs.gpl/email/conftest.c:82: undefined reference to `_doprnt'
collect2: ld returned 1 exit status
configure:6127: $? = 1
configure: failed program was:
| /* confdefs.h.  */
| #define PACKAGE_NAME "email"
| #define PACKAGE_TARNAME "email"
| #define PACKAGE_VERSION "3.1.2"
| #define PACKAGE_STRING "email 3.1.2"
| #define PACKAGE_BUGREPORT "<deanjones@cleancode.org>"
| #define _GNU_SOURCE 1
| #define _FILE_OFFSET_BITS 64
| #define HAVE_LIBSSL 1
| #define STDC_HEADERS 1
| #define HAVE_SYS_WAIT_H 1
| #define HAVE_SYS_TYPES_H 1
| #define HAVE_SYS_STAT_H 1
| #define HAVE_STDLIB_H 1
| #define HAVE_STRING_H 1
| #define HAVE_MEMORY_H 1
| #define HAVE_STRINGS_H 1
| #define HAVE_INTTYPES_H 1
| #define HAVE_STDINT_H 1
| #define HAVE_UNISTD_H 1
| #define HAVE_ARPA_INET_H 1
| #define HAVE_FCNTL_H 1
| #define HAVE_LIBINTL_H 1
| #define HAVE_NETDB_H 1
| #define HAVE_NETINET_IN_H 1
| #define HAVE_STDLIB_H 1
| #define HAVE_STRING_H 1
| #define HAVE_STRINGS_H 1
| #define HAVE_SYS_IOCTL_H 1
| #define HAVE_SYS_SOCKET_H 1
| #define HAVE_SYS_TIME_H 1
| #define HAVE_TERMIOS_H 1
| #define HAVE_UNISTD_H 1
| #define TIME_WITH_SYS_TIME 1
| #define HAVE_FORK 1
| #define HAVE_VFORK 1
| #define HAVE_WORKING_VFORK 1
| #define HAVE_WORKING_FORK 1
| #define HAVE_STDLIB_H 1
| #define HAVE_MALLOC 1
| #define HAVE_STDLIB_H 1
| #define HAVE_REALLOC 1
| #define RETSIGTYPE void
| #define LSTAT_FOLLOWS_SLASHED_SYMLINK 1
| #define HAVE_STRFTIME 1
| #define HAVE_VPRINTF 1
| /* end confdefs.h.  */
| /* Define _doprnt to an innocuous variant, in case <limits.h> declares _doprnt.
|    For example, HP-UX 11i <limits.h> declares gettimeofday.  */
| #define _doprnt innocuous__doprnt
| 
| /* System header to define __stub macros and hopefully few prototypes,
|     which can conflict with char _doprnt (); below.
|     Prefer <limits.h> to <assert.h> if __STDC__ is defined, since
|     <limits.h> exists even on freestanding compilers.  */
| 
| #ifdef __STDC__
| # include <limits.h>
| #else
| # include <assert.h>
| #endif
| 
| #undef _doprnt
| 
| /* Override any GCC internal prototype to avoid an error.
|    Use char because int might match the return type of a GCC
|    builtin and then its argument prototype would still apply.  */
| #ifdef __cplusplus
| extern "C"
| #endif
| char _doprnt ();
| /* The GNU C library defines this for functions which it implements
|     to always fail with ENOSYS.  Some functions are actually named
|     something starting with __ and the normal name is an alias.  */
| #if defined __stub__doprnt || defined __stub____doprnt
| choke me
| #endif
| 
| int
| main ()
| {
| return _doprnt ();
|   ;
|   return 0;
| }
configure:6144: result: no
configure:6174: checking for gethostbyname
configure:6230: gcc -o conftest -g -O2 -Wall -W   conftest.c -lssl -lm  >&5
configure:6236: $? = 0
configure:6254: result: yes
configure:6174: checking for gethostname
configure:6230: gcc -o conftest -g -O2 -Wall -W   conftest.c -lssl -lm  >&5
configure:6236: $? = 0
configure:6254: result: yes
configure:6174: checking for getpass
configure:6230: gcc -o conftest -g -O2 -Wall -W   conftest.c -lssl -lm  >&5
configure:6236: $? = 0
configure:6254: result: yes
configure:6174: checking for gettimeofday
configure:6230: gcc -o conftest -g -O2 -Wall -W   conftest.c -lssl -lm  >&5
configure:6236: $? = 0
configure:6254: result: yes
configure:6174: checking for memset
configure:6230: gcc -o conftest -g -O2 -Wall -W   conftest.c -lssl -lm  >&5
conftest.c:75: warning: conflicting types for built-in function 'memset'
configure:6236: $? = 0
configure:6254: result: yes
configure:6174: checking for putenv
configure:6230: gcc -o conftest -g -O2 -Wall -W   conftest.c -lssl -lm  >&5
configure:6236: $? = 0
configure:6254: result: yes
configure:6174: checking for socket
configure:6230: gcc -o conftest -g -O2 -Wall -W   conftest.c -lssl -lm  >&5
configure:6236: $? = 0
configure:6254: result: yes
configure:6174: checking for sqrt
configure:6230: gcc -o conftest -g -O2 -Wall -W   conftest.c -lssl -lm  >&5
conftest.c:78: warning: conflicting types for built-in function 'sqrt'
configure:6236: $? = 0
configure:6254: result: yes
configure:6174: checking for strcasecmp
configure:6230: gcc -o conftest -g -O2 -Wall -W   conftest.c -lssl -lm  >&5
conftest.c:79: warning: conflicting types for built-in function 'strcasecmp'
configure:6236: $? = 0
configure:6254: result: yes
configure:6174: checking for strchr
configure:6230: gcc -o conftest -g -O2 -Wall -W   conftest.c -lssl -lm  >&5
conftest.c:80: warning: conflicting types for built-in function 'strchr'
configure:6236: $? = 0
configure:6254: result: yes
configure:6174: checking for strerror
configure:6230: gcc -o conftest -g -O2 -Wall -W   conftest.c -lssl -lm  >&5
configure:6236: $? = 0
configure:6254: result: yes
configure:6174: checking for strrchr
configure:6230: gcc -o conftest -g -O2 -Wall -W   conftest.c -lssl -lm  >&5
conftest.c:82: warning: conflicting types for built-in function 'strrchr'
configure:6236: $? = 0
configure:6254: result: yes
configure:6174: checking for uname
configure:6230: gcc -o conftest -g -O2 -Wall -W   conftest.c -lssl -lm  >&5
configure:6236: $? = 0
configure:6254: result: yes
configure:6384: creating ./config.status

## ---------------------- ##
## Running config.status. ##
## ---------------------- ##

This file was extended by email config.status 3.1.2, which was
generated by GNU Autoconf 2.61.  Invocation command line was

  CONFIG_FILES    = 
  CONFIG_HEADERS  = 
  CONFIG_LINKS    = 
  CONFIG_COMMANDS = 
  $ ./config.status 

on F230

config.status:596: creating Makefile
config.status:596: creating src/Makefile
config.status:596: creating email.help
config.status:596: creating email.1
config.status:596: creating include/config.h
config.status:860: include/config.h is unchanged

## ---------------- ##
## Cache variables. ##
## ---------------- ##

ac_cv_c_compiler_gnu=yes
ac_cv_env_CC_set=
ac_cv_env_CC_value=
ac_cv_env_CFLAGS_set=
ac_cv_env_CFLAGS_value=
ac_cv_env_CPPFLAGS_set=
ac_cv_env_CPPFLAGS_value=
ac_cv_env_CPP_set=
ac_cv_env_CPP_value=
ac_cv_env_LDFLAGS_set=
ac_cv_env_LDFLAGS_value=
ac_cv_env_LIBS_set=
ac_cv_env_LIBS_value=
ac_cv_env_build_alias_set=
ac_cv_env_build_alias_value=
ac_cv_env_host_alias_set=
ac_cv_env_host_alias_value=
ac_cv_env_target_alias_set=
ac_cv_env_target_alias_value=
ac_cv_func__doprnt=no
ac_cv_func_fork=yes
ac_cv_func_fork_works=yes
ac_cv_func_gethostbyname=yes
ac_cv_func_gethostname=yes
ac_cv_func_getpass=yes
ac_cv_func_gettimeofday=yes
ac_cv_func_lstat_dereferences_slashed_symlink=yes
ac_cv_func_malloc_0_nonnull=yes
ac_cv_func_memset=yes
ac_cv_func_putenv=yes
ac_cv_func_realloc_0_nonnull=yes
ac_cv_func_socket=yes
ac_cv_func_sqrt=yes
ac_cv_func_stat_empty_string_bug=no
ac_cv_func_strcasecmp=yes
ac_cv_func_strchr=yes
ac_cv_func_strerror=yes
ac_cv_func_strftime=yes
ac_cv_func_strrchr=yes
ac_cv_func_uname=yes
ac_cv_func_vfork=yes
ac_cv_func_vfork_works=yes
ac_cv_func_vprintf=yes
ac_cv_header_arpa_inet_h=yes
ac_cv_header_fcntl_h=yes
ac_cv_header_inttypes_h=yes
ac_cv_header_libintl_h=yes
ac_cv_header_memory_h=yes
ac_cv_header_netdb_h=yes
ac_cv_header_netinet_in_h=yes
ac_cv_header_stdc=yes
ac_cv_header_stdint_h=yes
ac_cv_header_stdlib_h=yes
ac_cv_header_string_h=yes
ac_cv_header_strings_h=yes
ac_cv_header_sys_ioctl_h=yes
ac_cv_header_sys_socket_h=yes
ac_cv_header_sys_stat_h=yes
ac_cv_header_sys_time_h=yes
ac_cv_header_sys_types_h=yes
ac_cv_header_sys_wait_h=yes
ac_cv_header_termios_h=yes
ac_cv_header_time=yes
ac_cv_header_unistd_h=yes
ac_cv_header_vfork_h=no
ac_cv_lib_ssl_SSL_library_init=yes
ac_cv_objext=o
ac_cv_path_EGREP='/bin/grep -E'
ac_cv_path_GREP=/bin/grep
ac_cv_prog_CPP='gcc -E'
ac_cv_prog_ac_ct_CC=gcc
ac_cv_prog_cc_c89=
ac_cv_prog_cc_g=yes
ac_cv_prog_gcc_traditional=no
ac_cv_prog_make_make_set=yes
ac_cv_search_RAND_seed='none required'
ac_cv_search_X509_free='none required'
ac_cv_search_gethostbyname='none required'
ac_cv_search_socket='none required'
ac_cv_search_sqrt=-lm
ac_cv_struct_tm=time.h
ac_cv_sys_file_offset_bits=64
ac_cv_sys_largefile_CC=no
ac_cv_type_pid_t=yes
ac_cv_type_signal=void

## ----------------- ##
## Output variables. ##
## ----------------- ##

CC='gcc'
CFLAGS='-g -O2 -Wall -W -DUSE_GNU_STRFTIME -I/project/yuda/email2553/progs.gpl/email -I/project/yuda/email2553/progs.gpl/email/src -I/project/yuda/email2553/progs.gpl/email/include -I../include -I/project/yuda/email2553/progs.gpl/email/dlib/include -I../dlib/include -DEMAIL_VERSION='\''"3.1.2"'\'' -DCOMPILE_DATE='\''"01/04/2009-03:11:58PM_EST"'\'' -DEMAIL_DIR='\''"${prefix}/etc/email"'\'''
CPP='gcc -E'
CPPFLAGS=''
DEFS='-DHAVE_CONFIG_H'
ECHO_C=''
ECHO_N='-n'
ECHO_T=''
EGREP='/bin/grep -E'
EXEEXT=''
GREP='/bin/grep'
LDFLAGS=''
LIBOBJS=''
LIBS='-lssl -lm '
LTLIBOBJS=''
OBJEXT='o'
PACKAGE_BUGREPORT='<deanjones@cleancode.org>'
PACKAGE_NAME='email'
PACKAGE_STRING='email 3.1.2'
PACKAGE_TARNAME='email'
PACKAGE_VERSION='3.1.2'
PATH_SEPARATOR=':'
SET_MAKE=''
SHELL='/bin/sh'
ac_ct_CC='gcc'
bindir='${exec_prefix}/bin'
build_alias=''
datadir='${datarootdir}'
datarootdir='${prefix}/share'
docdir='${datarootdir}/doc/${PACKAGE_TARNAME}'
dvidir='${docdir}'
exec_prefix='${prefix}'
host_alias=''
htmldir='${docdir}'
includedir='${prefix}/include'
infodir='${datarootdir}/info'
libdir='${exec_prefix}/lib'
libexecdir='${exec_prefix}/libexec'
localedir='${datarootdir}/locale'
localstatedir='${prefix}/var'
mandir='${datarootdir}/man'
oldincludedir='/usr/include'
pdfdir='${docdir}'
prefix='/usr/local'
program_transform_name='s,x,x,'
psdir='${docdir}'
sbindir='${exec_prefix}/sbin'
sharedstatedir='${prefix}/com'
sysconfdir='${prefix}/etc'
target_alias=''
ver='3.1.2'

## ----------- ##
## confdefs.h. ##
## ----------- ##

#define PACKAGE_NAME "email"
#define PACKAGE_TARNAME "email"
#define PACKAGE_VERSION "3.1.2"
#define PACKAGE_STRING "email 3.1.2"
#define PACKAGE_BUGREPORT "<deanjones@cleancode.org>"
#define _GNU_SOURCE 1
#define _FILE_OFFSET_BITS 64
#define HAVE_LIBSSL 1
#define STDC_HEADERS 1
#define HAVE_SYS_WAIT_H 1
#define HAVE_SYS_TYPES_H 1
#define HAVE_SYS_STAT_H 1
#define HAVE_STDLIB_H 1
#define HAVE_STRING_H 1
#define HAVE_MEMORY_H 1
#define HAVE_STRINGS_H 1
#define HAVE_INTTYPES_H 1
#define HAVE_STDINT_H 1
#define HAVE_UNISTD_H 1
#define HAVE_ARPA_INET_H 1
#define HAVE_FCNTL_H 1
#define HAVE_LIBINTL_H 1
#define HAVE_NETDB_H 1
#define HAVE_NETINET_IN_H 1
#define HAVE_STDLIB_H 1
#define HAVE_STRING_H 1
#define HAVE_STRINGS_H 1
#define HAVE_SYS_IOCTL_H 1
#define HAVE_SYS_SOCKET_H 1
#define HAVE_SYS_TIME_H 1
#define HAVE_TERMIOS_H 1
#define HAVE_UNISTD_H 1
#define TIME_WITH_SYS_TIME 1
#define HAVE_FORK 1
#define HAVE_VFORK 1
#define HAVE_WORKING_VFORK 1
#define HAVE_WORKING_FORK 1
#define HAVE_STDLIB_H 1
#define HAVE_MALLOC 1
#define HAVE_STDLIB_H 1
#define HAVE_REALLOC 1
#define RETSIGTYPE void
#define LSTAT_FOLLOWS_SLASHED_SYMLINK 1
#define HAVE_STRFTIME 1
#define HAVE_VPRINTF 1
#define HAVE_GETHOSTBYNAME 1
#define HAVE_GETHOSTNAME 1
#define HAVE_GETPASS 1
#define HAVE_GETTIMEOFDAY 1
#define HAVE_MEMSET 1
#define HAVE_PUTENV 1
#define HAVE_SOCKET 1
#define HAVE_SQRT 1
#define HAVE_STRCASECMP 1
#define HAVE_STRCHR 1
#define HAVE_STRERROR 1
#define HAVE_STRRCHR 1
#define HAVE_UNAME 1

configure: exit 0
