This file contains any messages produced by compilers while
running configure, to aid debugging if configure makes a mistake.

It was created by ID3 Tag configure 0.15.0b, which was
generated by GNU Autoconf 2.57.  Invocation command line was

  $ configure --prefix=/home/michael_lo/845l/rootfs --host=mipsel-linux CC=mipsel-linux-gcc AS=mipsel-linux-as AR=mipsel-linux-ar LD=mipsel-linux-ld RANLIB=mipsel-linux-ranlib STRIP=mipsel-linux-strip CPPFLAGS=-I../zlib-1.2.1/ LDFLAGS=-L../zlib-1.2.1/ --disable-static

## --------- ##
## Platform. ##
## --------- ##

hostname = Porsche
uname -m = i686
uname -r = 2.6.35-22-generic
uname -s = Linux
uname -v = #33-Ubuntu SMP Sun Sep 19 20:34:50 UTC 2010

/usr/bin/uname -p = unknown
/bin/uname -X     = unknown

/bin/arch              = unknown
/usr/bin/arch -k       = unknown
/usr/convex/getsysinfo = unknown
hostinfo               = unknown
/bin/machine           = unknown
/usr/bin/oslevel       = unknown
/bin/universe          = unknown

PATH: /opt/mipsel_gcc-4.3.3_uclibc-0.9.30.1/usr/bin
PATH: /usr/local/sbin
PATH: /usr/local/bin
PATH: /usr/sbin
PATH: /usr/bin
PATH: /sbin
PATH: /bin
PATH: /usr/games


## ----------- ##
## Core tests. ##
## ----------- ##

configure:1499: checking for a BSD-compatible install
configure:1553: result: /usr/bin/install -c
configure:1564: checking whether build environment is sane
configure:1607: result: yes
configure:1640: checking for gawk
configure:1656: found /usr/bin/gawk
configure:1666: result: gawk
configure:1676: checking whether make sets $(MAKE)
configure:1696: result: yes
configure:1775: checking for mipsel-linux-strip
configure:1801: result: mipsel-linux-strip
configure:1871: checking build system type
configure:1889: result: i686-pc-linux-gnu
configure:1897: checking host system type
configure:1911: result: mipsel-unknown-linux-gnu
configure:1929: checking for mipsel-linux-gcc
configure:1955: result: mipsel-linux-gcc
configure:2237: checking for C compiler version
configure:2240: mipsel-linux-gcc --version </dev/null >&5
mipsel-linux-gcc (GCC) 4.3.3
Copyright (C) 2008 Free Software Foundation, Inc.
This is free software; see the source for copying conditions.  There is NO
warranty; not even for MERCHANTABILITY or FITNESS FOR A PARTICULAR PURPOSE.

configure:2243: $? = 0
configure:2245: mipsel-linux-gcc -v </dev/null >&5
Using built-in specs.
Target: mipsel-linux-uclibc
Configured with: /spaces/opt/buildroot/mipsel_gcc-4.3.3_uclibc-0.9.30.1.build/buildroot-2009.08/toolchain_build_mipsel/gcc-4.3.3/configure --prefix=/usr --build=i386-pc-linux-gnu --host=i386-pc-linux-gnu --target=mipsel-linux-uclibc --enable-languages=c,c++ --with-sysroot=/opt/mipsel_gcc-4.3.3_uclibc-0.9.30.1 --with-build-time-tools=/opt/mipsel_gcc-4.3.3_uclibc-0.9.30.1/usr/mipsel-linux-uclibc/bin --disable-__cxa_atexit --enable-target-optspace --with-gnu-ld --disable-libssp --disable-tls --enable-shared --with-gmp=/spaces/opt/buildroot/mipsel_gcc-4.3.3_uclibc-0.9.30.1.build/buildroot-2009.08/toolchain_build_mipsel/gmp --with-mpfr=/spaces/opt/buildroot/mipsel_gcc-4.3.3_uclibc-0.9.30.1.build/buildroot-2009.08/toolchain_build_mipsel/mpfr --disable-nls --enable-threads --disable-multilib --disable-decimal-float --with-abi=32 --with-tune=mips32
Thread model: posix
gcc version 4.3.3 (GCC) 
configure:2248: $? = 0
configure:2250: mipsel-linux-gcc -V </dev/null >&5
mipsel-linux-gcc: '-V' option must have argument
configure:2253: $? = 1
configure:2277: checking for C compiler default output
configure:2280: mipsel-linux-gcc -Os -Wall -D__UCLIBC_HAS_MMU__ -D__UCLIBC__ -Os -Wall -D__UCLIBC_HAS_MMU__ -D__UCLIBC__ -I../zlib-1.2.1/ -L../zlib-1.2.1/ conftest.c  >&5
configure:2283: $? = 0
configure:2329: result: a.out
configure:2334: checking whether the C compiler works
configure:2340: ./a.out
configure: line 2341: ./a.out: cannot execute binary file
configure:2343: $? = 126
configure:2360: result: yes
configure:2367: checking whether we are cross compiling
configure:2369: result: yes
configure:2372: checking for suffix of executables
configure:2374: mipsel-linux-gcc -o conftest -Os -Wall -D__UCLIBC_HAS_MMU__ -D__UCLIBC__ -Os -Wall -D__UCLIBC_HAS_MMU__ -D__UCLIBC__ -I../zlib-1.2.1/ -L../zlib-1.2.1/ conftest.c  >&5
configure:2377: $? = 0
configure:2402: result: 
configure:2408: checking for suffix of object files
configure:2430: mipsel-linux-gcc -c -Os -Wall -D__UCLIBC_HAS_MMU__ -D__UCLIBC__ -Os -Wall -D__UCLIBC_HAS_MMU__ -D__UCLIBC__ -I../zlib-1.2.1/ conftest.c >&5
configure:2433: $? = 0
configure:2455: result: o
configure:2459: checking whether we are using the GNU C compiler
configure:2484: mipsel-linux-gcc -c -Os -Wall -D__UCLIBC_HAS_MMU__ -D__UCLIBC__ -Os -Wall -D__UCLIBC_HAS_MMU__ -D__UCLIBC__ -I../zlib-1.2.1/ conftest.c >&5
configure:2487: $? = 0
configure:2490: test -s conftest.o
configure:2493: $? = 0
configure:2506: result: yes
configure:2512: checking whether mipsel-linux-gcc accepts -g
configure:2534: mipsel-linux-gcc -c -g -I../zlib-1.2.1/ conftest.c >&5
configure:2537: $? = 0
configure:2540: test -s conftest.o
configure:2543: $? = 0
configure:2554: result: yes
configure:2571: checking for mipsel-linux-gcc option to accept ANSI C
configure:2632: mipsel-linux-gcc  -c -Os -Wall -D__UCLIBC_HAS_MMU__ -D__UCLIBC__ -Os -Wall -D__UCLIBC_HAS_MMU__ -D__UCLIBC__ -I../zlib-1.2.1/ conftest.c >&5
configure:2635: $? = 0
configure:2638: test -s conftest.o
configure:2641: $? = 0
configure:2659: result: none needed
configure:2677: mipsel-linux-gcc -c -Os -Wall -D__UCLIBC_HAS_MMU__ -D__UCLIBC__ -Os -Wall -D__UCLIBC_HAS_MMU__ -D__UCLIBC__ -I../zlib-1.2.1/ conftest.c >&5
conftest.c:2: error: expected '=', ',', ';', 'asm' or '__attribute__' before 'me'
configure:2680: $? = 1
configure: failed program was:
| #ifndef __cplusplus
|   choke me
| #endif
configure:2800: checking for style of include used by make
configure:2828: result: GNU
configure:2856: checking dependency style of mipsel-linux-gcc
configure:2924: result: gcc3
configure:3045: checking for ld used by GCC
configure:3108: result: mipsel-linux-ld
configure:3117: checking if the linker (mipsel-linux-ld) is GNU ld
GNU ld (GNU Binutils) 2.19.1
configure:3129: result: yes
configure:3134: checking for mipsel-linux-ld option to reload object files
configure:3141: result: -r
configure:3146: checking for BSD-compatible nm
configure:3182: result: /opt/mipsel_gcc-4.3.3_uclibc-0.9.30.1/usr/bin/mipsel-linux-nm -B
configure:3185: checking for a sed that does not truncate output
configure:3267: result: /bin/sed
configure:3270: checking whether ln -s works
configure:3274: result: yes
configure:3281: checking how to recognise dependent libraries
configure:3462: result: pass_all
configure:3475: checking command to parse /opt/mipsel_gcc-4.3.3_uclibc-0.9.30.1/usr/bin/mipsel-linux-nm -B output
configure:3559: mipsel-linux-gcc -c -Os -Wall -D__UCLIBC_HAS_MMU__ -D__UCLIBC__ -Os -Wall -D__UCLIBC_HAS_MMU__ -D__UCLIBC__ -I../zlib-1.2.1/ conftest.c >&5
configure:3562: $? = 0
configure:3566: /opt/mipsel_gcc-4.3.3_uclibc-0.9.30.1/usr/bin/mipsel-linux-nm -B conftest.o \| sed -n -e 's/^.*[ 	]\([ABCDGISTW][ABCDGISTW]*\)[ 	][ 	]*\(\)\([_A-Za-z][_A-Za-z0-9]*\)$/\1 \2\3 \3/p' \> conftest.nm
configure:3569: $? = 0
configure:3621: mipsel-linux-gcc -o conftest -Os -Wall -D__UCLIBC_HAS_MMU__ -D__UCLIBC__ -Os -Wall -D__UCLIBC_HAS_MMU__ -D__UCLIBC__ -I../zlib-1.2.1/ -L../zlib-1.2.1/ conftest.c conftstm.o >&5
conftest.c:6: warning: 'main' is usually a function
configure:3624: $? = 0
configure:3668: result: ok
configure:3677: checking how to run the C preprocessor
configure:3713: mipsel-linux-gcc -E -I../zlib-1.2.1/ conftest.c
configure:3719: $? = 0
configure:3751: mipsel-linux-gcc -E -I../zlib-1.2.1/ conftest.c
configure:3752:28: error: ac_nonexistent.h: No such file or directory
configure:3757: $? = 1
configure: failed program was:
| #line 3742 "configure"
| /* confdefs.h.  */
| 
| #define PACKAGE_NAME "ID3 Tag"
| #define PACKAGE_TARNAME "libid3tag"
| #define PACKAGE_VERSION "0.15.0b"
| #define PACKAGE_STRING "ID3 Tag 0.15.0b"
| #define PACKAGE_BUGREPORT "support@underbit.com"
| #define PACKAGE "libid3tag"
| #define VERSION "0.15.0b"
| /* end confdefs.h.  */
| #include <ac_nonexistent.h>
configure:3795: result: mipsel-linux-gcc -E
configure:3820: mipsel-linux-gcc -E -I../zlib-1.2.1/ conftest.c
configure:3826: $? = 0
configure:3858: mipsel-linux-gcc -E -I../zlib-1.2.1/ conftest.c
configure:3859:28: error: ac_nonexistent.h: No such file or directory
configure:3864: $? = 1
configure: failed program was:
| #line 3849 "configure"
| /* confdefs.h.  */
| 
| #define PACKAGE_NAME "ID3 Tag"
| #define PACKAGE_TARNAME "libid3tag"
| #define PACKAGE_VERSION "0.15.0b"
| #define PACKAGE_STRING "ID3 Tag 0.15.0b"
| #define PACKAGE_BUGREPORT "support@underbit.com"
| #define PACKAGE "libid3tag"
| #define VERSION "0.15.0b"
| /* end confdefs.h.  */
| #include <ac_nonexistent.h>
configure:3907: checking for egrep
configure:3917: result: grep -E
configure:3922: checking for ANSI C header files
configure:3948: mipsel-linux-gcc -c -Os -Wall -D__UCLIBC_HAS_MMU__ -D__UCLIBC__ -Os -Wall -D__UCLIBC_HAS_MMU__ -D__UCLIBC__ -I../zlib-1.2.1/ conftest.c >&5
configure:3951: $? = 0
configure:3954: test -s conftest.o
configure:3957: $? = 0
configure:4072: result: yes
configure:4096: checking for sys/types.h
configure:4113: mipsel-linux-gcc -c -Os -Wall -D__UCLIBC_HAS_MMU__ -D__UCLIBC__ -Os -Wall -D__UCLIBC_HAS_MMU__ -D__UCLIBC__ -I../zlib-1.2.1/ conftest.c >&5
configure:4116: $? = 0
configure:4119: test -s conftest.o
configure:4122: $? = 0
configure:4133: result: yes
configure:4096: checking for sys/stat.h
configure:4113: mipsel-linux-gcc -c -Os -Wall -D__UCLIBC_HAS_MMU__ -D__UCLIBC__ -Os -Wall -D__UCLIBC_HAS_MMU__ -D__UCLIBC__ -I../zlib-1.2.1/ conftest.c >&5
configure:4116: $? = 0
configure:4119: test -s conftest.o
configure:4122: $? = 0
configure:4133: result: yes
configure:4096: checking for stdlib.h
configure:4113: mipsel-linux-gcc -c -Os -Wall -D__UCLIBC_HAS_MMU__ -D__UCLIBC__ -Os -Wall -D__UCLIBC_HAS_MMU__ -D__UCLIBC__ -I../zlib-1.2.1/ conftest.c >&5
configure:4116: $? = 0
configure:4119: test -s conftest.o
configure:4122: $? = 0
configure:4133: result: yes
configure:4096: checking for string.h
configure:4113: mipsel-linux-gcc -c -Os -Wall -D__UCLIBC_HAS_MMU__ -D__UCLIBC__ -Os -Wall -D__UCLIBC_HAS_MMU__ -D__UCLIBC__ -I../zlib-1.2.1/ conftest.c >&5
configure:4116: $? = 0
configure:4119: test -s conftest.o
configure:4122: $? = 0
configure:4133: result: yes
configure:4096: checking for memory.h
configure:4113: mipsel-linux-gcc -c -Os -Wall -D__UCLIBC_HAS_MMU__ -D__UCLIBC__ -Os -Wall -D__UCLIBC_HAS_MMU__ -D__UCLIBC__ -I../zlib-1.2.1/ conftest.c >&5
configure:4116: $? = 0
configure:4119: test -s conftest.o
configure:4122: $? = 0
configure:4133: result: yes
configure:4096: checking for strings.h
configure:4113: mipsel-linux-gcc -c -Os -Wall -D__UCLIBC_HAS_MMU__ -D__UCLIBC__ -Os -Wall -D__UCLIBC_HAS_MMU__ -D__UCLIBC__ -I../zlib-1.2.1/ conftest.c >&5
configure:4116: $? = 0
configure:4119: test -s conftest.o
configure:4122: $? = 0
configure:4133: result: yes
configure:4096: checking for inttypes.h
configure:4113: mipsel-linux-gcc -c -Os -Wall -D__UCLIBC_HAS_MMU__ -D__UCLIBC__ -Os -Wall -D__UCLIBC_HAS_MMU__ -D__UCLIBC__ -I../zlib-1.2.1/ conftest.c >&5
configure:4116: $? = 0
configure:4119: test -s conftest.o
configure:4122: $? = 0
configure:4133: result: yes
configure:4096: checking for stdint.h
configure:4113: mipsel-linux-gcc -c -Os -Wall -D__UCLIBC_HAS_MMU__ -D__UCLIBC__ -Os -Wall -D__UCLIBC_HAS_MMU__ -D__UCLIBC__ -I../zlib-1.2.1/ conftest.c >&5
configure:4116: $? = 0
configure:4119: test -s conftest.o
configure:4122: $? = 0
configure:4133: result: yes
configure:4096: checking for unistd.h
configure:4113: mipsel-linux-gcc -c -Os -Wall -D__UCLIBC_HAS_MMU__ -D__UCLIBC__ -Os -Wall -D__UCLIBC_HAS_MMU__ -D__UCLIBC__ -I../zlib-1.2.1/ conftest.c >&5
configure:4116: $? = 0
configure:4119: test -s conftest.o
configure:4122: $? = 0
configure:4133: result: yes
configure:4159: checking dlfcn.h usability
configure:4172: mipsel-linux-gcc -c -Os -Wall -D__UCLIBC_HAS_MMU__ -D__UCLIBC__ -Os -Wall -D__UCLIBC_HAS_MMU__ -D__UCLIBC__ -I../zlib-1.2.1/ conftest.c >&5
configure:4175: $? = 0
configure:4178: test -s conftest.o
configure:4181: $? = 0
configure:4191: result: yes
configure:4195: checking dlfcn.h presence
configure:4206: mipsel-linux-gcc -E -I../zlib-1.2.1/ conftest.c
configure:4212: $? = 0
configure:4231: result: yes
configure:4267: checking for dlfcn.h
configure:4274: result: yes
configure:4434: checking for mipsel-linux-ranlib
configure:4460: result: mipsel-linux-ranlib
configure:4514: checking for mipsel-linux-strip
configure:4540: result: mipsel-linux-strip
configure:4789: checking for objdir
configure:4800: result: .libs
configure:4817: checking for mipsel-linux-gcc option to produce PIC
configure:4963: result: -fPIC
configure:4967: checking if mipsel-linux-gcc PIC flag -fPIC works
configure:4991: mipsel-linux-gcc -c -Os -Wall -D__UCLIBC_HAS_MMU__ -D__UCLIBC__ -Os -Wall -D__UCLIBC_HAS_MMU__ -D__UCLIBC__ -fPIC -DPIC -I../zlib-1.2.1/ conftest.c >&5
configure:4994: $? = 0
configure:4997: test -s conftest.o
configure:5000: $? = 0
configure:5038: result: yes
configure:5054: checking if mipsel-linux-gcc static flag -static works
configure:5079: mipsel-linux-gcc -o conftest -Os -Wall -D__UCLIBC_HAS_MMU__ -D__UCLIBC__ -Os -Wall -D__UCLIBC_HAS_MMU__ -D__UCLIBC__ -I../zlib-1.2.1/ -L../zlib-1.2.1/ -static conftest.c  >&5
configure:5082: $? = 0
configure:5085: test -s conftest
configure:5088: $? = 0
configure:5104: result: yes
configure:5116: checking if mipsel-linux-gcc supports -c -o file.o
configure:5136: mipsel-linux-gcc -c -Os -Wall -D__UCLIBC_HAS_MMU__ -D__UCLIBC__ -Os -Wall -D__UCLIBC_HAS_MMU__ -D__UCLIBC__ -o out/conftest2.o -I../zlib-1.2.1/ conftest.c >&5
configure:5160: result: yes
configure:5165: checking if mipsel-linux-gcc supports -c -o file.lo
configure:5193: mipsel-linux-gcc -c -Os -Wall -D__UCLIBC_HAS_MMU__ -D__UCLIBC__ -Os -Wall -D__UCLIBC_HAS_MMU__ -D__UCLIBC__ -c -o conftest.lo -I../zlib-1.2.1/ conftest.c >&5
configure: In function 'main':
configure:5201: warning: unused variable 'some_variable'
configure:5196: $? = 0
configure:5199: test -s conftest.lo
configure:5202: $? = 0
configure:5224: result: yes
configure:5255: checking if mipsel-linux-gcc supports -fno-rtti -fno-exceptions
configure:5278: mipsel-linux-gcc -c -Os -Wall -D__UCLIBC_HAS_MMU__ -D__UCLIBC__ -Os -Wall -D__UCLIBC_HAS_MMU__ -D__UCLIBC__ -fno-rtti -fno-exceptions -c conftest.c -I../zlib-1.2.1/ conftest.c >&5
cc1: warning: command line option "-fno-rtti" is valid for C++/ObjC++ but not for C
configure: In function 'main':
configure:5286: warning: unused variable 'some_variable'
cc1: warning: command line option "-fno-rtti" is valid for C++/ObjC++ but not for C
configure: In function 'main':
configure:5286: warning: unused variable 'some_variable'
configure:5281: $? = 0
configure:5284: test -s conftest.o
configure:5287: $? = 0
configure:5304: result: yes
configure:5315: checking whether the linker (mipsel-linux-ld) supports shared libraries
configure:6010: result: yes
configure:6015: checking how to hardcode library paths into programs
configure:6039: result: immediate
configure:6044: checking whether stripping libraries is possible
configure:6049: result: yes
configure:6060: checking dynamic linker characteristics
configure:6480: result: GNU/Linux ld.so
configure:6485: checking if libtool supports shared libraries
configure:6487: result: yes
configure:6490: checking whether to build shared libraries
configure:6511: result: yes
configure:6514: checking whether to build static libraries
configure:6518: result: no
configure:7192: checking whether -lc should be explicitly linked in
configure:7200: mipsel-linux-gcc -c -Os -Wall -D__UCLIBC_HAS_MMU__ -D__UCLIBC__ -Os -Wall -D__UCLIBC_HAS_MMU__ -D__UCLIBC__ -I../zlib-1.2.1/ conftest.c >&5
conftest.c:1: warning: 'dummy' defined but not used
configure:7203: $? = 0
configure:7217: mipsel-linux-gcc -shared conftest.o  -v -Wl,-soname -Wl,conftest -o conftest 2\>\&1 \| grep  -lc  \>/dev/null 2\>\&1
configure:7220: $? = 0
configure:7233: result: no
configure:7861: checking for ANSI C header files
configure:8011: result: yes
configure:8036: checking assert.h usability
configure:8049: mipsel-linux-gcc -c -Wall -D__UCLIBC_HAS_MMU__ -D__UCLIBC__ -D__UCLIBC_HAS_MMU__ -D__UCLIBC__ -I../zlib-1.2.1/ conftest.c >&5
configure:8052: $? = 0
configure:8055: test -s conftest.o
configure:8058: $? = 0
configure:8068: result: yes
configure:8072: checking assert.h presence
configure:8083: mipsel-linux-gcc -E -I../zlib-1.2.1/ conftest.c
configure:8089: $? = 0
configure:8108: result: yes
configure:8144: checking for assert.h
configure:8151: result: yes
configure:8027: checking for unistd.h
configure:8032: result: yes
configure:8175: checking zlib.h usability
configure:8188: mipsel-linux-gcc -c -Wall -D__UCLIBC_HAS_MMU__ -D__UCLIBC__ -D__UCLIBC_HAS_MMU__ -D__UCLIBC__ -I../zlib-1.2.1/ conftest.c >&5
configure:8191: $? = 0
configure:8194: test -s conftest.o
configure:8197: $? = 0
configure:8207: result: yes
configure:8211: checking zlib.h presence
configure:8222: mipsel-linux-gcc -E -I../zlib-1.2.1/ conftest.c
configure:8228: $? = 0
configure:8247: result: yes
configure:8283: checking for zlib.h
configure:8290: result: yes
configure:8313: checking for an ANSI C-conforming const
configure:8381: mipsel-linux-gcc -c -Wall -D__UCLIBC_HAS_MMU__ -D__UCLIBC__ -D__UCLIBC_HAS_MMU__ -D__UCLIBC__ -I../zlib-1.2.1/ conftest.c >&5
configure: In function 'main':
configure:8369: warning: unused variable 's'
configure:8389: warning: unused variable 'foo'
configure:8356: warning: unused variable 'zero'
configure:8350: warning: unused variable 'x'
configure:8384: $? = 0
configure:8387: test -s conftest.o
configure:8390: $? = 0
configure:8401: result: yes
configure:8411: checking for inline
configure:8433: mipsel-linux-gcc -c -Wall -D__UCLIBC_HAS_MMU__ -D__UCLIBC__ -D__UCLIBC_HAS_MMU__ -D__UCLIBC__ -I../zlib-1.2.1/ conftest.c >&5
configure:8436: $? = 0
configure:8439: test -s conftest.o
configure:8442: $? = 0
configure:8454: result: inline
configure:8475: checking for ftruncate
configure:8525: mipsel-linux-gcc -o conftest -Wall -D__UCLIBC_HAS_MMU__ -D__UCLIBC__ -D__UCLIBC_HAS_MMU__ -D__UCLIBC__ -I../zlib-1.2.1/ -L../zlib-1.2.1/ conftest.c  >&5
configure:8528: $? = 0
configure:8531: test -s conftest
configure:8534: $? = 0
configure:8545: result: yes
configure:8557: checking for compress2 in -lz
configure:8588: mipsel-linux-gcc -o conftest -Wall -D__UCLIBC_HAS_MMU__ -D__UCLIBC__ -D__UCLIBC_HAS_MMU__ -D__UCLIBC__ -I../zlib-1.2.1/ -L../zlib-1.2.1/ conftest.c -lz   >&5
configure:8591: $? = 0
configure:8594: test -s conftest
configure:8597: $? = 0
configure:8609: result: yes
configure:8689: checking whether to enable profiling
configure:8700: result: no
configure:8703: checking whether to enable debugging
configure:8740: result: default
configure:8878: creating ./config.status

## ---------------------- ##
## Running config.status. ##
## ---------------------- ##

This file was extended by ID3 Tag config.status 0.15.0b, which was
generated by GNU Autoconf 2.57.  Invocation command line was

  CONFIG_FILES    = 
  CONFIG_HEADERS  = 
  CONFIG_LINKS    = 
  CONFIG_COMMANDS = 
  $ ./config.status 

on Porsche

config.status:670: creating Makefile
config.status:670: creating msvc++/Makefile
config.status:670: creating libid3tag.list
config.status:774: creating config.h
config.status:891: config.h is unchanged
config.status:1013: executing depfiles commands

## ---------------- ##
## Cache variables. ##
## ---------------- ##

ac_cv_build=i686-pc-linux-gnu
ac_cv_build_alias=i686-pc-linux-gnu
ac_cv_c_compiler_gnu=yes
ac_cv_c_const=yes
ac_cv_c_inline=inline
ac_cv_env_CC_set=set
ac_cv_env_CC_value=mipsel-linux-gcc
ac_cv_env_CFLAGS_set=set
ac_cv_env_CFLAGS_value='-Os -Wall -D__UCLIBC_HAS_MMU__ -D__UCLIBC__ -Os -Wall -D__UCLIBC_HAS_MMU__ -D__UCLIBC__'
ac_cv_env_CPPFLAGS_set=set
ac_cv_env_CPPFLAGS_value=-I../zlib-1.2.1/
ac_cv_env_CPP_set=
ac_cv_env_CPP_value=
ac_cv_env_LDFLAGS_set=set
ac_cv_env_LDFLAGS_value=-L../zlib-1.2.1/
ac_cv_env_build_alias_set=
ac_cv_env_build_alias_value=
ac_cv_env_host_alias_set=set
ac_cv_env_host_alias_value=mipsel-linux
ac_cv_env_target_alias_set=
ac_cv_env_target_alias_value=
ac_cv_exeext=
ac_cv_func_ftruncate=yes
ac_cv_header_assert_h=yes
ac_cv_header_dlfcn_h=yes
ac_cv_header_inttypes_h=yes
ac_cv_header_memory_h=yes
ac_cv_header_stdc=yes
ac_cv_header_stdint_h=yes
ac_cv_header_stdlib_h=yes
ac_cv_header_string_h=yes
ac_cv_header_strings_h=yes
ac_cv_header_sys_stat_h=yes
ac_cv_header_sys_types_h=yes
ac_cv_header_unistd_h=yes
ac_cv_header_zlib_h=yes
ac_cv_host=mipsel-unknown-linux-gnu
ac_cv_host_alias=mipsel-linux
ac_cv_lib_z_compress2=yes
ac_cv_objext=o
ac_cv_path_install='/usr/bin/install -c'
ac_cv_prog_AWK=gawk
ac_cv_prog_CC=mipsel-linux-gcc
ac_cv_prog_CPP='mipsel-linux-gcc -E'
ac_cv_prog_RANLIB=mipsel-linux-ranlib
ac_cv_prog_STRIP=mipsel-linux-strip
ac_cv_prog_cc_g=yes
ac_cv_prog_cc_stdc=
ac_cv_prog_egrep='grep -E'
ac_cv_prog_make_make_set=yes
am_cv_CC_dependencies_compiler_type=gcc3
lt_cv_archive_cmds_need_lc=no
lt_cv_compiler_c_o=yes
lt_cv_compiler_o_lo=yes
lt_cv_deplibs_check_method=pass_all
lt_cv_file_magic_cmd='$MAGIC_CMD'
lt_cv_file_magic_test_file='/lib/libc.so.6 /lib/libc-2.12.1.so'
lt_cv_global_symbol_to_c_name_address='sed -n -e '\''s/^: \([^ ]*\) $/  {\"\1\", (lt_ptr) 0},/p'\'' -e '\''s/^[BCDEGRST] \([^ ]*\) \([^ ]*\)$/  {"\2", (lt_ptr) \&\2},/p'\'''
lt_cv_global_symbol_to_cdecl='sed -n -e '\''s/^. .* \(.*\)$/extern char \1;/p'\'''
lt_cv_ld_reload_flag=-r
lt_cv_path_LD=mipsel-linux-ld
lt_cv_path_NM='/opt/mipsel_gcc-4.3.3_uclibc-0.9.30.1/usr/bin/mipsel-linux-nm -B'
lt_cv_path_SED=/bin/sed
lt_cv_prog_cc_can_build_shared=yes
lt_cv_prog_cc_no_builtin=
lt_cv_prog_cc_pic=' -fPIC'
lt_cv_prog_cc_pic_works=yes
lt_cv_prog_cc_shlib=
lt_cv_prog_cc_static=-static
lt_cv_prog_cc_static_works=yes
lt_cv_prog_cc_wl=-Wl,
lt_cv_prog_gnu_ld=yes
lt_cv_sys_global_symbol_pipe='sed -n -e '\''s/^.*[ 	]\([ABCDGISTW][ABCDGISTW]*\)[ 	][ 	]*\(\)\([_A-Za-z][_A-Za-z0-9]*\)$/\1 \2\3 \3/p'\'''

## ----------------- ##
## Output variables. ##
## ----------------- ##

ACLOCAL='${SHELL} /home/michael_lo/845l/progs.gpl/itunes_server/libid3tag-0.15.0b/missing --run aclocal-1.7'
AMDEPBACKSLASH='\'
AMDEP_FALSE='#'
AMDEP_TRUE=''
AMTAR='${SHELL} /home/michael_lo/845l/progs.gpl/itunes_server/libid3tag-0.15.0b/missing --run tar'
AUTOCONF='${SHELL} /home/michael_lo/845l/progs.gpl/itunes_server/libid3tag-0.15.0b/missing --run autoconf'
AUTOHEADER='${SHELL} /home/michael_lo/845l/progs.gpl/itunes_server/libid3tag-0.15.0b/missing --run autoheader'
AUTOMAKE='${SHELL} /home/michael_lo/845l/progs.gpl/itunes_server/libid3tag-0.15.0b/missing --run automake-1.7'
AWK='gawk'
CC='mipsel-linux-gcc'
CCDEPMODE='depmode=gcc3'
CFLAGS='-Wall -D__UCLIBC_HAS_MMU__ -D__UCLIBC__ -D__UCLIBC_HAS_MMU__ -D__UCLIBC__ -Os'
CPP='mipsel-linux-gcc -E'
CPPFLAGS='-I../zlib-1.2.1/'
CYGPATH_W='echo'
DEBUG_FALSE=''
DEBUG_TRUE='#'
DEFS='-DHAVE_CONFIG_H'
DEPDIR='.deps'
ECHO='echo'
ECHO_C=''
ECHO_N='-n'
ECHO_T=''
EGREP='grep -E'
EXEEXT=''
INSTALL_DATA='${INSTALL} -m 644'
INSTALL_PROGRAM='${INSTALL}'
INSTALL_SCRIPT='${INSTALL}'
INSTALL_STRIP_PROGRAM='${SHELL} $(install_sh) -c -s'
LDFLAGS='-L../zlib-1.2.1/'
LIBOBJS=''
LIBS='-lz '
LIBTOOL='$(SHELL) $(top_builddir)/libtool'
LIBTOOL_DEPS='./ltmain.sh'
LN_S='ln -s'
LTLIBOBJS=''
MAKEINFO='${SHELL} /home/michael_lo/845l/progs.gpl/itunes_server/libid3tag-0.15.0b/missing --run makeinfo'
OBJEXT='o'
PACKAGE='libid3tag'
PACKAGE_BUGREPORT='support@underbit.com'
PACKAGE_NAME='ID3 Tag'
PACKAGE_STRING='ID3 Tag 0.15.0b'
PACKAGE_TARNAME='libid3tag'
PACKAGE_VERSION='0.15.0b'
PATH_SEPARATOR=':'
RANLIB='mipsel-linux-ranlib'
SET_MAKE=''
SHELL='/bin/sh'
STRIP='mipsel-linux-strip'
VERSION='0.15.0b'
ac_ct_CC=''
ac_ct_RANLIB=''
ac_ct_STRIP=''
am__fastdepCC_FALSE='#'
am__fastdepCC_TRUE=''
am__include='include'
am__leading_dot='.'
am__quote=''
bindir='${exec_prefix}/bin'
build='i686-pc-linux-gnu'
build_alias=''
build_cpu='i686'
build_os='linux-gnu'
build_vendor='pc'
datadir='${prefix}/share'
exec_prefix='${prefix}'
host='mipsel-unknown-linux-gnu'
host_alias='mipsel-linux'
host_cpu='mipsel'
host_os='linux-gnu'
host_vendor='unknown'
includedir='${prefix}/include'
infodir='${prefix}/info'
install_sh='/home/michael_lo/845l/progs.gpl/itunes_server/libid3tag-0.15.0b/install-sh'
libdir='${exec_prefix}/lib'
libexecdir='${exec_prefix}/libexec'
localstatedir='${prefix}/var'
mandir='${prefix}/man'
oldincludedir='/usr/include'
prefix='/home/michael_lo/845l/rootfs'
program_transform_name='s,x,x,'
sbindir='${exec_prefix}/sbin'
sharedstatedir='${prefix}/com'
sysconfdir='${prefix}/etc'
target_alias=''

## ----------- ##
## confdefs.h. ##
## ----------- ##

#define HAVE_ASSERT_H 1
#define HAVE_DLFCN_H 1
#define HAVE_FTRUNCATE 1
#define HAVE_INTTYPES_H 1
#define HAVE_LIBZ 1
#define HAVE_MEMORY_H 1
#define HAVE_STDINT_H 1
#define HAVE_STDLIB_H 1
#define HAVE_STRINGS_H 1
#define HAVE_STRING_H 1
#define HAVE_SYS_STAT_H 1
#define HAVE_SYS_TYPES_H 1
#define HAVE_UNISTD_H 1
#define HAVE_UNISTD_H 1
#define PACKAGE "libid3tag"
#define PACKAGE_BUGREPORT "support@underbit.com"
#define PACKAGE_NAME "ID3 Tag"
#define PACKAGE_STRING "ID3 Tag 0.15.0b"
#define PACKAGE_TARNAME "libid3tag"
#define PACKAGE_VERSION "0.15.0b"
#define STDC_HEADERS 1
#define STDC_HEADERS 1
#define VERSION "0.15.0b"

configure: exit 0
