This file contains any messages produced by compilers while
running configure, to aid debugging if configure makes a mistake.

It was created by configure, which was
generated by GNU Autoconf 2.57.  Invocation command line was

  $ configure --prefix=/home/jack_tsai/DIR850LWW_GPL/rootfs --host=mips-linux CC=mips-linux-gcc AS=mips-linux-as AR=mips-linux-ar LD=mips-linux-ld RANLIB=mips-linux-ranlib STRIP=mips-linux-strip --enable-static

## --------- ##
## Platform. ##
## --------- ##

hostname = RangeRover
uname -m = i686
uname -r = 2.6.35-30-generic-pae
uname -s = Linux
uname -v = #56-Ubuntu SMP Mon Jul 11 21:51:12 UTC 2011

/usr/bin/uname -p = unknown
/bin/uname -X     = unknown

/bin/arch              = i686
/usr/bin/arch -k       = unknown
/usr/convex/getsysinfo = unknown
hostinfo               = unknown
/bin/machine           = unknown
/usr/bin/oslevel       = unknown
/bin/universe          = unknown

PATH: /opt/rsdk-1.5.5-5281-EB-2.6.30-0.9.30.3-110714/bin
PATH: /usr/local/sbin
PATH: /usr/local/bin
PATH: /usr/sbin
PATH: /usr/bin
PATH: /sbin
PATH: /bin
PATH: /usr/games


## ----------- ##
## Core tests. ##
## ----------- ##

configure:1514: checking for a BSD-compatible install
configure:1568: result: /usr/bin/install -c
configure:1579: checking whether build environment is sane
configure:1622: result: yes
configure:1655: checking for gawk
configure:1671: found /usr/bin/gawk
configure:1681: result: gawk
configure:1691: checking whether make sets $(MAKE)
configure:1711: result: yes
configure:1790: checking for mips-linux-strip
configure:1816: result: mips-linux-strip
configure:1877: checking whether make sets $(MAKE)
configure:1897: result: yes
configure:1919: checking for mips-linux-gcc
configure:1945: result: mips-linux-gcc
configure:2227: checking for C compiler version
configure:2230: mips-linux-gcc --version </dev/null >&5
mips-linux-xgcc (GCC) 4.4.5-1.5.5p4
Copyright (C) 2010 Free Software Foundation, Inc.
This is free software; see the source for copying conditions.  There is NO
warranty; not even for MERCHANTABILITY or FITNESS FOR A PARTICULAR PURPOSE.

configure:2233: $? = 0
configure:2235: mips-linux-gcc -v </dev/null >&5
Using built-in specs.
Target: mips-linux
Configured with: RSDK Builder release 1.5
Thread model: posix
gcc version 4.4.5-1.5.5p4 (GCC) 
configure:2238: $? = 0
configure:2240: mips-linux-gcc -V </dev/null >&5
mips-linux-xgcc: '-V' must come at the start of the command line
configure:2243: $? = 1
configure:2267: checking for C compiler default output
configure:2270: mips-linux-gcc -Os -Wall -D__UCLIBC_HAS_MMU__ -D__UCLIBC_ -D__BIG_ENDIAN_BITFIELD -DCONFIG_CPU_BIG_ENDIAN -Os -Wall -D__UCLIBC_HAS_MMU__ -D__UCLIBC_ -D__BIG_ENDIAN_BITFIELD -DCONFIG_CPU_BIG_ENDIAN   conftest.c  >&5
configure:2273: $? = 0
configure:2319: result: a.out
configure:2324: checking whether the C compiler works
configure:2330: ./a.out
configure: line 2331: ./a.out: cannot execute binary file
configure:2333: $? = 126
configure:2350: result: yes
configure:2357: checking whether we are cross compiling
configure:2359: result: yes
configure:2362: checking for suffix of executables
configure:2364: mips-linux-gcc -o conftest -Os -Wall -D__UCLIBC_HAS_MMU__ -D__UCLIBC_ -D__BIG_ENDIAN_BITFIELD -DCONFIG_CPU_BIG_ENDIAN -Os -Wall -D__UCLIBC_HAS_MMU__ -D__UCLIBC_ -D__BIG_ENDIAN_BITFIELD -DCONFIG_CPU_BIG_ENDIAN   conftest.c  >&5
configure:2367: $? = 0
configure:2392: result: 
configure:2398: checking for suffix of object files
configure:2420: mips-linux-gcc -c -Os -Wall -D__UCLIBC_HAS_MMU__ -D__UCLIBC_ -D__BIG_ENDIAN_BITFIELD -DCONFIG_CPU_BIG_ENDIAN -Os -Wall -D__UCLIBC_HAS_MMU__ -D__UCLIBC_ -D__BIG_ENDIAN_BITFIELD -DCONFIG_CPU_BIG_ENDIAN  conftest.c >&5
configure:2423: $? = 0
configure:2445: result: o
configure:2449: checking whether we are using the GNU C compiler
configure:2474: mips-linux-gcc -c -Os -Wall -D__UCLIBC_HAS_MMU__ -D__UCLIBC_ -D__BIG_ENDIAN_BITFIELD -DCONFIG_CPU_BIG_ENDIAN -Os -Wall -D__UCLIBC_HAS_MMU__ -D__UCLIBC_ -D__BIG_ENDIAN_BITFIELD -DCONFIG_CPU_BIG_ENDIAN  conftest.c >&5
configure:2477: $? = 0
configure:2480: test -s conftest.o
configure:2483: $? = 0
configure:2496: result: yes
configure:2502: checking whether mips-linux-gcc accepts -g
configure:2524: mips-linux-gcc -c -g  conftest.c >&5
configure:2527: $? = 0
configure:2530: test -s conftest.o
configure:2533: $? = 0
configure:2544: result: yes
configure:2561: checking for mips-linux-gcc option to accept ANSI C
configure:2622: mips-linux-gcc  -c -Os -Wall -D__UCLIBC_HAS_MMU__ -D__UCLIBC_ -D__BIG_ENDIAN_BITFIELD -DCONFIG_CPU_BIG_ENDIAN -Os -Wall -D__UCLIBC_HAS_MMU__ -D__UCLIBC_ -D__BIG_ENDIAN_BITFIELD -DCONFIG_CPU_BIG_ENDIAN  conftest.c >&5
configure:2625: $? = 0
configure:2628: test -s conftest.o
configure:2631: $? = 0
configure:2649: result: none needed
configure:2667: mips-linux-gcc -c -Os -Wall -D__UCLIBC_HAS_MMU__ -D__UCLIBC_ -D__BIG_ENDIAN_BITFIELD -DCONFIG_CPU_BIG_ENDIAN -Os -Wall -D__UCLIBC_HAS_MMU__ -D__UCLIBC_ -D__BIG_ENDIAN_BITFIELD -DCONFIG_CPU_BIG_ENDIAN  conftest.c >&5
conftest.c:2: error: expected '=', ',', ';', 'asm' or '__attribute__' before 'me'
configure:2670: $? = 1
configure: failed program was:
| #ifndef __cplusplus
|   choke me
| #endif
configure:2790: checking for style of include used by make
configure:2818: result: GNU
configure:2846: checking dependency style of mips-linux-gcc
configure:2914: result: none
configure:2936: checking how to run the C preprocessor
configure:2972: mips-linux-gcc -E  conftest.c
configure:2978: $? = 0
configure:3010: mips-linux-gcc -E  conftest.c
configure:3011:28: error: ac_nonexistent.h: No such file or directory
configure:3016: $? = 1
configure: failed program was:
| #line 3001 "configure"
| /* confdefs.h.  */
| 
| #define PACKAGE_NAME ""
| #define PACKAGE_TARNAME ""
| #define PACKAGE_VERSION ""
| #define PACKAGE_STRING ""
| #define PACKAGE_BUGREPORT ""
| #define PACKAGE "libiconv"
| #define VERSION "1.9"
| /* end confdefs.h.  */
| #include <ac_nonexistent.h>
configure:3054: result: mips-linux-gcc -E
configure:3079: mips-linux-gcc -E  conftest.c
configure:3085: $? = 0
configure:3117: mips-linux-gcc -E  conftest.c
configure:3118:28: error: ac_nonexistent.h: No such file or directory
configure:3123: $? = 1
configure: failed program was:
| #line 3108 "configure"
| /* confdefs.h.  */
| 
| #define PACKAGE_NAME ""
| #define PACKAGE_TARNAME ""
| #define PACKAGE_VERSION ""
| #define PACKAGE_STRING ""
| #define PACKAGE_BUGREPORT ""
| #define PACKAGE "libiconv"
| #define VERSION "1.9"
| /* end confdefs.h.  */
| #include <ac_nonexistent.h>
configure:3167: checking for egrep
configure:3177: result: grep -E
configure:3183: checking whether mips-linux-gcc needs -traditional
configure:3227: result: no
configure:3246: checking for a BSD-compatible install
configure:3300: result: /usr/bin/install -c
configure:3319: checking build system type
configure:3337: result: i686-pc-linux-gnu
configure:3345: checking host system type
configure:3359: result: mips-unknown-linux-gnu
configure:3393: checking for ld used by GCC
configure:3456: result: mips-linux-ld
configure:3465: checking if the linker (mips-linux-ld) is GNU ld
GNU ld (GNU Binutils) 2.19.92.20091006
configure:3477: result: yes
configure:3483: checking for shared library path variable
configure:3496: result: LD_LIBRARY_PATH
configure:3501: checking whether to activate relocatable installation
configure:3516: result: no
configure:3597: checking for mips-linux-ranlib
configure:3623: result: mips-linux-ranlib
configure:3674: checking how to copy files
configure:3690: result: cp -p
configure:3694: checking how to make hard links
configure:3710: result: ln
configure:3714: checking whether ln -s works
configure:3718: result: yes
configure:3734: checking for AIX
configure:3757: result: no
configure:3763: checking for ANSI C header files
configure:3789: mips-linux-gcc -c -Os -Wall -D__UCLIBC_HAS_MMU__ -D__UCLIBC_ -D__BIG_ENDIAN_BITFIELD -DCONFIG_CPU_BIG_ENDIAN -Os -Wall -D__UCLIBC_HAS_MMU__ -D__UCLIBC_ -D__BIG_ENDIAN_BITFIELD -DCONFIG_CPU_BIG_ENDIAN  conftest.c >&5
configure:3792: $? = 0
configure:3795: test -s conftest.o
configure:3798: $? = 0
configure:3913: result: yes
configure:3937: checking for sys/types.h
configure:3954: mips-linux-gcc -c -Os -Wall -D__UCLIBC_HAS_MMU__ -D__UCLIBC_ -D__BIG_ENDIAN_BITFIELD -DCONFIG_CPU_BIG_ENDIAN -Os -Wall -D__UCLIBC_HAS_MMU__ -D__UCLIBC_ -D__BIG_ENDIAN_BITFIELD -DCONFIG_CPU_BIG_ENDIAN  conftest.c >&5
configure:3957: $? = 0
configure:3960: test -s conftest.o
configure:3963: $? = 0
configure:3974: result: yes
configure:3937: checking for sys/stat.h
configure:3954: mips-linux-gcc -c -Os -Wall -D__UCLIBC_HAS_MMU__ -D__UCLIBC_ -D__BIG_ENDIAN_BITFIELD -DCONFIG_CPU_BIG_ENDIAN -Os -Wall -D__UCLIBC_HAS_MMU__ -D__UCLIBC_ -D__BIG_ENDIAN_BITFIELD -DCONFIG_CPU_BIG_ENDIAN  conftest.c >&5
configure:3957: $? = 0
configure:3960: test -s conftest.o
configure:3963: $? = 0
configure:3974: result: yes
configure:3937: checking for stdlib.h
configure:3954: mips-linux-gcc -c -Os -Wall -D__UCLIBC_HAS_MMU__ -D__UCLIBC_ -D__BIG_ENDIAN_BITFIELD -DCONFIG_CPU_BIG_ENDIAN -Os -Wall -D__UCLIBC_HAS_MMU__ -D__UCLIBC_ -D__BIG_ENDIAN_BITFIELD -DCONFIG_CPU_BIG_ENDIAN  conftest.c >&5
configure:3957: $? = 0
configure:3960: test -s conftest.o
configure:3963: $? = 0
configure:3974: result: yes
configure:3937: checking for string.h
configure:3954: mips-linux-gcc -c -Os -Wall -D__UCLIBC_HAS_MMU__ -D__UCLIBC_ -D__BIG_ENDIAN_BITFIELD -DCONFIG_CPU_BIG_ENDIAN -Os -Wall -D__UCLIBC_HAS_MMU__ -D__UCLIBC_ -D__BIG_ENDIAN_BITFIELD -DCONFIG_CPU_BIG_ENDIAN  conftest.c >&5
configure:3957: $? = 0
configure:3960: test -s conftest.o
configure:3963: $? = 0
configure:3974: result: yes
configure:3937: checking for memory.h
configure:3954: mips-linux-gcc -c -Os -Wall -D__UCLIBC_HAS_MMU__ -D__UCLIBC_ -D__BIG_ENDIAN_BITFIELD -DCONFIG_CPU_BIG_ENDIAN -Os -Wall -D__UCLIBC_HAS_MMU__ -D__UCLIBC_ -D__BIG_ENDIAN_BITFIELD -DCONFIG_CPU_BIG_ENDIAN  conftest.c >&5
configure:3957: $? = 0
configure:3960: test -s conftest.o
configure:3963: $? = 0
configure:3974: result: yes
configure:3937: checking for strings.h
configure:3954: mips-linux-gcc -c -Os -Wall -D__UCLIBC_HAS_MMU__ -D__UCLIBC_ -D__BIG_ENDIAN_BITFIELD -DCONFIG_CPU_BIG_ENDIAN -Os -Wall -D__UCLIBC_HAS_MMU__ -D__UCLIBC_ -D__BIG_ENDIAN_BITFIELD -DCONFIG_CPU_BIG_ENDIAN  conftest.c >&5
configure:3957: $? = 0
configure:3960: test -s conftest.o
configure:3963: $? = 0
configure:3974: result: yes
configure:3937: checking for inttypes.h
configure:3954: mips-linux-gcc -c -Os -Wall -D__UCLIBC_HAS_MMU__ -D__UCLIBC_ -D__BIG_ENDIAN_BITFIELD -DCONFIG_CPU_BIG_ENDIAN -Os -Wall -D__UCLIBC_HAS_MMU__ -D__UCLIBC_ -D__BIG_ENDIAN_BITFIELD -DCONFIG_CPU_BIG_ENDIAN  conftest.c >&5
configure:3957: $? = 0
configure:3960: test -s conftest.o
configure:3963: $? = 0
configure:3974: result: yes
configure:3937: checking for stdint.h
configure:3954: mips-linux-gcc -c -Os -Wall -D__UCLIBC_HAS_MMU__ -D__UCLIBC_ -D__BIG_ENDIAN_BITFIELD -DCONFIG_CPU_BIG_ENDIAN -Os -Wall -D__UCLIBC_HAS_MMU__ -D__UCLIBC_ -D__BIG_ENDIAN_BITFIELD -DCONFIG_CPU_BIG_ENDIAN  conftest.c >&5
configure:3957: $? = 0
configure:3960: test -s conftest.o
configure:3963: $? = 0
configure:3974: result: yes
configure:3937: checking for unistd.h
configure:3954: mips-linux-gcc -c -Os -Wall -D__UCLIBC_HAS_MMU__ -D__UCLIBC_ -D__BIG_ENDIAN_BITFIELD -DCONFIG_CPU_BIG_ENDIAN -Os -Wall -D__UCLIBC_HAS_MMU__ -D__UCLIBC_ -D__BIG_ENDIAN_BITFIELD -DCONFIG_CPU_BIG_ENDIAN  conftest.c >&5
configure:3957: $? = 0
configure:3960: test -s conftest.o
configure:3963: $? = 0
configure:3974: result: yes
configure:3996: checking minix/config.h usability
configure:4009: mips-linux-gcc -c -Os -Wall -D__UCLIBC_HAS_MMU__ -D__UCLIBC_ -D__BIG_ENDIAN_BITFIELD -DCONFIG_CPU_BIG_ENDIAN -Os -Wall -D__UCLIBC_HAS_MMU__ -D__UCLIBC_ -D__BIG_ENDIAN_BITFIELD -DCONFIG_CPU_BIG_ENDIAN  conftest.c >&5
configure:4054:26: error: minix/config.h: No such file or directory
configure:4012: $? = 1
configure: failed program was:
| #line 3998 "configure"
| /* confdefs.h.  */
| 
| #define PACKAGE_NAME ""
| #define PACKAGE_TARNAME ""
| #define PACKAGE_VERSION ""
| #define PACKAGE_STRING ""
| #define PACKAGE_BUGREPORT ""
| #define PACKAGE "libiconv"
| #define VERSION "1.9"
| #define INSTALLPREFIX "/home/jack_tsai/DIR850LWW_GPL/rootfs"
| #define _GNU_SOURCE 1
| #define STDC_HEADERS 1
| #define HAVE_SYS_TYPES_H 1
| #define HAVE_SYS_STAT_H 1
| #define HAVE_STDLIB_H 1
| #define HAVE_STRING_H 1
| #define HAVE_MEMORY_H 1
| #define HAVE_STRINGS_H 1
| #define HAVE_INTTYPES_H 1
| #define HAVE_STDINT_H 1
| #define HAVE_UNISTD_H 1
| /* end confdefs.h.  */
| #include <stdio.h>
| #if HAVE_SYS_TYPES_H
| # include <sys/types.h>
| #endif
| #if HAVE_SYS_STAT_H
| # include <sys/stat.h>
| #endif
| #if STDC_HEADERS
| # include <stdlib.h>
| # include <stddef.h>
| #else
| # if HAVE_STDLIB_H
| #  include <stdlib.h>
| # endif
| #endif
| #if HAVE_STRING_H
| # if !STDC_HEADERS && HAVE_MEMORY_H
| #  include <memory.h>
| # endif
| # include <string.h>
| #endif
| #if HAVE_STRINGS_H
| # include <strings.h>
| #endif
| #if HAVE_INTTYPES_H
| # include <inttypes.h>
| #else
| # if HAVE_STDINT_H
| #  include <stdint.h>
| # endif
| #endif
| #if HAVE_UNISTD_H
| # include <unistd.h>
| #endif
| #include <minix/config.h>
configure:4028: result: no
configure:4032: checking minix/config.h presence
configure:4043: mips-linux-gcc -E  conftest.c
configure:4056:26: error: minix/config.h: No such file or directory
configure:4049: $? = 1
configure: failed program was:
| #line 4034 "configure"
| /* confdefs.h.  */
| 
| #define PACKAGE_NAME ""
| #define PACKAGE_TARNAME ""
| #define PACKAGE_VERSION ""
| #define PACKAGE_STRING ""
| #define PACKAGE_BUGREPORT ""
| #define PACKAGE "libiconv"
| #define VERSION "1.9"
| #define INSTALLPREFIX "/home/jack_tsai/DIR850LWW_GPL/rootfs"
| #define _GNU_SOURCE 1
| #define STDC_HEADERS 1
| #define HAVE_SYS_TYPES_H 1
| #define HAVE_SYS_STAT_H 1
| #define HAVE_STDLIB_H 1
| #define HAVE_STRING_H 1
| #define HAVE_MEMORY_H 1
| #define HAVE_STRINGS_H 1
| #define HAVE_INTTYPES_H 1
| #define HAVE_STDINT_H 1
| #define HAVE_UNISTD_H 1
| /* end confdefs.h.  */
| #include <minix/config.h>
configure:4068: result: no
configure:4104: checking for minix/config.h
configure:4111: result: no
configure:4141: checking for strerror in -lcposix
configure:4172: mips-linux-gcc -o conftest -Os -Wall -D__UCLIBC_HAS_MMU__ -D__UCLIBC_ -D__BIG_ENDIAN_BITFIELD -DCONFIG_CPU_BIG_ENDIAN -Os -Wall -D__UCLIBC_HAS_MMU__ -D__UCLIBC_ -D__BIG_ENDIAN_BITFIELD -DCONFIG_CPU_BIG_ENDIAN   conftest.c -lcposix   >&5
/spaces/opt/rsdk-1.5.5-5281-EB-2.6.30-0.9.30.3-110714/bin/../lib/gcc/mips-linux/4.4.5-1.5.5p4/../../../../mips-linux/bin/ld: cannot find -lcposix
collect2: ld returned 1 exit status
configure:4175: $? = 1
configure: failed program was:
| #line 4148 "configure"
| /* confdefs.h.  */
| 
| #define PACKAGE_NAME ""
| #define PACKAGE_TARNAME ""
| #define PACKAGE_VERSION ""
| #define PACKAGE_STRING ""
| #define PACKAGE_BUGREPORT ""
| #define PACKAGE "libiconv"
| #define VERSION "1.9"
| #define INSTALLPREFIX "/home/jack_tsai/DIR850LWW_GPL/rootfs"
| #define _GNU_SOURCE 1
| #define STDC_HEADERS 1
| #define HAVE_SYS_TYPES_H 1
| #define HAVE_SYS_STAT_H 1
| #define HAVE_STDLIB_H 1
| #define HAVE_STRING_H 1
| #define HAVE_MEMORY_H 1
| #define HAVE_STRINGS_H 1
| #define HAVE_INTTYPES_H 1
| #define HAVE_STDINT_H 1
| #define HAVE_UNISTD_H 1
| /* end confdefs.h.  */
| 
| /* Override any gcc2 internal prototype to avoid an error.  */
| #ifdef __cplusplus
| extern "C"
| #endif
| /* We use char because int might match the return type of a gcc2
|    builtin and then its argument prototype would still apply.  */
| char strerror ();
| int
| main ()
| {
| strerror ();
|   ;
|   return 0;
| }
configure:4193: result: no
configure:4282: checking for a sed that does not truncate output
configure:4336: result: /bin/sed
configure:4350: checking for ld used by mips-linux-gcc
configure:4417: result: mips-linux-ld
configure:4426: checking if the linker (mips-linux-ld) is GNU ld
configure:4441: result: yes
configure:4446: checking for mips-linux-ld option to reload object files
configure:4453: result: -r
configure:4462: checking for BSD-compatible nm
configure:4504: result: /opt/rsdk-1.5.5-5281-EB-2.6.30-0.9.30.3-110714/bin/mips-linux-nm -B
configure:4508: checking how to recognise dependent libraries
configure:4708: result: pass_all
configure:5160: checking dlfcn.h usability
configure:5173: mips-linux-gcc -c -Os -Wall -D__UCLIBC_HAS_MMU__ -D__UCLIBC_ -D__BIG_ENDIAN_BITFIELD -DCONFIG_CPU_BIG_ENDIAN -Os -Wall -D__UCLIBC_HAS_MMU__ -D__UCLIBC_ -D__BIG_ENDIAN_BITFIELD -DCONFIG_CPU_BIG_ENDIAN  conftest.c >&5
configure:5176: $? = 0
configure:5179: test -s conftest.o
configure:5182: $? = 0
configure:5192: result: yes
configure:5196: checking dlfcn.h presence
configure:5207: mips-linux-gcc -E  conftest.c
configure:5213: $? = 0
configure:5232: result: yes
configure:5268: checking for dlfcn.h
configure:5275: result: yes
configure:5298: checking for mips-linux-g++
configure:5324: result: mips-linux-g++
configure:5382: checking for C++ compiler version
configure:5385: mips-linux-g++ --version </dev/null >&5
mips-linux-xg++ (GCC) 4.4.5-1.5.5p4
Copyright (C) 2010 Free Software Foundation, Inc.
This is free software; see the source for copying conditions.  There is NO
warranty; not even for MERCHANTABILITY or FITNESS FOR A PARTICULAR PURPOSE.

configure:5388: $? = 0
configure:5390: mips-linux-g++ -v </dev/null >&5
Using built-in specs.
Target: mips-linux
Configured with: RSDK Builder release 1.5
Thread model: posix
gcc version 4.4.5-1.5.5p4 (GCC) 
configure:5393: $? = 0
configure:5395: mips-linux-g++ -V </dev/null >&5
mips-linux-xg++: argument to '-V' missing

configure:5398: $? = 1
configure:5401: checking whether we are using the GNU C++ compiler
configure:5426: mips-linux-g++ -c   conftest.cc >&5
configure:5429: $? = 0
configure:5432: test -s conftest.o
configure:5435: $? = 0
configure:5448: result: yes
configure:5454: checking whether mips-linux-g++ accepts -g
configure:5476: mips-linux-g++ -c -g  conftest.cc >&5
configure:5479: $? = 0
configure:5482: test -s conftest.o
configure:5485: $? = 0
configure:5496: result: yes
configure:5540: mips-linux-g++ -c -g -O2  conftest.cc >&5
configure:5543: $? = 0
configure:5546: test -s conftest.o
configure:5549: $? = 0
configure:5576: mips-linux-g++ -c -g -O2  conftest.cc >&5
configure: In function 'int main()':
configure:5586: error: 'exit' was not declared in this scope
configure:5579: $? = 1
configure: failed program was:
| #line 5559 "configure"
| /* confdefs.h.  */
| 
| #define PACKAGE_NAME ""
| #define PACKAGE_TARNAME ""
| #define PACKAGE_VERSION ""
| #define PACKAGE_STRING ""
| #define PACKAGE_BUGREPORT ""
| #define PACKAGE "libiconv"
| #define VERSION "1.9"
| #define INSTALLPREFIX "/home/jack_tsai/DIR850LWW_GPL/rootfs"
| #define _GNU_SOURCE 1
| #define STDC_HEADERS 1
| #define HAVE_SYS_TYPES_H 1
| #define HAVE_SYS_STAT_H 1
| #define HAVE_STDLIB_H 1
| #define HAVE_STRING_H 1
| #define HAVE_MEMORY_H 1
| #define HAVE_STRINGS_H 1
| #define HAVE_INTTYPES_H 1
| #define HAVE_STDINT_H 1
| #define HAVE_UNISTD_H 1
| #define HAVE_DLFCN_H 1
| /* end confdefs.h.  */
| 
| int
| main ()
| {
| exit (42);
|   ;
|   return 0;
| }
configure:5540: mips-linux-g++ -c -g -O2  conftest.cc >&5
configure:5543: $? = 0
configure:5546: test -s conftest.o
configure:5549: $? = 0
configure:5576: mips-linux-g++ -c -g -O2  conftest.cc >&5
configure:5579: $? = 0
configure:5582: test -s conftest.o
configure:5585: $? = 0
configure:5610: checking dependency style of mips-linux-g++
configure:5678: result: none
configure:5700: checking how to run the C++ preprocessor
configure:5732: mips-linux-g++ -E  conftest.cc
configure:5738: $? = 0
configure:5770: mips-linux-g++ -E  conftest.cc
configure:5787:28: error: ac_nonexistent.h: No such file or directory
configure:5776: $? = 1
configure: failed program was:
| #line 5761 "configure"
| /* confdefs.h.  */
| 
| #define PACKAGE_NAME ""
| #define PACKAGE_TARNAME ""
| #define PACKAGE_VERSION ""
| #define PACKAGE_STRING ""
| #define PACKAGE_BUGREPORT ""
| #define PACKAGE "libiconv"
| #define VERSION "1.9"
| #define INSTALLPREFIX "/home/jack_tsai/DIR850LWW_GPL/rootfs"
| #define _GNU_SOURCE 1
| #define STDC_HEADERS 1
| #define HAVE_SYS_TYPES_H 1
| #define HAVE_SYS_STAT_H 1
| #define HAVE_STDLIB_H 1
| #define HAVE_STRING_H 1
| #define HAVE_MEMORY_H 1
| #define HAVE_STRINGS_H 1
| #define HAVE_INTTYPES_H 1
| #define HAVE_STDINT_H 1
| #define HAVE_UNISTD_H 1
| #define HAVE_DLFCN_H 1
| #ifdef __cplusplus
| #include <stdlib.h>
| #endif
| /* end confdefs.h.  */
| #include <ac_nonexistent.h>
configure:5814: result: mips-linux-g++ -E
configure:5839: mips-linux-g++ -E  conftest.cc
configure:5845: $? = 0
configure:5877: mips-linux-g++ -E  conftest.cc
configure:5894:28: error: ac_nonexistent.h: No such file or directory
configure:5883: $? = 1
configure: failed program was:
| #line 5868 "configure"
| /* confdefs.h.  */
| 
| #define PACKAGE_NAME ""
| #define PACKAGE_TARNAME ""
| #define PACKAGE_VERSION ""
| #define PACKAGE_STRING ""
| #define PACKAGE_BUGREPORT ""
| #define PACKAGE "libiconv"
| #define VERSION "1.9"
| #define INSTALLPREFIX "/home/jack_tsai/DIR850LWW_GPL/rootfs"
| #define _GNU_SOURCE 1
| #define STDC_HEADERS 1
| #define HAVE_SYS_TYPES_H 1
| #define HAVE_SYS_STAT_H 1
| #define HAVE_STDLIB_H 1
| #define HAVE_STRING_H 1
| #define HAVE_MEMORY_H 1
| #define HAVE_STRINGS_H 1
| #define HAVE_INTTYPES_H 1
| #define HAVE_STDINT_H 1
| #define HAVE_UNISTD_H 1
| #define HAVE_DLFCN_H 1
| #ifdef __cplusplus
| #include <stdlib.h>
| #endif
| /* end confdefs.h.  */
| #include <ac_nonexistent.h>
configure:5935: checking for mips-linux-g77
configure:5964: result: no
configure:5935: checking for mips-linux-f77
configure:5964: result: no
configure:5935: checking for mips-linux-xlf
configure:5964: result: no
configure:5935: checking for mips-linux-frt
configure:5964: result: no
configure:5935: checking for mips-linux-pgf77
configure:5964: result: no
configure:5935: checking for mips-linux-fl32
configure:5964: result: no
configure:5935: checking for mips-linux-af77
configure:5964: result: no
configure:5935: checking for mips-linux-fort77
configure:5964: result: no
configure:5935: checking for mips-linux-f90
configure:5964: result: no
configure:5935: checking for mips-linux-xlf90
configure:5964: result: no
configure:5935: checking for mips-linux-pgf90
configure:5964: result: no
configure:5935: checking for mips-linux-epcf90
configure:5964: result: no
configure:5935: checking for mips-linux-f95
configure:5964: result: no
configure:5935: checking for mips-linux-fort
configure:5964: result: no
configure:5935: checking for mips-linux-xlf95
configure:5964: result: no
configure:5935: checking for mips-linux-lf95
configure:5964: result: no
configure:5935: checking for mips-linux-g95
configure:5964: result: no
configure:5977: checking for g77
configure:6006: result: no
configure:5977: checking for f77
configure:6006: result: no
configure:5977: checking for xlf
configure:6006: result: no
configure:5977: checking for frt
configure:6006: result: no
configure:5977: checking for pgf77
configure:6006: result: no
configure:5977: checking for fl32
configure:6006: result: no
configure:5977: checking for af77
configure:6006: result: no
configure:5977: checking for fort77
configure:6006: result: no
configure:5977: checking for f90
configure:6006: result: no
configure:5977: checking for xlf90
configure:6006: result: no
configure:5977: checking for pgf90
configure:6006: result: no
configure:5977: checking for epcf90
configure:6006: result: no
configure:5977: checking for f95
configure:6006: result: no
configure:5977: checking for fort
configure:6006: result: no
configure:5977: checking for xlf95
configure:6006: result: no
configure:5977: checking for lf95
configure:6006: result: no
configure:5977: checking for g95
configure:6006: result: no
configure:6018: checking for Fortran 77 compiler version
configure:6021:  --version </dev/null >&5
configure: line 6022: --version: command not found
configure:6024: $? = 127
configure:6026:  -v </dev/null >&5
configure: line 6027: -v: command not found
configure:6029: $? = 127
configure:6031:  -V </dev/null >&5
configure: line 6032: -V: command not found
configure:6034: $? = 127
configure:6041: checking whether we are using the GNU Fortran 77 compiler
configure:6055:  -c  conftest.F >&5
configure: line 6056: -c: command not found
configure:6058: $? = 127
configure: failed program was:
|       program main
| #ifndef __GNUC__
|        choke me
| #endif
| 
|       end
configure:6077: result: no
configure:6084: checking whether  accepts -g
configure:6096:  -c -g conftest.f >&5
configure: line 6097: -c: command not found
configure:6099: $? = 127
configure: failed program was:
|       program main
| 
|       end
configure:6117: result: no
configure:6145: checking the maximum length of command line arguments
configure:6204: result: 
configure:6215: checking command to parse /opt/rsdk-1.5.5-5281-EB-2.6.30-0.9.30.3-110714/bin/mips-linux-nm -B output from mips-linux-gcc object
configure:6304: mips-linux-gcc -c -Os -Wall -D__UCLIBC_HAS_MMU__ -D__UCLIBC_ -D__BIG_ENDIAN_BITFIELD -DCONFIG_CPU_BIG_ENDIAN -Os -Wall -D__UCLIBC_HAS_MMU__ -D__UCLIBC_ -D__BIG_ENDIAN_BITFIELD -DCONFIG_CPU_BIG_ENDIAN  conftest.c >&5
configure:6307: $? = 0
configure:6311: /opt/rsdk-1.5.5-5281-EB-2.6.30-0.9.30.3-110714/bin/mips-linux-nm -B conftest.o \| sed -n -e 's/^.*[ 	]\([ABCDGISTW][ABCDGISTW]*\)[ 	][ 	]*\(\)\([_A-Za-z][_A-Za-z0-9]*\)$/\1 \2\3 \3/p' \> conftest.nm
configure:6314: $? = 0
configure:6366: mips-linux-gcc -o conftest -Os -Wall -D__UCLIBC_HAS_MMU__ -D__UCLIBC_ -D__BIG_ENDIAN_BITFIELD -DCONFIG_CPU_BIG_ENDIAN -Os -Wall -D__UCLIBC_HAS_MMU__ -D__UCLIBC_ -D__BIG_ENDIAN_BITFIELD -DCONFIG_CPU_BIG_ENDIAN   conftest.c conftstm.o >&5
configure:6369: $? = 0
configure:6407: result: ok
configure:6411: checking for objdir
configure:6426: result: .libs
configure:6478: checking for mips-linux-ar
configure:6504: result: mips-linux-ar
configure:6558: checking for mips-linux-ranlib
configure:6584: result: mips-linux-ranlib
configure:6638: checking for mips-linux-strip
configure:6664: result: mips-linux-strip
configure:6965: checking if mips-linux-gcc static flag  works
configure:6988: result: yes
configure:7005: checking if mips-linux-gcc supports -fno-rtti -fno-exceptions
configure:7023: mips-linux-gcc -c -Os -Wall -D__UCLIBC_HAS_MMU__ -D__UCLIBC_ -D__BIG_ENDIAN_BITFIELD -DCONFIG_CPU_BIG_ENDIAN -Os -Wall -D__UCLIBC_HAS_MMU__ -D__UCLIBC_ -D__BIG_ENDIAN_BITFIELD -DCONFIG_CPU_BIG_ENDIAN  -fno-rtti -fno-exceptions conftest.c >&5
cc1: warning: command line option "-fno-rtti" is valid for C++/ObjC++ but not for C
configure:7027: $? = 0
configure:7038: result: no
configure:7053: checking for mips-linux-gcc option to produce PIC
configure:7230: result: -fPIC
configure:7237: checking if mips-linux-gcc PIC flag -fPIC works
configure:7255: mips-linux-gcc -c -Os -Wall -D__UCLIBC_HAS_MMU__ -D__UCLIBC_ -D__BIG_ENDIAN_BITFIELD -DCONFIG_CPU_BIG_ENDIAN -Os -Wall -D__UCLIBC_HAS_MMU__ -D__UCLIBC_ -D__BIG_ENDIAN_BITFIELD -DCONFIG_CPU_BIG_ENDIAN  -fPIC -DPIC conftest.c >&5
configure:7259: $? = 0
configure:7270: result: yes
configure:7294: checking if mips-linux-gcc supports -c -o file.o
configure:7322: mips-linux-gcc -c -Os -Wall -D__UCLIBC_HAS_MMU__ -D__UCLIBC_ -D__BIG_ENDIAN_BITFIELD -DCONFIG_CPU_BIG_ENDIAN -Os -Wall -D__UCLIBC_HAS_MMU__ -D__UCLIBC_ -D__BIG_ENDIAN_BITFIELD -DCONFIG_CPU_BIG_ENDIAN  -o out/conftest2.o conftest.c >&5
configure:7326: $? = 0
configure:7343: result: yes
configure:7369: checking whether the mips-linux-gcc linker (mips-linux-ld) supports shared libraries
configure:8163: result: yes
configure:8189: checking whether -lc should be explicitly linked in
configure:8194: mips-linux-gcc -c -Os -Wall -D__UCLIBC_HAS_MMU__ -D__UCLIBC_ -D__BIG_ENDIAN_BITFIELD -DCONFIG_CPU_BIG_ENDIAN -Os -Wall -D__UCLIBC_HAS_MMU__ -D__UCLIBC_ -D__BIG_ENDIAN_BITFIELD -DCONFIG_CPU_BIG_ENDIAN  conftest.c >&5
configure:8197: $? = 0
configure:8211: mips-linux-gcc -shared conftest.o  -v -Wl,-soname -Wl,conftest -o conftest 2\>\&1 \| grep  -lc  \>/dev/null 2\>\&1
configure:8214: $? = 0
configure:8226: result: no
configure:8234: checking how to hardcode library paths into programs
configure:8259: result: immediate
configure:8273: checking whether stripping libraries is possible
configure:8278: result: yes
configure:8300: checking dynamic linker characteristics
configure:8823: result: GNU/Linux ld.so
configure:9549: checking if libtool supports shared libraries
configure:9551: result: yes
configure:9554: checking whether to build shared libraries
configure:9603: result: yes
configure:9606: checking whether to build static libraries
configure:9610: result: yes
configure:9701: creating libtool
configure:10245: checking for ld used by mips-linux-g++
configure:10312: result: mips-linux-ld
configure:10321: checking if the linker (mips-linux-ld) is GNU ld
configure:10336: result: yes
configure:10387: checking whether the mips-linux-g++ linker (mips-linux-ld) supports shared libraries
configure:11182: result: yes
configure:11200: mips-linux-g++ -c -g -O2  conftest.cc >&5
configure:11203: $? = 0
configure:11299: checking for mips-linux-g++ option to produce PIC
configure:11551: result: -fPIC
configure:11558: checking if mips-linux-g++ PIC flag -fPIC works
configure:11576: mips-linux-g++ -c -g -O2  -fPIC -DPIC conftest.cc >&5
configure:11580: $? = 0
configure:11591: result: yes
configure:11615: checking if mips-linux-g++ supports -c -o file.o
configure:11643: mips-linux-g++ -c -g -O2  -o out/conftest2.o conftest.cc >&5
configure:11647: $? = 0
configure:11664: result: yes
configure:11690: checking whether the mips-linux-g++ linker (mips-linux-ld) supports shared libraries
configure:11715: result: yes
configure:11786: checking how to hardcode library paths into programs
configure:11811: result: immediate
configure:11825: checking whether stripping libraries is possible
configure:11830: result: yes
configure:11852: checking dynamic linker characteristics
configure:12375: result: GNU/Linux ld.so
configure:19281: checking for shared library run path origin
configure:19294: result: done
configure:19724: checking for iconv
configure:19752: mips-linux-gcc -o conftest -Os -Wall -D__UCLIBC_HAS_MMU__ -D__UCLIBC_ -D__BIG_ENDIAN_BITFIELD -DCONFIG_CPU_BIG_ENDIAN -Os -Wall -D__UCLIBC_HAS_MMU__ -D__UCLIBC_ -D__BIG_ENDIAN_BITFIELD -DCONFIG_CPU_BIG_ENDIAN   conftest.c  >&5
configure:19759:19: error: iconv.h: No such file or directory
configure: In function 'main':
configure:19763: error: 'iconv_t' undeclared (first use in this function)
configure:19763: error: (Each undeclared identifier is reported only once
configure:19763: error: for each function it appears in.)
configure:19763: error: expected ';' before 'cd'
configure:19764: warning: implicit declaration of function 'iconv'
configure:19764: error: 'cd' undeclared (first use in this function)
configure:19765: warning: implicit declaration of function 'iconv_close'
configure:19755: $? = 1
configure: failed program was:
| #line 19732 "configure"
| /* confdefs.h.  */
| 
| #define PACKAGE_NAME ""
| #define PACKAGE_TARNAME ""
| #define PACKAGE_VERSION ""
| #define PACKAGE_STRING ""
| #define PACKAGE_BUGREPORT ""
| #define PACKAGE "libiconv"
| #define VERSION "1.9"
| #define INSTALLPREFIX "/home/jack_tsai/DIR850LWW_GPL/rootfs"
| #define _GNU_SOURCE 1
| #define STDC_HEADERS 1
| #define HAVE_SYS_TYPES_H 1
| #define HAVE_SYS_STAT_H 1
| #define HAVE_STDLIB_H 1
| #define HAVE_STRING_H 1
| #define HAVE_MEMORY_H 1
| #define HAVE_STRINGS_H 1
| #define HAVE_INTTYPES_H 1
| #define HAVE_STDINT_H 1
| #define HAVE_UNISTD_H 1
| #define HAVE_DLFCN_H 1
| #ifdef __cplusplus
| #include <stdlib.h>
| #endif
| /* end confdefs.h.  */
| #include <stdlib.h>
| #include <iconv.h>
| int
| main ()
| {
| iconv_t cd = iconv_open("","");
|        iconv(cd,NULL,NULL,NULL,NULL);
|        iconv_close(cd);
|   ;
|   return 0;
| }
configure:19793: mips-linux-gcc -o conftest -Os -Wall -D__UCLIBC_HAS_MMU__ -D__UCLIBC_ -D__BIG_ENDIAN_BITFIELD -DCONFIG_CPU_BIG_ENDIAN -Os -Wall -D__UCLIBC_HAS_MMU__ -D__UCLIBC_ -D__BIG_ENDIAN_BITFIELD -DCONFIG_CPU_BIG_ENDIAN   conftest.c  -liconv >&5
configure:19800:19: error: iconv.h: No such file or directory
configure: In function 'main':
configure:19804: error: 'iconv_t' undeclared (first use in this function)
configure:19804: error: (Each undeclared identifier is reported only once
configure:19804: error: for each function it appears in.)
configure:19804: error: expected ';' before 'cd'
configure:19805: warning: implicit declaration of function 'iconv'
configure:19805: error: 'cd' undeclared (first use in this function)
configure:19806: warning: implicit declaration of function 'iconv_close'
configure:19796: $? = 1
configure: failed program was:
| #line 19773 "configure"
| /* confdefs.h.  */
| 
| #define PACKAGE_NAME ""
| #define PACKAGE_TARNAME ""
| #define PACKAGE_VERSION ""
| #define PACKAGE_STRING ""
| #define PACKAGE_BUGREPORT ""
| #define PACKAGE "libiconv"
| #define VERSION "1.9"
| #define INSTALLPREFIX "/home/jack_tsai/DIR850LWW_GPL/rootfs"
| #define _GNU_SOURCE 1
| #define STDC_HEADERS 1
| #define HAVE_SYS_TYPES_H 1
| #define HAVE_SYS_STAT_H 1
| #define HAVE_STDLIB_H 1
| #define HAVE_STRING_H 1
| #define HAVE_MEMORY_H 1
| #define HAVE_STRINGS_H 1
| #define HAVE_INTTYPES_H 1
| #define HAVE_STDINT_H 1
| #define HAVE_UNISTD_H 1
| #define HAVE_DLFCN_H 1
| #ifdef __cplusplus
| #include <stdlib.h>
| #endif
| /* end confdefs.h.  */
| #include <stdlib.h>
| #include <iconv.h>
| int
| main ()
| {
| iconv_t cd = iconv_open("","");
|          iconv(cd,NULL,NULL,NULL,NULL);
|          iconv_close(cd);
|   ;
|   return 0;
| }
configure:19816: result: no, consider installing GNU libiconv
configure:19922: checking whether NLS is requested
configure:19931: result: yes
configure:19969: checking for msgfmt
configure:20000: result: /usr/bin/msgfmt
configure:20009: checking for gmsgfmt
configure:20040: result: /usr/bin/msgfmt
configure:20079: checking for xgettext
configure:20110: result: /usr/bin/xgettext
configure:20150: checking for msgmerge
configure:20180: result: /usr/bin/msgmerge
configure:20231: checking whether NLS is requested
configure:20240: result: yes
configure:20258: checking for GNU gettext in libc
configure:20283: mips-linux-gcc -o conftest -Os -Wall -D__UCLIBC_HAS_MMU__ -D__UCLIBC_ -D__BIG_ENDIAN_BITFIELD -DCONFIG_CPU_BIG_ENDIAN -Os -Wall -D__UCLIBC_HAS_MMU__ -D__UCLIBC_ -D__BIG_ENDIAN_BITFIELD -DCONFIG_CPU_BIG_ENDIAN   conftest.c  >&5
configure:20289:21: error: libintl.h: No such file or directory
configure: In function 'main':
configure:20295: warning: implicit declaration of function 'bindtextdomain'
configure:20296: warning: implicit declaration of function 'gettext'
configure:20296: warning: incompatible implicit declaration of built-in function 'gettext'
configure:20286: $? = 1
configure: failed program was:
| #line 20263 "configure"
| /* confdefs.h.  */
| 
| #define PACKAGE_NAME ""
| #define PACKAGE_TARNAME ""
| #define PACKAGE_VERSION ""
| #define PACKAGE_STRING ""
| #define PACKAGE_BUGREPORT ""
| #define PACKAGE "libiconv"
| #define VERSION "1.9"
| #define INSTALLPREFIX "/home/jack_tsai/DIR850LWW_GPL/rootfs"
| #define _GNU_SOURCE 1
| #define STDC_HEADERS 1
| #define HAVE_SYS_TYPES_H 1
| #define HAVE_SYS_STAT_H 1
| #define HAVE_STDLIB_H 1
| #define HAVE_STRING_H 1
| #define HAVE_MEMORY_H 1
| #define HAVE_STRINGS_H 1
| #define HAVE_INTTYPES_H 1
| #define HAVE_STDINT_H 1
| #define HAVE_UNISTD_H 1
| #define HAVE_DLFCN_H 1
| #ifdef __cplusplus
| #include <stdlib.h>
| #endif
| /* end confdefs.h.  */
| #include <libintl.h>
| extern int _nl_msg_cat_cntr;
| extern int *_nl_domain_bindings;
| int
| main ()
| {
| bindtextdomain ("", "");
| return (int) gettext ("") + _nl_msg_cat_cntr + *_nl_domain_bindings
|   ;
|   return 0;
| }
configure:20303: result: no
configure:20337: checking for iconv
configure:20429: result: no, consider installing GNU libiconv
configure:20830: checking for GNU gettext in libintl
configure:20863: mips-linux-gcc -o conftest -Os -Wall -D__UCLIBC_HAS_MMU__ -D__UCLIBC_ -D__BIG_ENDIAN_BITFIELD -DCONFIG_CPU_BIG_ENDIAN -Os -Wall -D__UCLIBC_HAS_MMU__ -D__UCLIBC_ -D__BIG_ENDIAN_BITFIELD -DCONFIG_CPU_BIG_ENDIAN    conftest.c  -lintl >&5
configure:20865:21: error: libintl.h: No such file or directory
configure: In function 'main':
configure:20875: warning: implicit declaration of function 'bindtextdomain'
configure:20876: warning: implicit declaration of function 'gettext'
configure:20876: warning: incompatible implicit declaration of built-in function 'gettext'
configure:20866: $? = 1
configure: failed program was:
| #line 20839 "configure"
| /* confdefs.h.  */
| 
| #define PACKAGE_NAME ""
| #define PACKAGE_TARNAME ""
| #define PACKAGE_VERSION ""
| #define PACKAGE_STRING ""
| #define PACKAGE_BUGREPORT ""
| #define PACKAGE "libiconv"
| #define VERSION "1.9"
| #define INSTALLPREFIX "/home/jack_tsai/DIR850LWW_GPL/rootfs"
| #define _GNU_SOURCE 1
| #define STDC_HEADERS 1
| #define HAVE_SYS_TYPES_H 1
| #define HAVE_SYS_STAT_H 1
| #define HAVE_STDLIB_H 1
| #define HAVE_STRING_H 1
| #define HAVE_MEMORY_H 1
| #define HAVE_STRINGS_H 1
| #define HAVE_INTTYPES_H 1
| #define HAVE_STDINT_H 1
| #define HAVE_UNISTD_H 1
| #define HAVE_DLFCN_H 1
| #ifdef __cplusplus
| #include <stdlib.h>
| #endif
| /* end confdefs.h.  */
| #include <libintl.h>
| extern int _nl_msg_cat_cntr;
| extern
| #ifdef __cplusplus
| "C"
| #endif
| const char *_nl_expand_alias ();
| int
| main ()
| {
| bindtextdomain ("", "");
| return (int) gettext ("") + _nl_msg_cat_cntr + *_nl_expand_alias (0)
|   ;
|   return 0;
| }
configure:20933: result: no
configure:20962: checking whether to use NLS
configure:20964: result: no
configure:21041: checking for ANSI C header files
configure:21191: result: yes
configure:21218: checking locale.h usability
configure:21231: mips-linux-gcc -c -Os -Wall -D__UCLIBC_HAS_MMU__ -D__UCLIBC_ -D__BIG_ENDIAN_BITFIELD -DCONFIG_CPU_BIG_ENDIAN -Os -Wall -D__UCLIBC_HAS_MMU__ -D__UCLIBC_ -D__BIG_ENDIAN_BITFIELD -DCONFIG_CPU_BIG_ENDIAN  conftest.c >&5
configure:21234: $? = 0
configure:21237: test -s conftest.o
configure:21240: $? = 0
configure:21250: result: yes
configure:21254: checking locale.h presence
configure:21265: mips-linux-gcc -E  conftest.c
configure:21271: $? = 0
configure:21290: result: yes
configure:21326: checking for locale.h
configure:21333: result: yes
configure:21218: checking stddef.h usability
configure:21231: mips-linux-gcc -c -Os -Wall -D__UCLIBC_HAS_MMU__ -D__UCLIBC_ -D__BIG_ENDIAN_BITFIELD -DCONFIG_CPU_BIG_ENDIAN -Os -Wall -D__UCLIBC_HAS_MMU__ -D__UCLIBC_ -D__BIG_ENDIAN_BITFIELD -DCONFIG_CPU_BIG_ENDIAN  conftest.c >&5
configure:21234: $? = 0
configure:21237: test -s conftest.o
configure:21240: $? = 0
configure:21250: result: yes
configure:21254: checking stddef.h presence
configure:21265: mips-linux-gcc -E  conftest.c
configure:21271: $? = 0
configure:21290: result: yes
configure:21326: checking for stddef.h
configure:21333: result: yes
configure:21209: checking for stdlib.h
configure:21214: result: yes
configure:21209: checking for string.h
configure:21214: result: yes
configure:21354: checking for stdlib.h
configure:21359: result: yes
configure:21492: checking for mbstate_t
configure:21518: mips-linux-gcc -c -Os -Wall -D__UCLIBC_HAS_MMU__ -D__UCLIBC_ -D__BIG_ENDIAN_BITFIELD -DCONFIG_CPU_BIG_ENDIAN -Os -Wall -D__UCLIBC_HAS_MMU__ -D__UCLIBC_ -D__BIG_ENDIAN_BITFIELD -DCONFIG_CPU_BIG_ENDIAN  conftest.c >&5
configure:21521: $? = 0
configure:21524: test -s conftest.o
configure:21527: $? = 0
configure:21538: result: yes
configure:21564: checking for getc_unlocked
configure:21614: mips-linux-gcc -o conftest -Os -Wall -D__UCLIBC_HAS_MMU__ -D__UCLIBC_ -D__BIG_ENDIAN_BITFIELD -DCONFIG_CPU_BIG_ENDIAN -Os -Wall -D__UCLIBC_HAS_MMU__ -D__UCLIBC_ -D__BIG_ENDIAN_BITFIELD -DCONFIG_CPU_BIG_ENDIAN   conftest.c  >&5
configure:21617: $? = 0
configure:21620: test -s conftest
configure:21623: $? = 0
configure:21634: result: yes
configure:21564: checking for mbrtowc
configure:21614: mips-linux-gcc -o conftest -Os -Wall -D__UCLIBC_HAS_MMU__ -D__UCLIBC_ -D__BIG_ENDIAN_BITFIELD -DCONFIG_CPU_BIG_ENDIAN -Os -Wall -D__UCLIBC_HAS_MMU__ -D__UCLIBC_ -D__BIG_ENDIAN_BITFIELD -DCONFIG_CPU_BIG_ENDIAN   conftest.c  >&5
configure:21617: $? = 0
configure:21620: test -s conftest
configure:21623: $? = 0
configure:21634: result: yes
configure:21564: checking for wcrtomb
configure:21614: mips-linux-gcc -o conftest -Os -Wall -D__UCLIBC_HAS_MMU__ -D__UCLIBC_ -D__BIG_ENDIAN_BITFIELD -DCONFIG_CPU_BIG_ENDIAN -Os -Wall -D__UCLIBC_HAS_MMU__ -D__UCLIBC_ -D__BIG_ENDIAN_BITFIELD -DCONFIG_CPU_BIG_ENDIAN   conftest.c  >&5
configure:21617: $? = 0
configure:21620: test -s conftest
configure:21623: $? = 0
configure:21634: result: yes
configure:21564: checking for mbsinit
configure:21614: mips-linux-gcc -o conftest -Os -Wall -D__UCLIBC_HAS_MMU__ -D__UCLIBC_ -D__BIG_ENDIAN_BITFIELD -DCONFIG_CPU_BIG_ENDIAN -Os -Wall -D__UCLIBC_HAS_MMU__ -D__UCLIBC_ -D__BIG_ENDIAN_BITFIELD -DCONFIG_CPU_BIG_ENDIAN   conftest.c  >&5
configure:21617: $? = 0
configure:21620: test -s conftest
configure:21623: $? = 0
configure:21634: result: yes
configure:21564: checking for setlocale
configure:21614: mips-linux-gcc -o conftest -Os -Wall -D__UCLIBC_HAS_MMU__ -D__UCLIBC_ -D__BIG_ENDIAN_BITFIELD -DCONFIG_CPU_BIG_ENDIAN -Os -Wall -D__UCLIBC_HAS_MMU__ -D__UCLIBC_ -D__BIG_ENDIAN_BITFIELD -DCONFIG_CPU_BIG_ENDIAN   conftest.c  >&5
configure:21617: $? = 0
configure:21620: test -s conftest
configure:21623: $? = 0
configure:21634: result: yes
configure:21648: checking for memmove
configure:21698: mips-linux-gcc -o conftest -Os -Wall -D__UCLIBC_HAS_MMU__ -D__UCLIBC_ -D__BIG_ENDIAN_BITFIELD -DCONFIG_CPU_BIG_ENDIAN -Os -Wall -D__UCLIBC_HAS_MMU__ -D__UCLIBC_ -D__BIG_ENDIAN_BITFIELD -DCONFIG_CPU_BIG_ENDIAN   conftest.c  >&5
configure:21706: warning: conflicting types for built-in function 'memmove'
configure:21701: $? = 0
configure:21704: test -s conftest
configure:21707: $? = 0
configure:21718: result: yes
configure:21733: checking for nl_langinfo and CODESET
configure:21755: mips-linux-gcc -o conftest -Os -Wall -D__UCLIBC_HAS_MMU__ -D__UCLIBC_ -D__BIG_ENDIAN_BITFIELD -DCONFIG_CPU_BIG_ENDIAN -Os -Wall -D__UCLIBC_HAS_MMU__ -D__UCLIBC_ -D__BIG_ENDIAN_BITFIELD -DCONFIG_CPU_BIG_ENDIAN   conftest.c  >&5
configure: In function 'main':
configure:21780: warning: unused variable 'cs'
configure:21758: $? = 0
configure:21761: test -s conftest
configure:21764: $? = 0
configure:21776: result: yes
configure:21803: checking wchar.h usability
configure:21816: mips-linux-gcc -c -Os -Wall -D__UCLIBC_HAS_MMU__ -D__UCLIBC_ -D__BIG_ENDIAN_BITFIELD -DCONFIG_CPU_BIG_ENDIAN -Os -Wall -D__UCLIBC_HAS_MMU__ -D__UCLIBC_ -D__BIG_ENDIAN_BITFIELD -DCONFIG_CPU_BIG_ENDIAN  conftest.c >&5
configure:21819: $? = 0
configure:21822: test -s conftest.o
configure:21825: $? = 0
configure:21835: result: yes
configure:21839: checking wchar.h presence
configure:21850: mips-linux-gcc -E  conftest.c
configure:21856: $? = 0
configure:21875: result: yes
configure:21911: checking for wchar.h
configure:21918: result: yes
configure:21932: checking for EILSEQ
configure:22321: result: yes
configure:22334: checking byte ordering
configure:22429: result: big endian
configure:22444: checking for working alloca.h
configure:22466: mips-linux-gcc -o conftest -Os -Wall -D__UCLIBC_HAS_MMU__ -D__UCLIBC_ -D__BIG_ENDIAN_BITFIELD -DCONFIG_CPU_BIG_ENDIAN -Os -Wall -D__UCLIBC_HAS_MMU__ -D__UCLIBC_ -D__BIG_ENDIAN_BITFIELD -DCONFIG_CPU_BIG_ENDIAN   conftest.c  >&5
configure: In function 'main':
configure:22493: warning: unused variable 'p'
configure:22469: $? = 0
configure:22472: test -s conftest
configure:22475: $? = 0
configure:22486: result: yes
configure:22496: checking for alloca
configure:22538: mips-linux-gcc -o conftest -Os -Wall -D__UCLIBC_HAS_MMU__ -D__UCLIBC_ -D__BIG_ENDIAN_BITFIELD -DCONFIG_CPU_BIG_ENDIAN -Os -Wall -D__UCLIBC_HAS_MMU__ -D__UCLIBC_ -D__BIG_ENDIAN_BITFIELD -DCONFIG_CPU_BIG_ENDIAN   conftest.c  >&5
configure: In function 'main':
configure:22566: warning: unused variable 'p'
configure:22541: $? = 0
configure:22544: test -s conftest
configure:22547: $? = 0
configure:22558: result: yes
configure:22771: checking for stdlib.h
configure:22776: result: yes
configure:22915: checking for string.h
configure:22920: result: yes
configure:23113: checking sys/param.h usability
configure:23126: mips-linux-gcc -c -Os -Wall -D__UCLIBC_HAS_MMU__ -D__UCLIBC_ -D__BIG_ENDIAN_BITFIELD -DCONFIG_CPU_BIG_ENDIAN -Os -Wall -D__UCLIBC_HAS_MMU__ -D__UCLIBC_ -D__BIG_ENDIAN_BITFIELD -DCONFIG_CPU_BIG_ENDIAN  conftest.c >&5
configure:23129: $? = 0
configure:23132: test -s conftest.o
configure:23135: $? = 0
configure:23145: result: yes
configure:23149: checking sys/param.h presence
configure:23160: mips-linux-gcc -E  conftest.c
configure:23166: $? = 0
configure:23185: result: yes
configure:23221: checking for sys/param.h
configure:23228: result: yes
configure:23248: checking for unistd.h
configure:23253: result: yes
configure:23391: checking for canonicalize_file_name
configure:23441: mips-linux-gcc -o conftest -Os -Wall -D__UCLIBC_HAS_MMU__ -D__UCLIBC_ -D__BIG_ENDIAN_BITFIELD -DCONFIG_CPU_BIG_ENDIAN -Os -Wall -D__UCLIBC_HAS_MMU__ -D__UCLIBC_ -D__BIG_ENDIAN_BITFIELD -DCONFIG_CPU_BIG_ENDIAN   conftest.c  >&5
configure:23444: $? = 0
configure:23447: test -s conftest
configure:23450: $? = 0
configure:23461: result: yes
configure:23577: checking whether clearerr_unlocked is declared
configure:23602: mips-linux-gcc -c -Os -Wall -D__UCLIBC_HAS_MMU__ -D__UCLIBC_ -D__BIG_ENDIAN_BITFIELD -DCONFIG_CPU_BIG_ENDIAN -Os -Wall -D__UCLIBC_HAS_MMU__ -D__UCLIBC_ -D__BIG_ENDIAN_BITFIELD -DCONFIG_CPU_BIG_ENDIAN  conftest.c >&5
configure:23605: $? = 0
configure:23608: test -s conftest.o
configure:23611: $? = 0
configure:23622: result: yes
configure:23642: checking whether feof_unlocked is declared
configure:23667: mips-linux-gcc -c -Os -Wall -D__UCLIBC_HAS_MMU__ -D__UCLIBC_ -D__BIG_ENDIAN_BITFIELD -DCONFIG_CPU_BIG_ENDIAN -Os -Wall -D__UCLIBC_HAS_MMU__ -D__UCLIBC_ -D__BIG_ENDIAN_BITFIELD -DCONFIG_CPU_BIG_ENDIAN  conftest.c >&5
configure:23670: $? = 0
configure:23673: test -s conftest.o
configure:23676: $? = 0
configure:23687: result: yes
configure:23707: checking whether ferror_unlocked is declared
configure:23732: mips-linux-gcc -c -Os -Wall -D__UCLIBC_HAS_MMU__ -D__UCLIBC_ -D__BIG_ENDIAN_BITFIELD -DCONFIG_CPU_BIG_ENDIAN -Os -Wall -D__UCLIBC_HAS_MMU__ -D__UCLIBC_ -D__BIG_ENDIAN_BITFIELD -DCONFIG_CPU_BIG_ENDIAN  conftest.c >&5
configure:23735: $? = 0
configure:23738: test -s conftest.o
configure:23741: $? = 0
configure:23752: result: yes
configure:23772: checking whether fflush_unlocked is declared
configure:23797: mips-linux-gcc -c -Os -Wall -D__UCLIBC_HAS_MMU__ -D__UCLIBC_ -D__BIG_ENDIAN_BITFIELD -DCONFIG_CPU_BIG_ENDIAN -Os -Wall -D__UCLIBC_HAS_MMU__ -D__UCLIBC_ -D__BIG_ENDIAN_BITFIELD -DCONFIG_CPU_BIG_ENDIAN  conftest.c >&5
configure: In function 'main':
configure:23865: warning: unused variable 'p'
configure:23800: $? = 0
configure:23803: test -s conftest.o
configure:23806: $? = 0
configure:23817: result: yes
configure:23837: checking whether fgets_unlocked is declared
configure:23862: mips-linux-gcc -c -Os -Wall -D__UCLIBC_HAS_MMU__ -D__UCLIBC_ -D__BIG_ENDIAN_BITFIELD -DCONFIG_CPU_BIG_ENDIAN -Os -Wall -D__UCLIBC_HAS_MMU__ -D__UCLIBC_ -D__BIG_ENDIAN_BITFIELD -DCONFIG_CPU_BIG_ENDIAN  conftest.c >&5
configure: In function 'main':
configure:23931: warning: unused variable 'p'
configure:23865: $? = 0
configure:23868: test -s conftest.o
configure:23871: $? = 0
configure:23882: result: yes
configure:23902: checking whether fputc_unlocked is declared
configure:23927: mips-linux-gcc -c -Os -Wall -D__UCLIBC_HAS_MMU__ -D__UCLIBC_ -D__BIG_ENDIAN_BITFIELD -DCONFIG_CPU_BIG_ENDIAN -Os -Wall -D__UCLIBC_HAS_MMU__ -D__UCLIBC_ -D__BIG_ENDIAN_BITFIELD -DCONFIG_CPU_BIG_ENDIAN  conftest.c >&5
configure:23930: $? = 0
configure:23933: test -s conftest.o
configure:23936: $? = 0
configure:23947: result: yes
configure:23967: checking whether fputs_unlocked is declared
configure:23992: mips-linux-gcc -c -Os -Wall -D__UCLIBC_HAS_MMU__ -D__UCLIBC_ -D__BIG_ENDIAN_BITFIELD -DCONFIG_CPU_BIG_ENDIAN -Os -Wall -D__UCLIBC_HAS_MMU__ -D__UCLIBC_ -D__BIG_ENDIAN_BITFIELD -DCONFIG_CPU_BIG_ENDIAN  conftest.c >&5
configure: In function 'main':
configure:24063: warning: unused variable 'p'
configure:23995: $? = 0
configure:23998: test -s conftest.o
configure:24001: $? = 0
configure:24012: result: yes
configure:24032: checking whether fread_unlocked is declared
configure:24057: mips-linux-gcc -c -Os -Wall -D__UCLIBC_HAS_MMU__ -D__UCLIBC_ -D__BIG_ENDIAN_BITFIELD -DCONFIG_CPU_BIG_ENDIAN -Os -Wall -D__UCLIBC_HAS_MMU__ -D__UCLIBC_ -D__BIG_ENDIAN_BITFIELD -DCONFIG_CPU_BIG_ENDIAN  conftest.c >&5
configure: In function 'main':
configure:24129: warning: unused variable 'p'
configure:24060: $? = 0
configure:24063: test -s conftest.o
configure:24066: $? = 0
configure:24077: result: yes
configure:24097: checking whether fwrite_unlocked is declared
configure:24122: mips-linux-gcc -c -Os -Wall -D__UCLIBC_HAS_MMU__ -D__UCLIBC_ -D__BIG_ENDIAN_BITFIELD -DCONFIG_CPU_BIG_ENDIAN -Os -Wall -D__UCLIBC_HAS_MMU__ -D__UCLIBC_ -D__BIG_ENDIAN_BITFIELD -DCONFIG_CPU_BIG_ENDIAN  conftest.c >&5
configure: In function 'main':
configure:24195: warning: unused variable 'p'
configure:24125: $? = 0
configure:24128: test -s conftest.o
configure:24131: $? = 0
configure:24142: result: yes
configure:24162: checking whether getc_unlocked is declared
configure:24187: mips-linux-gcc -c -Os -Wall -D__UCLIBC_HAS_MMU__ -D__UCLIBC_ -D__BIG_ENDIAN_BITFIELD -DCONFIG_CPU_BIG_ENDIAN -Os -Wall -D__UCLIBC_HAS_MMU__ -D__UCLIBC_ -D__BIG_ENDIAN_BITFIELD -DCONFIG_CPU_BIG_ENDIAN  conftest.c >&5
configure:24190: $? = 0
configure:24193: test -s conftest.o
configure:24196: $? = 0
configure:24207: result: yes
configure:24227: checking whether getchar_unlocked is declared
configure:24252: mips-linux-gcc -c -Os -Wall -D__UCLIBC_HAS_MMU__ -D__UCLIBC_ -D__BIG_ENDIAN_BITFIELD -DCONFIG_CPU_BIG_ENDIAN -Os -Wall -D__UCLIBC_HAS_MMU__ -D__UCLIBC_ -D__BIG_ENDIAN_BITFIELD -DCONFIG_CPU_BIG_ENDIAN  conftest.c >&5
configure:24255: $? = 0
configure:24258: test -s conftest.o
configure:24261: $? = 0
configure:24272: result: yes
configure:24292: checking whether putc_unlocked is declared
configure:24317: mips-linux-gcc -c -Os -Wall -D__UCLIBC_HAS_MMU__ -D__UCLIBC_ -D__BIG_ENDIAN_BITFIELD -DCONFIG_CPU_BIG_ENDIAN -Os -Wall -D__UCLIBC_HAS_MMU__ -D__UCLIBC_ -D__BIG_ENDIAN_BITFIELD -DCONFIG_CPU_BIG_ENDIAN  conftest.c >&5
configure:24320: $? = 0
configure:24323: test -s conftest.o
configure:24326: $? = 0
configure:24337: result: yes
configure:24357: checking whether putchar_unlocked is declared
configure:24382: mips-linux-gcc -c -Os -Wall -D__UCLIBC_HAS_MMU__ -D__UCLIBC_ -D__BIG_ENDIAN_BITFIELD -DCONFIG_CPU_BIG_ENDIAN -Os -Wall -D__UCLIBC_HAS_MMU__ -D__UCLIBC_ -D__BIG_ENDIAN_BITFIELD -DCONFIG_CPU_BIG_ENDIAN  conftest.c >&5
configure:24385: $? = 0
configure:24388: test -s conftest.o
configure:24391: $? = 0
configure:24402: result: yes
configure:24472: checking for vprintf
configure:24522: mips-linux-gcc -o conftest -Os -Wall -D__UCLIBC_HAS_MMU__ -D__UCLIBC_ -D__BIG_ENDIAN_BITFIELD -DCONFIG_CPU_BIG_ENDIAN -Os -Wall -D__UCLIBC_HAS_MMU__ -D__UCLIBC_ -D__BIG_ENDIAN_BITFIELD -DCONFIG_CPU_BIG_ENDIAN   conftest.c  >&5
configure:24553: warning: conflicting types for built-in function 'vprintf'
configure:24525: $? = 0
configure:24528: test -s conftest
configure:24531: $? = 0
configure:24542: result: yes
configure:24549: checking for _doprnt
configure:24599: mips-linux-gcc -o conftest -Os -Wall -D__UCLIBC_HAS_MMU__ -D__UCLIBC_ -D__BIG_ENDIAN_BITFIELD -DCONFIG_CPU_BIG_ENDIAN -Os -Wall -D__UCLIBC_HAS_MMU__ -D__UCLIBC_ -D__BIG_ENDIAN_BITFIELD -DCONFIG_CPU_BIG_ENDIAN   conftest.c  >&5
/tmp/cc63NFBg.o: In function `main':
conftest.c:(.text+0x10): undefined reference to `_doprnt'
/tmp/cc63NFBg.o:(.data.rel+0x0): undefined reference to `_doprnt'
collect2: ld returned 1 exit status
configure:24602: $? = 1
configure: failed program was:
| #line 24554 "configure"
| /* confdefs.h.  */
| 
| #define PACKAGE_NAME ""
| #define PACKAGE_TARNAME ""
| #define PACKAGE_VERSION ""
| #define PACKAGE_STRING ""
| #define PACKAGE_BUGREPORT ""
| #define PACKAGE "libiconv"
| #define VERSION "1.9"
| #define INSTALLPREFIX "/home/jack_tsai/DIR850LWW_GPL/rootfs"
| #define _GNU_SOURCE 1
| #define STDC_HEADERS 1
| #define HAVE_SYS_TYPES_H 1
| #define HAVE_SYS_STAT_H 1
| #define HAVE_STDLIB_H 1
| #define HAVE_STRING_H 1
| #define HAVE_MEMORY_H 1
| #define HAVE_STRINGS_H 1
| #define HAVE_INTTYPES_H 1
| #define HAVE_STDINT_H 1
| #define HAVE_UNISTD_H 1
| #define HAVE_DLFCN_H 1
| #ifdef __cplusplus
| #include <stdlib.h>
| #endif
| #define STDC_HEADERS 1
| #define HAVE_LOCALE_H 1
| #define HAVE_STDDEF_H 1
| #define HAVE_STDLIB_H 1
| #define HAVE_STRING_H 1
| #define HAVE_STDLIB_H 1
| #define HAVE_GETC_UNLOCKED 1
| #define HAVE_MBRTOWC 1
| #define HAVE_WCRTOMB 1
| #define HAVE_MBSINIT 1
| #define HAVE_SETLOCALE 1
| #define HAVE_MEMMOVE 1
| #define HAVE_LANGINFO_CODESET 1
| #define HAVE_WCHAR_H 1
| #define HAVE_ALLOCA_H 1
| #define HAVE_ALLOCA 1
| #define HAVE_STDLIB_H 1
| #define HAVE_STRING_H 1
| #define HAVE_SYS_PARAM_H 1
| #define HAVE_UNISTD_H 1
| #define HAVE_CANONICALIZE_FILE_NAME 1
| #define HAVE_DECL_CLEARERR_UNLOCKED 1
| #define HAVE_DECL_FEOF_UNLOCKED 1
| #define HAVE_DECL_FERROR_UNLOCKED 1
| #define HAVE_DECL_FFLUSH_UNLOCKED 1
| #define HAVE_DECL_FGETS_UNLOCKED 1
| #define HAVE_DECL_FPUTC_UNLOCKED 1
| #define HAVE_DECL_FPUTS_UNLOCKED 1
| #define HAVE_DECL_FREAD_UNLOCKED 1
| #define HAVE_DECL_FWRITE_UNLOCKED 1
| #define HAVE_DECL_GETC_UNLOCKED 1
| #define HAVE_DECL_GETCHAR_UNLOCKED 1
| #define HAVE_DECL_PUTC_UNLOCKED 1
| #define HAVE_DECL_PUTCHAR_UNLOCKED 1
| #define HAVE_VPRINTF 1
| /* end confdefs.h.  */
| /* System header to define __stub macros and hopefully few prototypes,
|     which can conflict with char _doprnt (); below.
|     Prefer <limits.h> to <assert.h> if __STDC__ is defined, since
|     <limits.h> exists even on freestanding compilers.  */
| #ifdef __STDC__
| # include <limits.h>
| #else
| # include <assert.h>
| #endif
| /* Override any gcc2 internal prototype to avoid an error.  */
| #ifdef __cplusplus
| extern "C"
| {
| #endif
| /* We use char because int might match the return type of a gcc2
|    builtin and then its argument prototype would still apply.  */
| char _doprnt ();
| /* The GNU C library defines this for functions which it implements
|     to always fail with ENOSYS.  Some functions are actually named
|     something starting with __ and the normal name is an alias.  */
| #if defined (__stub__doprnt) || defined (__stub____doprnt)
| choke me
| #else
| char (*f) () = _doprnt;
| #endif
| #ifdef __cplusplus
| }
| #endif
| 
| int
| main ()
| {
| return f != _doprnt;
|   ;
|   return 0;
| }
configure:24619: result: no
configure:24634: checking for error_at_line
configure:24656: mips-linux-gcc -o conftest -Os -Wall -D__UCLIBC_HAS_MMU__ -D__UCLIBC_ -D__BIG_ENDIAN_BITFIELD -DCONFIG_CPU_BIG_ENDIAN -Os -Wall -D__UCLIBC_HAS_MMU__ -D__UCLIBC_ -D__BIG_ENDIAN_BITFIELD -DCONFIG_CPU_BIG_ENDIAN   conftest.c  >&5
configure: In function 'main':
configure:24704: warning: implicit declaration of function 'error_at_line'
configure:24659: $? = 0
configure:24662: test -s conftest
configure:24665: $? = 0
configure:24676: result: yes
configure:25109: checking limits.h usability
configure:25122: mips-linux-gcc -c -Os -Wall -D__UCLIBC_HAS_MMU__ -D__UCLIBC_ -D__BIG_ENDIAN_BITFIELD -DCONFIG_CPU_BIG_ENDIAN -Os -Wall -D__UCLIBC_HAS_MMU__ -D__UCLIBC_ -D__BIG_ENDIAN_BITFIELD -DCONFIG_CPU_BIG_ENDIAN  conftest.c >&5
configure:25125: $? = 0
configure:25128: test -s conftest.o
configure:25131: $? = 0
configure:25141: result: yes
configure:25145: checking limits.h presence
configure:25156: mips-linux-gcc -E  conftest.c
configure:25162: $? = 0
configure:25181: result: yes
configure:25217: checking for limits.h
configure:25224: result: yes
configure:25259: checking for setenv
configure:25309: mips-linux-gcc -o conftest -Os -Wall -D__UCLIBC_HAS_MMU__ -D__UCLIBC_ -D__BIG_ENDIAN_BITFIELD -DCONFIG_CPU_BIG_ENDIAN -Os -Wall -D__UCLIBC_HAS_MMU__ -D__UCLIBC_ -D__BIG_ENDIAN_BITFIELD -DCONFIG_CPU_BIG_ENDIAN   conftest.c  >&5
configure:25312: $? = 0
configure:25315: test -s conftest
configure:25318: $? = 0
configure:25329: result: yes
configure:25259: checking for unsetenv
configure:25309: mips-linux-gcc -o conftest -Os -Wall -D__UCLIBC_HAS_MMU__ -D__UCLIBC_ -D__BIG_ENDIAN_BITFIELD -DCONFIG_CPU_BIG_ENDIAN -Os -Wall -D__UCLIBC_HAS_MMU__ -D__UCLIBC_ -D__BIG_ENDIAN_BITFIELD -DCONFIG_CPU_BIG_ENDIAN   conftest.c  >&5
configure:25312: $? = 0
configure:25315: test -s conftest
configure:25318: $? = 0
configure:25329: result: yes
configure:25359: checking search.h usability
configure:25372: mips-linux-gcc -c -Os -Wall -D__UCLIBC_HAS_MMU__ -D__UCLIBC_ -D__BIG_ENDIAN_BITFIELD -DCONFIG_CPU_BIG_ENDIAN -Os -Wall -D__UCLIBC_HAS_MMU__ -D__UCLIBC_ -D__BIG_ENDIAN_BITFIELD -DCONFIG_CPU_BIG_ENDIAN  conftest.c >&5
configure:25375: $? = 0
configure:25378: test -s conftest.o
configure:25381: $? = 0
configure:25391: result: yes
configure:25395: checking search.h presence
configure:25406: mips-linux-gcc -E  conftest.c
configure:25412: $? = 0
configure:25431: result: yes
configure:25467: checking for search.h
configure:25474: result: yes
configure:25350: checking for stdlib.h
configure:25355: result: yes
configure:25350: checking for string.h
configure:25355: result: yes
configure:25350: checking for unistd.h
configure:25355: result: yes
configure:25491: checking for tsearch
configure:25541: mips-linux-gcc -o conftest -Os -Wall -D__UCLIBC_HAS_MMU__ -D__UCLIBC_ -D__BIG_ENDIAN_BITFIELD -DCONFIG_CPU_BIG_ENDIAN -Os -Wall -D__UCLIBC_HAS_MMU__ -D__UCLIBC_ -D__BIG_ENDIAN_BITFIELD -DCONFIG_CPU_BIG_ENDIAN   conftest.c  >&5
configure:25544: $? = 0
configure:25547: test -s conftest
configure:25550: $? = 0
configure:25561: result: yes
configure:25573: checking if errno is properly declared
configure:25597: mips-linux-gcc -c -Os -Wall -D__UCLIBC_HAS_MMU__ -D__UCLIBC_ -D__BIG_ENDIAN_BITFIELD -DCONFIG_CPU_BIG_ENDIAN -Os -Wall -D__UCLIBC_HAS_MMU__ -D__UCLIBC_ -D__BIG_ENDIAN_BITFIELD -DCONFIG_CPU_BIG_ENDIAN  conftest.c >&5
configure:25650: error: conflicting types for '__errno_location'
/opt/rsdk-1.5.5-5281-EB-2.6.30-0.9.30.3-110714/include/bits/errno.h:45: note: previous declaration of '__errno_location' was here
configure:25600: $? = 1
configure: failed program was:
| #line 25579 "configure"
| /* confdefs.h.  */
| 
| #define PACKAGE_NAME ""
| #define PACKAGE_TARNAME ""
| #define PACKAGE_VERSION ""
| #define PACKAGE_STRING ""
| #define PACKAGE_BUGREPORT ""
| #define PACKAGE "libiconv"
| #define VERSION "1.9"
| #define INSTALLPREFIX "/home/jack_tsai/DIR850LWW_GPL/rootfs"
| #define _GNU_SOURCE 1
| #define STDC_HEADERS 1
| #define HAVE_SYS_TYPES_H 1
| #define HAVE_SYS_STAT_H 1
| #define HAVE_STDLIB_H 1
| #define HAVE_STRING_H 1
| #define HAVE_MEMORY_H 1
| #define HAVE_STRINGS_H 1
| #define HAVE_INTTYPES_H 1
| #define HAVE_STDINT_H 1
| #define HAVE_UNISTD_H 1
| #define HAVE_DLFCN_H 1
| #ifdef __cplusplus
| #include <stdlib.h>
| #endif
| #define STDC_HEADERS 1
| #define HAVE_LOCALE_H 1
| #define HAVE_STDDEF_H 1
| #define HAVE_STDLIB_H 1
| #define HAVE_STRING_H 1
| #define HAVE_STDLIB_H 1
| #define HAVE_GETC_UNLOCKED 1
| #define HAVE_MBRTOWC 1
| #define HAVE_WCRTOMB 1
| #define HAVE_MBSINIT 1
| #define HAVE_SETLOCALE 1
| #define HAVE_MEMMOVE 1
| #define HAVE_LANGINFO_CODESET 1
| #define HAVE_WCHAR_H 1
| #define HAVE_ALLOCA_H 1
| #define HAVE_ALLOCA 1
| #define HAVE_STDLIB_H 1
| #define HAVE_STRING_H 1
| #define HAVE_SYS_PARAM_H 1
| #define HAVE_UNISTD_H 1
| #define HAVE_CANONICALIZE_FILE_NAME 1
| #define HAVE_DECL_CLEARERR_UNLOCKED 1
| #define HAVE_DECL_FEOF_UNLOCKED 1
| #define HAVE_DECL_FERROR_UNLOCKED 1
| #define HAVE_DECL_FFLUSH_UNLOCKED 1
| #define HAVE_DECL_FGETS_UNLOCKED 1
| #define HAVE_DECL_FPUTC_UNLOCKED 1
| #define HAVE_DECL_FPUTS_UNLOCKED 1
| #define HAVE_DECL_FREAD_UNLOCKED 1
| #define HAVE_DECL_FWRITE_UNLOCKED 1
| #define HAVE_DECL_GETC_UNLOCKED 1
| #define HAVE_DECL_GETCHAR_UNLOCKED 1
| #define HAVE_DECL_PUTC_UNLOCKED 1
| #define HAVE_DECL_PUTCHAR_UNLOCKED 1
| #define HAVE_VPRINTF 1
| #define HAVE_ERROR_AT_LINE 1
| #define HAVE_LIMITS_H 1
| #define HAVE_SETENV 1
| #define HAVE_UNSETENV 1
| #define HAVE_SEARCH_H 1
| #define HAVE_STDLIB_H 1
| #define HAVE_STRING_H 1
| #define HAVE_UNISTD_H 1
| #define HAVE_TSEARCH 1
| /* end confdefs.h.  */
| #include <errno.h>
|       extern struct { int foo; } errno;
| int
| main ()
| {
| errno.foo = 1;
|   ;
|   return 0;
| }
configure:25618: result: yes
configure:25630: checking if environ is properly declared
configure:25654: mips-linux-gcc -c -Os -Wall -D__UCLIBC_HAS_MMU__ -D__UCLIBC_ -D__BIG_ENDIAN_BITFIELD -DCONFIG_CPU_BIG_ENDIAN -Os -Wall -D__UCLIBC_HAS_MMU__ -D__UCLIBC_ -D__BIG_ENDIAN_BITFIELD -DCONFIG_CPU_BIG_ENDIAN  conftest.c >&5
configure:25708: error: conflicting types for 'environ'
/opt/rsdk-1.5.5-5281-EB-2.6.30-0.9.30.3-110714/include/unistd.h:496: note: previous declaration of 'environ' was here
configure:25657: $? = 1
configure: failed program was:
| #line 25636 "configure"
| /* confdefs.h.  */
| 
| #define PACKAGE_NAME ""
| #define PACKAGE_TARNAME ""
| #define PACKAGE_VERSION ""
| #define PACKAGE_STRING ""
| #define PACKAGE_BUGREPORT ""
| #define PACKAGE "libiconv"
| #define VERSION "1.9"
| #define INSTALLPREFIX "/home/jack_tsai/DIR850LWW_GPL/rootfs"
| #define _GNU_SOURCE 1
| #define STDC_HEADERS 1
| #define HAVE_SYS_TYPES_H 1
| #define HAVE_SYS_STAT_H 1
| #define HAVE_STDLIB_H 1
| #define HAVE_STRING_H 1
| #define HAVE_MEMORY_H 1
| #define HAVE_STRINGS_H 1
| #define HAVE_INTTYPES_H 1
| #define HAVE_STDINT_H 1
| #define HAVE_UNISTD_H 1
| #define HAVE_DLFCN_H 1
| #ifdef __cplusplus
| #include <stdlib.h>
| #endif
| #define STDC_HEADERS 1
| #define HAVE_LOCALE_H 1
| #define HAVE_STDDEF_H 1
| #define HAVE_STDLIB_H 1
| #define HAVE_STRING_H 1
| #define HAVE_STDLIB_H 1
| #define HAVE_GETC_UNLOCKED 1
| #define HAVE_MBRTOWC 1
| #define HAVE_WCRTOMB 1
| #define HAVE_MBSINIT 1
| #define HAVE_SETLOCALE 1
| #define HAVE_MEMMOVE 1
| #define HAVE_LANGINFO_CODESET 1
| #define HAVE_WCHAR_H 1
| #define HAVE_ALLOCA_H 1
| #define HAVE_ALLOCA 1
| #define HAVE_STDLIB_H 1
| #define HAVE_STRING_H 1
| #define HAVE_SYS_PARAM_H 1
| #define HAVE_UNISTD_H 1
| #define HAVE_CANONICALIZE_FILE_NAME 1
| #define HAVE_DECL_CLEARERR_UNLOCKED 1
| #define HAVE_DECL_FEOF_UNLOCKED 1
| #define HAVE_DECL_FERROR_UNLOCKED 1
| #define HAVE_DECL_FFLUSH_UNLOCKED 1
| #define HAVE_DECL_FGETS_UNLOCKED 1
| #define HAVE_DECL_FPUTC_UNLOCKED 1
| #define HAVE_DECL_FPUTS_UNLOCKED 1
| #define HAVE_DECL_FREAD_UNLOCKED 1
| #define HAVE_DECL_FWRITE_UNLOCKED 1
| #define HAVE_DECL_GETC_UNLOCKED 1
| #define HAVE_DECL_GETCHAR_UNLOCKED 1
| #define HAVE_DECL_PUTC_UNLOCKED 1
| #define HAVE_DECL_PUTCHAR_UNLOCKED 1
| #define HAVE_VPRINTF 1
| #define HAVE_ERROR_AT_LINE 1
| #define HAVE_LIMITS_H 1
| #define HAVE_SETENV 1
| #define HAVE_UNSETENV 1
| #define HAVE_SEARCH_H 1
| #define HAVE_STDLIB_H 1
| #define HAVE_STRING_H 1
| #define HAVE_UNISTD_H 1
| #define HAVE_TSEARCH 1
| #define HAVE_ERRNO_DECL 1
| /* end confdefs.h.  */
| #include <unistd.h>
|       extern struct { int foo; } environ;
| int
| main ()
| {
| environ.foo = 1;
|   ;
|   return 0;
| }
configure:25675: result: yes
configure:25686: checking for stdbool.h
configure:25720: mips-linux-gcc -c -Os -Wall -D__UCLIBC_HAS_MMU__ -D__UCLIBC_ -D__BIG_ENDIAN_BITFIELD -DCONFIG_CPU_BIG_ENDIAN -Os -Wall -D__UCLIBC_HAS_MMU__ -D__UCLIBC_ -D__BIG_ENDIAN_BITFIELD -DCONFIG_CPU_BIG_ENDIAN  conftest.c >&5
configure:25723: $? = 0
configure:25726: test -s conftest.o
configure:25729: $? = 0
configure:25741: result: yes
configure:25812: checking for strerror
configure:25862: mips-linux-gcc -o conftest -Os -Wall -D__UCLIBC_HAS_MMU__ -D__UCLIBC_ -D__BIG_ENDIAN_BITFIELD -DCONFIG_CPU_BIG_ENDIAN -Os -Wall -D__UCLIBC_HAS_MMU__ -D__UCLIBC_ -D__BIG_ENDIAN_BITFIELD -DCONFIG_CPU_BIG_ENDIAN   conftest.c  >&5
configure:25865: $? = 0
configure:25868: test -s conftest
configure:25871: $? = 0
configure:25882: result: yes
configure:25907: checking for sys/types.h
configure:25912: result: yes
configure:26213: creating ./config.status

## ---------------------- ##
## Running config.status. ##
## ---------------------- ##

This file was extended by config.status, which was
generated by GNU Autoconf 2.57.  Invocation command line was

  CONFIG_FILES    = 
  CONFIG_HEADERS  = 
  CONFIG_LINKS    = 
  CONFIG_COMMANDS = 
  $ ./config.status 

on RangeRover

config.status:728: creating Makefile
config.status:728: creating lib/Makefile
config.status:728: creating srclib/Makefile
config.status:728: creating src/Makefile
config.status:728: creating po/Makefile.in
config.status:728: creating man/Makefile
config.status:728: creating tests/Makefile
config.status:728: creating include/iconv.h
config.status:832: creating config.h
config.status:832: creating lib/config.h
config.status:1181: executing depfiles commands
config.status:1181: executing default-1 commands
configure:27631: configuring in libcharset
configure:27715: running /bin/sh './configure' --prefix=/home/jack_tsai/DIR850LWW_GPL/rootfs  '--prefix=/home/jack_tsai/DIR850LWW_GPL/rootfs' '--host=mips-linux' 'CC=mips-linux-gcc' 'AS=mips-linux-as' 'AR=mips-linux-ar' 'LD=mips-linux-ld' 'RANLIB=mips-linux-ranlib' 'STRIP=mips-linux-strip' '--enable-static' 'CFLAGS=-Os -Wall -D__UCLIBC_HAS_MMU__ -D__UCLIBC_ -D__BIG_ENDIAN_BITFIELD -DCONFIG_CPU_BIG_ENDIAN -Os -Wall -D__UCLIBC_HAS_MMU__ -D__UCLIBC_ -D__BIG_ENDIAN_BITFIELD -DCONFIG_CPU_BIG_ENDIAN' 'CXX=mips-linux-g++' 'LDFLAGS=' 'host_alias=mips-linux' --cache-file=/dev/null --srcdir=.

## ---------------- ##
## Cache variables. ##
## ---------------- ##

ac_cv_build=i686-pc-linux-gnu
ac_cv_build_alias=i686-pc-linux-gnu
ac_cv_c_compiler_gnu=yes
ac_cv_cxx_compiler_gnu=yes
ac_cv_decl_EILSEQ=yes
ac_cv_env_CC_set=set
ac_cv_env_CC_value=mips-linux-gcc
ac_cv_env_CFLAGS_set=set
ac_cv_env_CFLAGS_value='-Os -Wall -D__UCLIBC_HAS_MMU__ -D__UCLIBC_ -D__BIG_ENDIAN_BITFIELD -DCONFIG_CPU_BIG_ENDIAN -Os -Wall -D__UCLIBC_HAS_MMU__ -D__UCLIBC_ -D__BIG_ENDIAN_BITFIELD -DCONFIG_CPU_BIG_ENDIAN'
ac_cv_env_CPPFLAGS_set=
ac_cv_env_CPPFLAGS_value=
ac_cv_env_CPP_set=
ac_cv_env_CPP_value=
ac_cv_env_CXXCPP_set=
ac_cv_env_CXXCPP_value=
ac_cv_env_CXXFLAGS_set=
ac_cv_env_CXXFLAGS_value=
ac_cv_env_CXX_set=set
ac_cv_env_CXX_value=mips-linux-g++
ac_cv_env_F77_set=
ac_cv_env_F77_value=
ac_cv_env_FFLAGS_set=
ac_cv_env_FFLAGS_value=
ac_cv_env_LDFLAGS_set=set
ac_cv_env_LDFLAGS_value=
ac_cv_env_build_alias_set=
ac_cv_env_build_alias_value=
ac_cv_env_host_alias_set=set
ac_cv_env_host_alias_value=mips-linux
ac_cv_env_target_alias_set=
ac_cv_env_target_alias_value=
ac_cv_exeext=
ac_cv_f77_compiler_gnu=no
ac_cv_func__doprnt=no
ac_cv_func_alloca_works=yes
ac_cv_func_canonicalize_file_name=yes
ac_cv_func_getc_unlocked=yes
ac_cv_func_mbrtowc=yes
ac_cv_func_mbsinit=yes
ac_cv_func_memmove=yes
ac_cv_func_setenv=yes
ac_cv_func_setlocale=yes
ac_cv_func_strerror=yes
ac_cv_func_tsearch=yes
ac_cv_func_unsetenv=yes
ac_cv_func_vprintf=yes
ac_cv_func_wcrtomb=yes
ac_cv_have_decl_clearerr_unlocked=yes
ac_cv_have_decl_feof_unlocked=yes
ac_cv_have_decl_ferror_unlocked=yes
ac_cv_have_decl_fflush_unlocked=yes
ac_cv_have_decl_fgets_unlocked=yes
ac_cv_have_decl_fputc_unlocked=yes
ac_cv_have_decl_fputs_unlocked=yes
ac_cv_have_decl_fread_unlocked=yes
ac_cv_have_decl_fwrite_unlocked=yes
ac_cv_have_decl_getc_unlocked=yes
ac_cv_have_decl_getchar_unlocked=yes
ac_cv_have_decl_putc_unlocked=yes
ac_cv_have_decl_putchar_unlocked=yes
ac_cv_header_dlfcn_h=yes
ac_cv_header_inttypes_h=yes
ac_cv_header_limits_h=yes
ac_cv_header_locale_h=yes
ac_cv_header_memory_h=yes
ac_cv_header_minix_config_h=no
ac_cv_header_search_h=yes
ac_cv_header_stdc=yes
ac_cv_header_stddef_h=yes
ac_cv_header_stdint_h=yes
ac_cv_header_stdlib_h=yes
ac_cv_header_string_h=yes
ac_cv_header_strings_h=yes
ac_cv_header_sys_param_h=yes
ac_cv_header_sys_stat_h=yes
ac_cv_header_sys_types_h=yes
ac_cv_header_unistd_h=yes
ac_cv_header_wchar_h=yes
ac_cv_host=mips-unknown-linux-gnu
ac_cv_host_alias=mips-linux
ac_cv_lib_cposix_strerror=no
ac_cv_objext=o
ac_cv_path_GMSGFMT=/usr/bin/msgfmt
ac_cv_path_MSGFMT=/usr/bin/msgfmt
ac_cv_path_MSGMERGE=/usr/bin/msgmerge
ac_cv_path_XGETTEXT=/usr/bin/xgettext
ac_cv_path_install='/usr/bin/install -c'
ac_cv_prog_AR=mips-linux-ar
ac_cv_prog_AWK=gawk
ac_cv_prog_CC=mips-linux-gcc
ac_cv_prog_CPP='mips-linux-gcc -E'
ac_cv_prog_CXX=mips-linux-g++
ac_cv_prog_CXXCPP='mips-linux-g++ -E'
ac_cv_prog_RANLIB=mips-linux-ranlib
ac_cv_prog_STRIP=mips-linux-strip
ac_cv_prog_cc_g=yes
ac_cv_prog_cc_stdc=
ac_cv_prog_cxx_g=yes
ac_cv_prog_egrep='grep -E'
ac_cv_prog_f77_g=no
ac_cv_prog_gcc_traditional=no
ac_cv_prog_make_make_set=yes
ac_cv_type_mbstate_t=yes
ac_cv_working_alloca_h=yes
acl_cv_hardcode_direct=no
acl_cv_hardcode_libdir_flag_spec='${wl}-rpath ${wl}$libdir'
acl_cv_hardcode_libdir_separator=
acl_cv_hardcode_minus_L=no
acl_cv_libext=a
acl_cv_libpath=LD_LIBRARY_PATH
acl_cv_path_LD=mips-linux-ld
acl_cv_prog_gnu_ld=yes
acl_cv_rpath=done
acl_cv_shlibext=so
acl_cv_shlibpath_var=LD_LIBRARY_PATH
acl_cv_wl=-Wl,
am_cv_CC_dependencies_compiler_type=none
am_cv_CXX_dependencies_compiler_type=none
am_cv_func_iconv='no, consider installing GNU libiconv'
am_cv_langinfo_codeset=yes
am_cv_lib_error_at_line=yes
am_cv_lib_iconv=no
cl_cv_prog_LN=ln
cl_cv_prog_cp='cp -p'
cl_cv_sys_endian='big endian'
gt_cv_func_gnugettext1_libc=no
gt_cv_func_gnugettext1_libintl=no
gt_cv_header_stdbool_h=yes
gt_cv_var_environ_declaration=yes
gt_cv_var_errno_declaration=yes
lt_cv_deplibs_check_method=pass_all
lt_cv_file_magic_cmd='$MAGIC_CMD'
lt_cv_file_magic_test_file='/lib/libc.so.6 /lib/libc-2.12.1.so'
lt_cv_ld_reload_flag=-r
lt_cv_objdir=.libs
lt_cv_path_LD=mips-linux-ld
lt_cv_path_LDCXX=mips-linux-ld
lt_cv_path_NM='/opt/rsdk-1.5.5-5281-EB-2.6.30-0.9.30.3-110714/bin/mips-linux-nm -B'
lt_cv_path_SED=/bin/sed
lt_cv_prog_compiler_c_o=yes
lt_cv_prog_compiler_c_o_CXX=yes
lt_cv_prog_compiler_rtti_exceptions=no
lt_cv_prog_gnu_ld=yes
lt_cv_prog_gnu_ldcxx=yes
lt_cv_sys_global_symbol_pipe='sed -n -e '\''s/^.*[ 	]\([ABCDGISTW][ABCDGISTW]*\)[ 	][ 	]*\(\)\([_A-Za-z][_A-Za-z0-9]*\)$/\1 \2\3 \3/p'\'''
lt_cv_sys_global_symbol_to_c_name_address='sed -n -e '\''s/^: \([^ ]*\) $/  {\"\1\", (lt_ptr) 0},/p'\'' -e '\''s/^[BCDEGRST] \([^ ]*\) \([^ ]*\)$/  {"\2", (lt_ptr) \&\2},/p'\'''
lt_cv_sys_global_symbol_to_cdecl='sed -n -e '\''s/^. .* \(.*\)$/extern int \1;/p'\'''
lt_cv_sys_max_cmd_len=
lt_lt_cv_prog_compiler_c_o='"yes"'
lt_lt_cv_prog_compiler_c_o_CXX='"yes"'
lt_lt_cv_sys_global_symbol_pipe='"sed -n -e '\''s/^.*[ 	]\\([ABCDGISTW][ABCDGISTW]*\\)[ 	][ 	]*\\(\\)\\([_A-Za-z][_A-Za-z0-9]*\\)\$/\\1 \\2\\3 \\3/p'\''"'
lt_lt_cv_sys_global_symbol_to_c_name_address='"sed -n -e '\''s/^: \\([^ ]*\\) \$/  {\\\"\\1\\\", (lt_ptr) 0},/p'\'' -e '\''s/^[BCDEGRST] \\([^ ]*\\) \\([^ ]*\\)\$/  {\"\\2\", (lt_ptr) \\&\\2},/p'\''"'
lt_lt_cv_sys_global_symbol_to_cdecl='"sed -n -e '\''s/^. .* \\(.*\\)\$/extern int \\1;/p'\''"'

## ----------------- ##
## Output variables. ##
## ----------------- ##

ACLOCAL='${SHELL} /home/jack_tsai/DIR850LWW_GPL/progs.gpl/libiconv/libiconv-1.9.1/autoconf/missing --run aclocal-1.7'
ALLOCA=''
ALLOCA_H='alloca.h'
AMDEPBACKSLASH='\'
AMDEP_FALSE='#'
AMDEP_TRUE=''
AMTAR='${SHELL} /home/jack_tsai/DIR850LWW_GPL/progs.gpl/libiconv/libiconv-1.9.1/autoconf/missing --run tar'
AR='mips-linux-ar'
AS='mips-linux-as'
AUTOCONF='${SHELL} /home/jack_tsai/DIR850LWW_GPL/progs.gpl/libiconv/libiconv-1.9.1/autoconf/missing --run autoconf'
AUTOHEADER='${SHELL} /home/jack_tsai/DIR850LWW_GPL/progs.gpl/libiconv/libiconv-1.9.1/autoconf/missing --run autoheader'
AUTOMAKE='${SHELL} /home/jack_tsai/DIR850LWW_GPL/progs.gpl/libiconv/libiconv-1.9.1/autoconf/missing --run automake-1.7'
AWK='gawk'
CC='mips-linux-gcc'
CCDEPMODE='depmode=none'
CFLAGS='-Os -Wall -D__UCLIBC_HAS_MMU__ -D__UCLIBC_ -D__BIG_ENDIAN_BITFIELD -DCONFIG_CPU_BIG_ENDIAN -Os -Wall -D__UCLIBC_HAS_MMU__ -D__UCLIBC_ -D__BIG_ENDIAN_BITFIELD -DCONFIG_CPU_BIG_ENDIAN'
CP='cp -p'
CPP='mips-linux-gcc -E'
CPPFLAGS=''
CXX='mips-linux-g++'
CXXCPP='mips-linux-g++ -E'
CXXDEPMODE='depmode=none'
CXXFLAGS='-g -O2'
CYGPATH_W='echo'
DEFS='-DHAVE_CONFIG_H'
DEPDIR='.deps'
DLLTOOL='dlltool'
ECHO='echo'
ECHO_C=''
ECHO_N='-n'
ECHO_T=''
EGREP='grep -E'
EILSEQ=''
EXEEXT=''
F77=''
FFLAGS=''
GCC='yes'
GMSGFMT='/usr/bin/msgfmt'
HAVE__BOOL=''
ICONV_CONST='const'
INSTALL_DATA='${INSTALL} -m 644'
INSTALL_PROGRAM='${INSTALL}'
INSTALL_SCRIPT='${INSTALL}'
INSTALL_STRIP_PROGRAM='${SHELL} $(install_sh) -c -s'
INTLLIBS=''
LDFLAGS=''
LIBICONV=''
LIBINTL=''
LIBOBJS=''
LIBS=''
LIBTOOL='$(SHELL) $(top_builddir)/libtool'
LN='ln'
LN_S='ln -s'
LTLIBICONV=''
LTLIBINTL=''
LTLIBOBJS=''
MAKEINFO='${SHELL} /home/jack_tsai/DIR850LWW_GPL/progs.gpl/libiconv/libiconv-1.9.1/autoconf/missing --run makeinfo'
MKINSTALLDIRS='$(top_builddir)/autoconf/mkinstalldirs'
MSGFMT='/usr/bin/msgfmt'
MSGMERGE='/usr/bin/msgmerge'
OBJDUMP='objdump'
OBJEXT='o'
OS='linux'
PACKAGE='libiconv'
PACKAGE_BUGREPORT=''
PACKAGE_NAME=''
PACKAGE_STRING=''
PACKAGE_TARNAME=''
PACKAGE_VERSION=''
PATH_SEPARATOR=':'
PLUGLIB='libiconv_plug.so'
POSUB=''
RANLIB='mips-linux-ranlib'
RELOCATABLE='no'
RELOCATABLE_VIA_LD_FALSE=''
RELOCATABLE_VIA_LD_TRUE='#'
SET_MAKE=''
SET_RELOCATABLE=''
SHELL='/bin/sh'
STDBOOL_H=''
STRIP='mips-linux-strip'
USE_EXTRA_ENCODINGS='no'
USE_NLS='no'
VERSION='1.9'
XGETTEXT='/usr/bin/xgettext'
ac_ct_AR=''
ac_ct_AS=''
ac_ct_CC=''
ac_ct_CXX=''
ac_ct_DLLTOOL=''
ac_ct_F77=''
ac_ct_OBJDUMP=''
ac_ct_RANLIB=''
ac_ct_STRIP=''
am__fastdepCC_FALSE=''
am__fastdepCC_TRUE='#'
am__fastdepCXX_FALSE=''
am__fastdepCXX_TRUE='#'
am__include='include'
am__leading_dot='.'
am__quote=''
bindir='${exec_prefix}/bin'
build='i686-pc-linux-gnu'
build_alias=''
build_cpu='i686'
build_os='linux-gnu'
build_vendor='pc'
datadir='${prefix}/share'
exec_prefix='${prefix}'
host='mips-unknown-linux-gnu'
host_alias='mips-linux'
host_cpu='mips'
host_os='linux-gnu'
host_vendor='unknown'
includedir='${prefix}/include'
infodir='${prefix}/info'
install_sh='/home/jack_tsai/DIR850LWW_GPL/progs.gpl/libiconv/libiconv-1.9.1/autoconf/install-sh'
libdir='${exec_prefix}/lib'
libexecdir='${exec_prefix}/libexec'
localstatedir='${prefix}/var'
mandir='${datadir}/man'
oldincludedir='/usr/include'
prefix='/home/jack_tsai/DIR850LWW_GPL/rootfs'
program_transform_name='s,x,x,'
sbindir='${exec_prefix}/sbin'
sharedstatedir='${prefix}/com'
subdirs=' libcharset'
sysconfdir='${prefix}/etc'
target_alias=''

## ----------- ##
## confdefs.h. ##
## ----------- ##

#define HAVE_ALLOCA 1
#define HAVE_ALLOCA_H 1
#define HAVE_CANONICALIZE_FILE_NAME 1
#define HAVE_DECL_CLEARERR_UNLOCKED 1
#define HAVE_DECL_FEOF_UNLOCKED 1
#define HAVE_DECL_FERROR_UNLOCKED 1
#define HAVE_DECL_FFLUSH_UNLOCKED 1
#define HAVE_DECL_FGETS_UNLOCKED 1
#define HAVE_DECL_FPUTC_UNLOCKED 1
#define HAVE_DECL_FPUTS_UNLOCKED 1
#define HAVE_DECL_FREAD_UNLOCKED 1
#define HAVE_DECL_FWRITE_UNLOCKED 1
#define HAVE_DECL_GETCHAR_UNLOCKED 1
#define HAVE_DECL_GETC_UNLOCKED 1
#define HAVE_DECL_PUTCHAR_UNLOCKED 1
#define HAVE_DECL_PUTC_UNLOCKED 1
#define HAVE_DLFCN_H 1
#define HAVE_ENVIRON_DECL 1
#define HAVE_ERRNO_DECL 1
#define HAVE_ERROR_AT_LINE 1
#define HAVE_GETC_UNLOCKED 1
#define HAVE_INTTYPES_H 1
#define HAVE_LANGINFO_CODESET 1
#define HAVE_LIMITS_H 1
#define HAVE_LOCALE_H 1
#define HAVE_MBRTOWC 1
#define HAVE_MBSINIT 1
#define HAVE_MEMMOVE 1
#define HAVE_MEMORY_H 1
#define HAVE_SEARCH_H 1
#define HAVE_SETENV 1
#define HAVE_SETLOCALE 1
#define HAVE_STDBOOL_H 1
#define HAVE_STDDEF_H 1
#define HAVE_STDINT_H 1
#define HAVE_STDLIB_H 1
#define HAVE_STDLIB_H 1
#define HAVE_STDLIB_H 1
#define HAVE_STDLIB_H 1
#define HAVE_STDLIB_H 1
#define HAVE_STRERROR 1
#define HAVE_STRINGS_H 1
#define HAVE_STRING_H 1
#define HAVE_STRING_H 1
#define HAVE_STRING_H 1
#define HAVE_STRING_H 1
#define HAVE_SYS_PARAM_H 1
#define HAVE_SYS_STAT_H 1
#define HAVE_SYS_TYPES_H 1
#define HAVE_SYS_TYPES_H 1
#define HAVE_TSEARCH 1
#define HAVE_UNISTD_H 1
#define HAVE_UNISTD_H 1
#define HAVE_UNISTD_H 1
#define HAVE_UNSETENV 1
#define HAVE_VPRINTF 1
#define HAVE_WCHAR_H 1
#define HAVE_WCRTOMB 1
#define INSTALLPREFIX "/home/jack_tsai/DIR850LWW_GPL/rootfs"
#define PACKAGE "libiconv"
#define PACKAGE_BUGREPORT ""
#define PACKAGE_NAME ""
#define PACKAGE_STRING ""
#define PACKAGE_TARNAME ""
#define PACKAGE_VERSION ""
#define STDC_HEADERS 1
#define STDC_HEADERS 1
#define VERSION "1.9"
#define _GNU_SOURCE 1
#endif
#ifdef __cplusplus
#include <stdlib.h>

configure: exit 0
